13:27:09 **** Incremental Build of configuration Debug for project testing ****
make all 
make: Nothing to be done for `all'.
13:27:23 **** Incremental Build of configuration Debug for project testing ****
make all 
make: Nothing to be done for `all'.
13:27:25 **** Incremental Build of configuration Debug for project testing ****
make all 
make: Nothing to be done for `all'.
13:31:15 **** Incremental Build of configuration Debug for project testing ****
make all 
Building file: ../src/testing.cpp
Invoking: GCC C++ Compiler
g++ --std=c++1z -O0 -g3 -Wall -c -fmessage-length=0 -MMD -MP -MF"src/testing.d" -MT"src/testing.o" -o "src/testing.o" "../src/testing.cpp"
../src/testing.cpp:41:25: warning: unqualified call to 'std::move' [-Wunqualified-std-cast-call]
        animalVector.push_back(move(cat));
                               ^
                               std::
../src/testing.cpp:42:25: warning: unqualified call to 'std::move' [-Wunqualified-std-cast-call]
        animalVector.push_back(move(dog));
                               ^
                               std::
../src/testing.cpp:43:25: warning: unqualified call to 'std::move' [-Wunqualified-std-cast-call]
        animalVector.push_back(move(turtle));
                               ^
                               std::
3 warnings generated.
Finished building: ../src/testing.cpp
 
Building target: testing
Invoking: MacOS X C++ Linker
g++  -o "testing"  ./src/testing.o   
Finished building target: testing
 
13:31:16 **** Incremental Build of configuration Debug for project testing ****
make all 
make: Nothing to be done for `all'.
13:34:20 **** Incremental Build of configuration Debug for project testing ****
make all 
Building file: ../src/testing.cpp
Invoking: GCC C++ Compiler
g++ --std=c++1z -O0 -g3 -Wall -c -fmessage-length=0 -MMD -MP -MF"src/testing.d" -MT"src/testing.o" -o "src/testing.o" "../src/testing.cpp"
Finished building: ../src/testing.cpp
 
Building target: testing
Invoking: MacOS X C++ Linker
g++  -o "testing"  ./src/testing.o   
Finished building target: testing
 
13:34:21 **** Incremental Build of configuration Debug for project testing ****
make all 
make: Nothing to be done for `all'.
13:40:54 **** Incremental Build of configuration Debug for project testing ****
make all 
Building file: ../src/testing.cpp
Invoking: GCC C++ Compiler
g++ --std=c++1z -O0 -g3 -Wall -c -fmessage-length=0 -MMD -MP -MF"src/testing.d" -MT"src/testing.o" -o "src/testing.o" "../src/testing.cpp"
Finished building: ../src/testing.cpp
 
Building target: testing
Invoking: MacOS X C++ Linker
g++  -o "testing"  ./src/testing.o   
Finished building target: testing
 
13:40:55 **** Incremental Build of configuration Debug for project testing ****
make all 
make: Nothing to be done for `all'.
13:44:18 **** Incremental Build of configuration Debug for project testing ****
make all 
Building file: ../src/testing.cpp
Invoking: GCC C++ Compiler
g++ --std=c++1z -O0 -g3 -Wall -c -fmessage-length=0 -MMD -MP -MF"src/testing.d" -MT"src/testing.o" -o "src/testing.o" "../src/testing.cpp"
Finished building: ../src/testing.cpp
 
Building target: testing
Invoking: MacOS X C++ Linker
g++  -o "testing"  ./src/testing.o   
Finished building target: testing
 
13:44:18 **** Incremental Build of configuration Debug for project testing ****
make all 
make: Nothing to be done for `all'.
14:03:45 **** Incremental Build of configuration Debug for project testing ****
make all 
Building file: ../src/testing.cpp
Invoking: GCC C++ Compiler
g++ --std=c++1z -O0 -g3 -Wall -c -fmessage-length=0 -MMD -MP -MF"src/testing.d" -MT"src/testing.o" -o "src/testing.o" "../src/testing.cpp"
Finished building: ../src/testing.cpp
 
Building target: testing
Invoking: MacOS X C++ Linker
g++  -o "testing"  ./src/testing.o   
Finished building target: testing
 
14:03:46 **** Incremental Build of configuration Debug for project testing ****
make all 
make: Nothing to be done for `all'.
14:05:07 **** Incremental Build of configuration Debug for project testing ****
make all 
Building file: ../src/testing.cpp
Invoking: GCC C++ Compiler
g++ --std=c++1z -O0 -g3 -Wall -c -fmessage-length=0 -MMD -MP -MF"src/testing.d" -MT"src/testing.o" -o "src/testing.o" "../src/testing.cpp"
Finished building: ../src/testing.cpp
 
Building target: testing
Invoking: MacOS X C++ Linker
g++  -o "testing"  ./src/testing.o   
Finished building target: testing
 
14:05:08 **** Incremental Build of configuration Debug for project testing ****
make all 
make: Nothing to be done for `all'.
14:05:48 **** Incremental Build of configuration Debug for project testing ****
make all 
Building file: ../src/testing.cpp
Invoking: GCC C++ Compiler
g++ --std=c++1z -O0 -g3 -Wall -c -fmessage-length=0 -MMD -MP -MF"src/testing.d" -MT"src/testing.o" -o "src/testing.o" "../src/testing.cpp"
Finished building: ../src/testing.cpp
 
Building target: testing
Invoking: MacOS X C++ Linker
g++  -o "testing"  ./src/testing.o   
Finished building target: testing
 
14:05:49 **** Incremental Build of configuration Debug for project testing ****
make all 
make: Nothing to be done for `all'.
14:07:58 **** Incremental Build of configuration Debug for project testing ****
make all 
Building file: ../src/testing.cpp
Invoking: GCC C++ Compiler
g++ --std=c++1z -O0 -g3 -Wall -c -fmessage-length=0 -MMD -MP -MF"src/testing.d" -MT"src/testing.o" -o "src/testing.o" "../src/testing.cpp"
Finished building: ../src/testing.cpp
 
Building target: testing
Invoking: MacOS X C++ Linker
g++  -o "testing"  ./src/testing.o   
Finished building target: testing
 
14:07:59 **** Incremental Build of configuration Debug for project testing ****
make all 
make: Nothing to be done for `all'.
14:08:27 **** Incremental Build of configuration Debug for project testing ****
make all 
Building file: ../src/testing.cpp
Invoking: GCC C++ Compiler
g++ --std=c++1z -O0 -g3 -Wall -c -fmessage-length=0 -MMD -MP -MF"src/testing.d" -MT"src/testing.o" -o "src/testing.o" "../src/testing.cpp"
Finished building: ../src/testing.cpp
 
Building target: testing
Invoking: MacOS X C++ Linker
g++  -o "testing"  ./src/testing.o   
Finished building target: testing
 
14:08:27 **** Incremental Build of configuration Debug for project testing ****
make all 
make: Nothing to be done for `all'.
14:08:35 **** Incremental Build of configuration Debug for project testing ****
make all 
Building file: ../src/testing.cpp
Invoking: GCC C++ Compiler
g++ --std=c++1z -O0 -g3 -Wall -c -fmessage-length=0 -MMD -MP -MF"src/testing.d" -MT"src/testing.o" -o "src/testing.o" "../src/testing.cpp"
Finished building: ../src/testing.cpp
 
Building target: testing
Invoking: MacOS X C++ Linker
g++  -o "testing"  ./src/testing.o   
Finished building target: testing
 
14:08:35 **** Incremental Build of configuration Debug for project testing ****
make all 
make: Nothing to be done for `all'.
14:08:52 **** Incremental Build of configuration Debug for project testing ****
make all 
Building file: ../src/testing.cpp
Invoking: GCC C++ Compiler
g++ --std=c++1z -O0 -g3 -Wall -c -fmessage-length=0 -MMD -MP -MF"src/testing.d" -MT"src/testing.o" -o "src/testing.o" "../src/testing.cpp"
Finished building: ../src/testing.cpp
 
Building target: testing
Invoking: MacOS X C++ Linker
g++  -o "testing"  ./src/testing.o   
Finished building target: testing
 
14:08:53 **** Incremental Build of configuration Debug for project testing ****
make all 
make: Nothing to be done for `all'.
18:29:41 **** Clean-only build of configuration Debug for project testing ****
make clean 
rm -rf ./src/testing.d ./src/testing.o
rm -rf testing
 
18:29:41 **** Build of configuration Debug for project testing ****
make all 
Building file: ../src/testing.cpp
Invoking: GCC C++ Compiler
g++ --std=c++1z -O0 -g3 -Wall -c -fmessage-length=0 -MMD -MP -MF"src/testing.d" -MT"src/testing.o" -o "src/testing.o" "../src/testing.cpp"
Finished building: ../src/testing.cpp
 
Building target: testing
Invoking: MacOS X C++ Linker
g++  -o "testing"  ./src/testing.o   
Finished building target: testing
 
18:29:42 **** Incremental Build of configuration Debug for project testing ****
make all 
make: Nothing to be done for `all'.
18:30:17 **** Build of configuration Debug for project c-training ****
make all 
Building file: ../src/c-training.c
Invoking: GCC C Compiler
gcc -O0 -g3 -Wall -c -fmessage-length=0 -MMD -MP -MF"src/c-training.d" -MT"src/c-training.o" -o "src/c-training.o" "../src/c-training.c"
Finished building: ../src/c-training.c
 
Building target: c-training
Invoking: MacOS X C Linker
gcc  -o "c-training"  ./src/c-training.o   
Finished building target: c-training
 
18:30:18 **** Incremental Build of configuration Debug for project c-training ****
make all 
make: Nothing to be done for `all'.
18:30:40 **** Incremental Build of configuration Debug for project c-training ****
make all 
make: Nothing to be done for `all'.
18:30:41 **** Incremental Build of configuration Debug for project c-training ****
make all 
make: Nothing to be done for `all'.
18:37:18 **** Incremental Build of configuration Debug for project c-training ****
make all 
Building file: ../src/c-training.c
Invoking: GCC C Compiler
gcc -O0 -g3 -Wall -c -fmessage-length=0 -MMD -MP -MF"src/c-training.d" -MT"src/c-training.o" -o "src/c-training.o" "../src/c-training.c"
../src/c-training.c:20:11: error: expected '(' after 'while'
    while a!=0
          ^
1 error generated.
make: *** [src/c-training.o] Error 1
"make all" terminated with exit code 2. Build might be incomplete.
18:38:13 **** Incremental Build of configuration Debug for project c-training ****
make all 
Building file: ../src/c-training.c
Invoking: GCC C Compiler
gcc -O0 -g3 -Wall -c -fmessage-length=0 -MMD -MP -MF"src/c-training.d" -MT"src/c-training.o" -o "src/c-training.o" "../src/c-training.c"
../src/c-training.c:21:9: warning: variable 'querSum' is uninitialized when used here [-Wuninitialized]
        querSum += a%10;
        ^~~~~~~
../src/c-training.c:18:16: note: initialize the variable 'querSum' to silence this warning
    int querSum;
               ^
                = 0
1 warning generated.
Finished building: ../src/c-training.c
 
Building target: c-training
Invoking: MacOS X C Linker
gcc  -o "c-training"  ./src/c-training.o   
Finished building target: c-training
 
18:38:15 **** Incremental Build of configuration Debug for project c-training ****
make all 
make: Nothing to be done for `all'.
18:39:02 **** Incremental Build of configuration Debug for project c-training ****
make all 
Building file: ../src/c-training.c
Invoking: GCC C Compiler
gcc -O0 -g3 -Wall -c -fmessage-length=0 -MMD -MP -MF"src/c-training.d" -MT"src/c-training.o" -o "src/c-training.o" "../src/c-training.c"
../src/c-training.c:23:32: warning: format specifies type 'unsigned long long' but the argument has type 'int' [-Wformat]
        printf("%querSum: %d", querSum);
                ~~~            ^~~~~~~
                %d
../src/c-training.c:23:28: warning: more '%' conversions than data arguments [-Wformat-insufficient-args]
        printf("%querSum: %d", querSum);
                          ~^
../src/c-training.c:21:9: warning: variable 'querSum' is uninitialized when used here [-Wuninitialized]
        querSum += a%10;
        ^~~~~~~
../src/c-training.c:18:16: note: initialize the variable 'querSum' to silence this warning
    int querSum;
               ^
                = 0
3 warnings generated.
Finished building: ../src/c-training.c
 
Building target: c-training
Invoking: MacOS X C Linker
gcc  -o "c-training"  ./src/c-training.o   
Finished building target: c-training
 
18:39:03 **** Incremental Build of configuration Debug for project c-training ****
make all 
make: Nothing to be done for `all'.
18:39:15 **** Incremental Build of configuration Debug for project c-training ****
make all 
Building file: ../src/c-training.c
Invoking: GCC C Compiler
gcc -O0 -g3 -Wall -c -fmessage-length=0 -MMD -MP -MF"src/c-training.d" -MT"src/c-training.o" -o "src/c-training.o" "../src/c-training.c"
../src/c-training.c:23:34: warning: format specifies type 'unsigned long long' but the argument has type 'int' [-Wformat]
        printf("%querSum: %d\n", querSum);
                ~~~              ^~~~~~~
                %d
../src/c-training.c:23:28: warning: more '%' conversions than data arguments [-Wformat-insufficient-args]
        printf("%querSum: %d\n", querSum);
                          ~^
../src/c-training.c:21:9: warning: variable 'querSum' is uninitialized when used here [-Wuninitialized]
        querSum += a%10;
        ^~~~~~~
../src/c-training.c:18:16: note: initialize the variable 'querSum' to silence this warning
    int querSum;
               ^
                = 0
3 warnings generated.
Finished building: ../src/c-training.c
 
Building target: c-training
Invoking: MacOS X C Linker
gcc  -o "c-training"  ./src/c-training.o   
Finished building target: c-training
 
18:39:16 **** Incremental Build of configuration Debug for project c-training ****
make all 
make: Nothing to be done for `all'.
18:39:28 **** Incremental Build of configuration Debug for project c-training ****
make all 
Building file: ../src/c-training.c
Invoking: GCC C Compiler
gcc -O0 -g3 -Wall -c -fmessage-length=0 -MMD -MP -MF"src/c-training.d" -MT"src/c-training.o" -o "src/c-training.o" "../src/c-training.c"
../src/c-training.c:21:9: warning: variable 'querSum' is uninitialized when used here [-Wuninitialized]
        querSum += a%10;
        ^~~~~~~
../src/c-training.c:18:16: note: initialize the variable 'querSum' to silence this warning
    int querSum;
               ^
                = 0
1 warning generated.
Finished building: ../src/c-training.c
 
Building target: c-training
Invoking: MacOS X C Linker
gcc  -o "c-training"  ./src/c-training.o   
Finished building target: c-training
 
18:39:29 **** Incremental Build of configuration Debug for project c-training ****
make all 
make: Nothing to be done for `all'.
18:39:38 **** Incremental Build of configuration Debug for project c-training ****
make all 
Building file: ../src/c-training.c
Invoking: GCC C Compiler
gcc -O0 -g3 -Wall -c -fmessage-length=0 -MMD -MP -MF"src/c-training.d" -MT"src/c-training.o" -o "src/c-training.o" "../src/c-training.c"
../src/c-training.c:21:9: warning: variable 'querSum' is uninitialized when used here [-Wuninitialized]
        querSum += a%10;
        ^~~~~~~
../src/c-training.c:18:16: note: initialize the variable 'querSum' to silence this warning
    int querSum;
               ^
                = 0
1 warning generated.
Finished building: ../src/c-training.c
 
Building target: c-training
Invoking: MacOS X C Linker
gcc  -o "c-training"  ./src/c-training.o   
Finished building target: c-training
 
18:39:44 **** Incremental Build of configuration Debug for project c-training ****
make all 
make: Nothing to be done for `all'.
18:39:44 **** Incremental Build of configuration Debug for project c-training ****
make all 
make: Nothing to be done for `all'.
18:39:56 **** Incremental Build of configuration Debug for project c-training ****
make all 
Building file: ../src/c-training.c
Invoking: GCC C Compiler
gcc -O0 -g3 -Wall -c -fmessage-length=0 -MMD -MP -MF"src/c-training.d" -MT"src/c-training.o" -o "src/c-training.o" "../src/c-training.c"
../src/c-training.c:21:9: warning: variable 'querSum' is uninitialized when used here [-Wuninitialized]
        querSum += a%10;
        ^~~~~~~
../src/c-training.c:18:16: note: initialize the variable 'querSum' to silence this warning
    int querSum;
               ^
                = 0
1 warning generated.
Finished building: ../src/c-training.c
 
Building target: c-training
Invoking: MacOS X C Linker
gcc  -o "c-training"  ./src/c-training.o   
Finished building target: c-training
 
18:39:57 **** Incremental Build of configuration Debug for project c-training ****
make all 
make: Nothing to be done for `all'.
18:40:17 **** Incremental Build of configuration Debug for project c-training ****
make all 
Building file: ../src/c-training.c
Invoking: GCC C Compiler
gcc -O0 -g3 -Wall -c -fmessage-length=0 -MMD -MP -MF"src/c-training.d" -MT"src/c-training.o" -o "src/c-training.o" "../src/c-training.c"
../src/c-training.c:21:30: warning: variable 'querSum' is uninitialized when used here [-Wuninitialized]
        printf("querSum: %d\t", querSum);
                                ^~~~~~~
../src/c-training.c:18:16: note: initialize the variable 'querSum' to silence this warning
    int querSum;
               ^
                = 0
1 warning generated.
Finished building: ../src/c-training.c
 
Building target: c-training
Invoking: MacOS X C Linker
gcc  -o "c-training"  ./src/c-training.o   
Finished building target: c-training
 
18:40:18 **** Incremental Build of configuration Debug for project c-training ****
make all 
make: Nothing to be done for `all'.
18:42:05 **** Incremental Build of configuration Debug for project c-training ****
make all 
Building file: ../src/c-training.c
Invoking: GCC C Compiler
gcc -O0 -g3 -Wall -c -fmessage-length=0 -MMD -MP -MF"src/c-training.d" -MT"src/c-training.o" -o "src/c-training.o" "../src/c-training.c"
Finished building: ../src/c-training.c
 
Building target: c-training
Invoking: MacOS X C Linker
gcc  -o "c-training"  ./src/c-training.o   
Finished building target: c-training
 
18:42:06 **** Incremental Build of configuration Debug for project c-training ****
make all 
make: Nothing to be done for `all'.
18:42:14 **** Incremental Build of configuration Debug for project c-training ****
make all 
Building file: ../src/c-training.c
Invoking: GCC C Compiler
gcc -O0 -g3 -Wall -c -fmessage-length=0 -MMD -MP -MF"src/c-training.d" -MT"src/c-training.o" -o "src/c-training.o" "../src/c-training.c"
../src/c-training.c:21:30: warning: variable 'querSum' is uninitialized when used here [-Wuninitialized]
        printf("querSum: %d\t", querSum);
                                ^~~~~~~
../src/c-training.c:18:16: note: initialize the variable 'querSum' to silence this warning
    int querSum;
               ^
                = 0
1 warning generated.
Finished building: ../src/c-training.c
 
Building target: c-training
Invoking: MacOS X C Linker
gcc  -o "c-training"  ./src/c-training.o   
Finished building target: c-training
 
18:42:14 **** Incremental Build of configuration Debug for project c-training ****
make all 
make: Nothing to be done for `all'.
18:42:19 **** Incremental Build of configuration Debug for project c-training ****
make all 
Building file: ../src/c-training.c
Invoking: GCC C Compiler
gcc -O0 -g3 -Wall -c -fmessage-length=0 -MMD -MP -MF"src/c-training.d" -MT"src/c-training.o" -o "src/c-training.o" "../src/c-training.c"
Finished building: ../src/c-training.c
 
Building target: c-training
Invoking: MacOS X C Linker
gcc  -o "c-training"  ./src/c-training.o   
Finished building target: c-training
 
18:42:19 **** Incremental Build of configuration Debug for project c-training ****
make all 
make: Nothing to be done for `all'.
18:42:26 **** Incremental Build of configuration Debug for project c-training ****
make all 
Building file: ../src/c-training.c
Invoking: GCC C Compiler
gcc -O0 -g3 -Wall -c -fmessage-length=0 -MMD -MP -MF"src/c-training.d" -MT"src/c-training.o" -o "src/c-training.o" "../src/c-training.c"
Finished building: ../src/c-training.c
 
Building target: c-training
Invoking: MacOS X C Linker
gcc  -o "c-training"  ./src/c-training.o   
Finished building target: c-training
 
18:42:26 **** Incremental Build of configuration Debug for project c-training ****
make all 
make: Nothing to be done for `all'.
18:43:19 **** Incremental Build of configuration Debug for project c-training ****
make all 
Building file: ../src/c-training.c
Invoking: GCC C Compiler
gcc -O0 -g3 -Wall -c -fmessage-length=0 -MMD -MP -MF"src/c-training.d" -MT"src/c-training.o" -o "src/c-training.o" "../src/c-training.c"
Finished building: ../src/c-training.c
 
Building target: c-training
Invoking: MacOS X C Linker
gcc  -o "c-training"  ./src/c-training.o   
Finished building target: c-training
 
18:43:20 **** Incremental Build of configuration Debug for project c-training ****
make all 
make: Nothing to be done for `all'.
18:43:47 **** Incremental Build of configuration Debug for project c-training ****
make all 
Building file: ../src/c-training.c
Invoking: GCC C Compiler
gcc -O0 -g3 -Wall -c -fmessage-length=0 -MMD -MP -MF"src/c-training.d" -MT"src/c-training.o" -o "src/c-training.o" "../src/c-training.c"
../src/c-training.c:20:15: error: call to undeclared function 'length'; ISO C99 and later do not support implicit function declarations [-Wimplicit-function-declaration]
    int len = length(ZAHL);
              ^
../src/c-training.c:20:9: warning: unused variable 'len' [-Wunused-variable]
    int len = length(ZAHL);
        ^
1 warning and 1 error generated.
make: *** [src/c-training.o] Error 1
"make all" terminated with exit code 2. Build might be incomplete.
18:43:47 **** Incremental Build of configuration Debug for project c-training ****
make all 
Building file: ../src/c-training.c
Invoking: GCC C Compiler
gcc -O0 -g3 -Wall -c -fmessage-length=0 -MMD -MP -MF"src/c-training.d" -MT"src/c-training.o" -o "src/c-training.o" "../src/c-training.c"
../src/c-training.c:20:15: error: call to undeclared function 'length'; ISO C99 and later do not support implicit function declarations [-Wimplicit-function-declaration]
    int len = length(ZAHL);
              ^
../src/c-training.c:20:9: warning: unused variable 'len' [-Wunused-variable]
    int len = length(ZAHL);
        ^
1 warning and 1 error generated.
make: *** [src/c-training.o] Error 1
"make all" terminated with exit code 2. Build might be incomplete.
18:44:30 **** Incremental Build of configuration Debug for project c-training ****
make all 
Building file: ../src/c-training.c
Invoking: GCC C Compiler
gcc -O0 -g3 -Wall -c -fmessage-length=0 -MMD -MP -MF"src/c-training.d" -MT"src/c-training.o" -o "src/c-training.o" "../src/c-training.c"
Finished building: ../src/c-training.c
 
Building target: c-training
Invoking: MacOS X C Linker
gcc  -o "c-training"  ./src/c-training.o   
Finished building target: c-training
 
18:44:30 **** Incremental Build of configuration Debug for project c-training ****
make all 
make: Nothing to be done for `all'.
18:58:06 **** Incremental Build of configuration Debug for project c-training ****
make all 
Building file: ../src/c-training.c
Invoking: GCC C Compiler
gcc -O0 -g3 -Wall -c -fmessage-length=0 -MMD -MP -MF"src/c-training.d" -MT"src/c-training.o" -o "src/c-training.o" "../src/c-training.c"
../src/c-training.c:20:13: warning: variable 'i' set but not used [-Wunused-but-set-variable]
    for(int i = 0; a > 0; i++){
            ^
1 warning generated.
Finished building: ../src/c-training.c
 
Building target: c-training
Invoking: MacOS X C Linker
gcc  -o "c-training"  ./src/c-training.o   
Finished building target: c-training
 
18:58:07 **** Incremental Build of configuration Debug for project c-training ****
make all 
make: Nothing to be done for `all'.
18:58:56 **** Incremental Build of configuration Debug for project c-training ****
make all 
Building file: ../src/c-training.c
Invoking: GCC C Compiler
gcc -O0 -g3 -Wall -c -fmessage-length=0 -MMD -MP -MF"src/c-training.d" -MT"src/c-training.o" -o "src/c-training.o" "../src/c-training.c"
../src/c-training.c:19:13: warning: variable 'i' set but not used [-Wunused-but-set-variable]
    for(int i = 0; a > 0; i++){
            ^
1 warning generated.
Finished building: ../src/c-training.c
 
Building target: c-training
Invoking: MacOS X C Linker
gcc  -o "c-training"  ./src/c-training.o   
Finished building target: c-training
 
18:58:56 **** Incremental Build of configuration Debug for project c-training ****
make all 
make: Nothing to be done for `all'.
08:53:38 **** Incremental Build of configuration Debug for project c-training ****
make all 
Building file: ../src/aufgaben.c
Invoking: GCC C Compiler
gcc -O0 -g3 -Wall -c -fmessage-length=0 -MMD -MP -MF"src/aufgaben.d" -MT"src/aufgaben.o" -o "src/aufgaben.o" "../src/aufgaben.c"
Finished building: ../src/aufgaben.c
 
Building target: c-training
Invoking: MacOS X C Linker
gcc  -o "c-training"  ./src/aufgaben.o   
Finished building target: c-training
 
08:53:41 **** Incremental Build of configuration Debug for project c-training ****
make all 
Building file: ../src/aufgabe2-n-b.c
Invoking: GCC C Compiler
gcc -O0 -g3 -Wall -c -fmessage-length=0 -MMD -MP -MF"src/aufgabe2-n-b.d" -MT"src/aufgabe2-n-b.o" -o "src/aufgabe2-n-b.o" "../src/aufgabe2-n-b.c"
Finished building: ../src/aufgabe2-n-b.c
 
Building file: ../src/aufgaben.c
Invoking: GCC C Compiler
gcc -O0 -g3 -Wall -c -fmessage-length=0 -MMD -MP -MF"src/aufgaben.d" -MT"src/aufgaben.o" -o "src/aufgaben.o" "../src/aufgaben.c"
Finished building: ../src/aufgaben.c
 
Building target: c-training
Invoking: MacOS X C Linker
gcc  -o "c-training"  ./src/aufgabe2-n-b.o ./src/aufgaben.o   
duplicate symbol '_main' in:
    ./src/aufgabe2-n-b.o
    ./src/aufgaben.o
ld: 1 duplicate symbol for architecture arm64
clang: error: linker command failed with exit code 1 (use -v to see invocation)
make: *** [c-training] Error 1
"make all" terminated with exit code 2. Build might be incomplete.
08:56:29 **** Incremental Build of configuration Debug for project c-training ****
make all 
Building file: ../src/aufgaben.c
Invoking: GCC C Compiler
gcc -O0 -g3 -Wall -c -fmessage-length=0 -MMD -MP -MF"src/aufgaben.d" -MT"src/aufgaben.o" -o "src/aufgaben.o" "../src/aufgaben.c"
Finished building: ../src/aufgaben.c
 
Building target: c-training
Invoking: MacOS X C Linker
gcc  -o "c-training"  ./src/aufgabe2-n-b.o ./src/aufgaben.o   
duplicate symbol '_main' in:
    ./src/aufgabe2-n-b.o
    ./src/aufgaben.o
ld: 1 duplicate symbol for architecture arm64
clang: error: linker command failed with exit code 1 (use -v to see invocation)
make: *** [c-training] Error 1
"make all" terminated with exit code 2. Build might be incomplete.
08:58:12 **** Clean-only build of configuration Debug for project testing ****
make clean 
rm -rf ./src/testing.d ./src/testing.o
rm -rf testing
 
08:58:12 **** Incremental Build of configuration Debug for project testing ****
make all 
Building file: ../src/testing.cpp
Invoking: GCC C++ Compiler
g++ --std=c++1z -O0 -g3 -Wall -c -fmessage-length=0 -MMD -MP -MF"src/testing.d" -MT"src/testing.o" -o "src/testing.o" "../src/testing.cpp"
Finished building: ../src/testing.cpp
 
Building target: testing
Invoking: MacOS X C++ Linker
g++  -o "testing"  ./src/testing.o   
Finished building target: testing
 
08:58:16 **** Incremental Build of configuration Debug for project testing ****
make all 
make: Nothing to be done for `all'.
08:58:40 **** Incremental Build of configuration Debug for project c-training ****
make all 
Building target: c-training
Invoking: MacOS X C Linker
gcc  -o "c-training"  ./src/aufgabe2-n-b.o ./src/aufgaben.o   
duplicate symbol '_main' in:
    ./src/aufgabe2-n-b.o
    ./src/aufgaben.o
ld: 1 duplicate symbol for architecture arm64
clang: error: linker command failed with exit code 1 (use -v to see invocation)
make: *** [c-training] Error 1
"make all" terminated with exit code 2. Build might be incomplete.
08:58:41 **** Incremental Build of configuration Debug for project c-training ****
make all 
Building target: c-training
Invoking: MacOS X C Linker
gcc  -o "c-training"  ./src/aufgabe2-n-b.o ./src/aufgaben.o   
duplicate symbol '_main' in:
    ./src/aufgabe2-n-b.o
    ./src/aufgaben.o
ld: 1 duplicate symbol for architecture arm64
clang: error: linker command failed with exit code 1 (use -v to see invocation)
make: *** [c-training] Error 1
"make all" terminated with exit code 2. Build might be incomplete.
08:59:13 **** Incremental Build of configuration Debug for project c-training ****
make all 
Building target: c-training
Invoking: MacOS X C Linker
gcc  -o "c-training"  ./src/aufgabe2-n-b.o ./src/aufgaben.o   
duplicate symbol '_main' in:
    ./src/aufgabe2-n-b.o
    ./src/aufgaben.o
ld: 1 duplicate symbol for architecture arm64
clang: error: linker command failed with exit code 1 (use -v to see invocation)
make: *** [c-training] Error 1
"make all" terminated with exit code 2. Build might be incomplete.
08:59:16 **** Incremental Build of configuration Debug for project c-training ****
make all 
Building target: c-training
Invoking: MacOS X C Linker
gcc  -o "c-training"  ./src/aufgabe2-n-b.o ./src/aufgaben.o   
duplicate symbol '_main' in:
    ./src/aufgabe2-n-b.o
    ./src/aufgaben.o
ld: 1 duplicate symbol for architecture arm64
clang: error: linker command failed with exit code 1 (use -v to see invocation)
make: *** [c-training] Error 1
"make all" terminated with exit code 2. Build might be incomplete.
08:59:21 **** Incremental Build of configuration Debug for project c-training ****
make all 
Building target: c-training
Invoking: MacOS X C Linker
gcc  -o "c-training"  ./src/aufgabe2-n-b.o ./src/aufgaben.o   
duplicate symbol '_main' in:
    ./src/aufgabe2-n-b.o
    ./src/aufgaben.o
ld: 1 duplicate symbol for architecture arm64
clang: error: linker command failed with exit code 1 (use -v to see invocation)
make: *** [c-training] Error 1
"make all" terminated with exit code 2. Build might be incomplete.
08:59:34 **** Incremental Build of configuration Debug for project c-training ****
make all 
Building target: c-training
Invoking: MacOS X C Linker
gcc  -o "c-training"  ./src/aufgabe2-n-b.o ./src/aufgaben.o   
duplicate symbol '_main' in:
    ./src/aufgabe2-n-b.o
    ./src/aufgaben.o
ld: 1 duplicate symbol for architecture arm64
clang: error: linker command failed with exit code 1 (use -v to see invocation)
make: *** [c-training] Error 1
"make all" terminated with exit code 2. Build might be incomplete.
08:59:34 **** Incremental Build of configuration Debug for project c-training ****
make all 
Building target: c-training
Invoking: MacOS X C Linker
gcc  -o "c-training"  ./src/aufgabe2-n-b.o ./src/aufgaben.o   
duplicate symbol '_main' in:
    ./src/aufgabe2-n-b.o
    ./src/aufgaben.o
ld: 1 duplicate symbol for architecture arm64
clang: error: linker command failed with exit code 1 (use -v to see invocation)
make: *** [c-training] Error 1
"make all" terminated with exit code 2. Build might be incomplete.
09:00:30 **** Incremental Build of configuration Debug for project c-training ****
make all 
Building file: ../src/aufgabe2-n-b.c
Invoking: GCC C Compiler
gcc -O0 -g3 -Wall -c -fmessage-length=0 -MMD -MP -MF"src/aufgabe2-n-b.d" -MT"src/aufgabe2-n-b.o" -o "src/aufgabe2-n-b.o" "../src/aufgabe2-n-b.c"
Finished building: ../src/aufgabe2-n-b.c
 
Building target: c-training
Invoking: MacOS X C Linker
gcc  -o "c-training"  ./src/aufgabe2-n-b.o ./src/aufgaben.o   
duplicate symbol '_main' in:
    ./src/aufgabe2-n-b.o
    ./src/aufgaben.o
ld: 1 duplicate symbol for architecture arm64
clang: error: linker command failed with exit code 1 (use -v to see invocation)
make: *** [c-training] Error 1
"make all" terminated with exit code 2. Build might be incomplete.
09:00:31 **** Incremental Build of configuration Debug for project c-training ****
make all 
Building target: c-training
Invoking: MacOS X C Linker
gcc  -o "c-training"  ./src/aufgabe2-n-b.o ./src/aufgaben.o   
duplicate symbol '_main' in:
    ./src/aufgabe2-n-b.o
    ./src/aufgaben.o
ld: 1 duplicate symbol for architecture arm64
clang: error: linker command failed with exit code 1 (use -v to see invocation)
make: *** [c-training] Error 1
"make all" terminated with exit code 2. Build might be incomplete.
09:00:31 **** Incremental Build of configuration Debug for project c-training ****
make all 
Building target: c-training
Invoking: MacOS X C Linker
gcc  -o "c-training"  ./src/aufgabe2-n-b.o ./src/aufgaben.o   
duplicate symbol '_main' in:
    ./src/aufgabe2-n-b.o
    ./src/aufgaben.o
ld: 1 duplicate symbol for architecture arm64
clang: error: linker command failed with exit code 1 (use -v to see invocation)
make: *** [c-training] Error 1
"make all" terminated with exit code 2. Build might be incomplete.
09:00:41 **** Incremental Build of configuration Debug for project c-training ****
make all 
Building target: c-training
Invoking: MacOS X C Linker
gcc  -o "c-training"  ./src/aufgabe2-n-b.o ./src/aufgaben.o   
duplicate symbol '_main' in:
    ./src/aufgabe2-n-b.o
    ./src/aufgaben.o
ld: 1 duplicate symbol for architecture arm64
clang: error: linker command failed with exit code 1 (use -v to see invocation)
make: *** [c-training] Error 1
"make all" terminated with exit code 2. Build might be incomplete.
09:01:51 **** Incremental Build of configuration Debug for project c-training ****
make all 
Building file: ../src/aufgaben.c
Invoking: GCC C Compiler
gcc -O0 -g3 -Wall -c -fmessage-length=0 -MMD -MP -MF"src/aufgaben.d" -MT"src/aufgaben.o" -o "src/aufgaben.o" "../src/aufgaben.c"
Finished building: ../src/aufgaben.c
 
Building target: c-training
Invoking: MacOS X C Linker
gcc  -o "c-training"  ./src/aufgaben.o   
Finished building target: c-training
 
09:01:54 **** Incremental Build of configuration Debug for project c-training ****
make all 
make: Nothing to be done for `all'.
09:02:11 **** Incremental Build of configuration Debug for project c-training ****
make all 
make: Nothing to be done for `all'.
09:02:11 **** Incremental Build of configuration Debug for project c-training ****
make all 
make: Nothing to be done for `all'.
09:11:39 **** Incremental Build of configuration Debug for project c-training ****
make all 
Building file: ../src/aufgaben.c
Invoking: GCC C Compiler
gcc -O0 -g3 -Wall -c -fmessage-length=0 -MMD -MP -MF"src/aufgaben.d" -MT"src/aufgaben.o" -o "src/aufgaben.o" "../src/aufgaben.c"
../src/aufgaben.c:15:26: warning: data argument not used by format string [-Wformat-extra-args]
        printf("l, l, l, l, l", d0, d1, d2, d3, d4);
               ~~~~~~~~~~~~~~~  ^
../src/aufgaben.c:6:6: warning: unused variable 'i0' [-Wunused-variable]
        int i0, i1, i2, i3, i4;
            ^
../src/aufgaben.c:6:10: warning: unused variable 'i1' [-Wunused-variable]
        int i0, i1, i2, i3, i4;
                ^
../src/aufgaben.c:6:14: warning: unused variable 'i2' [-Wunused-variable]
        int i0, i1, i2, i3, i4;
                    ^
../src/aufgaben.c:6:18: warning: unused variable 'i3' [-Wunused-variable]
        int i0, i1, i2, i3, i4;
                        ^
../src/aufgaben.c:6:22: warning: unused variable 'i4' [-Wunused-variable]
        int i0, i1, i2, i3, i4;
                            ^
6 warnings generated.
Finished building: ../src/aufgaben.c
 
Building target: c-training
Invoking: MacOS X C Linker
gcc  -o "c-training"  ./src/aufgaben.o   
Finished building target: c-training
 
09:11:40 **** Incremental Build of configuration Debug for project c-training ****
make all 
make: Nothing to be done for `all'.
09:11:55 **** Incremental Build of configuration Debug for project c-training ****
make all 
Building file: ../src/aufgaben.c
Invoking: GCC C Compiler
gcc -O0 -g3 -Wall -c -fmessage-length=0 -MMD -MP -MF"src/aufgaben.d" -MT"src/aufgaben.o" -o "src/aufgaben.o" "../src/aufgaben.c"
../src/aufgaben.c:15:12: warning: invalid conversion specifier ',' [-Wformat-invalid-specifier]
        printf("%l, %l, %l, %l, %l", d0, d1, d2, d3, d4);
                ~~^
../src/aufgaben.c:15:16: warning: invalid conversion specifier ',' [-Wformat-invalid-specifier]
        printf("%l, %l, %l, %l, %l", d0, d1, d2, d3, d4);
                    ~~^
../src/aufgaben.c:15:20: warning: invalid conversion specifier ',' [-Wformat-invalid-specifier]
        printf("%l, %l, %l, %l, %l", d0, d1, d2, d3, d4);
                        ~~^
../src/aufgaben.c:15:24: warning: invalid conversion specifier ',' [-Wformat-invalid-specifier]
        printf("%l, %l, %l, %l, %l", d0, d1, d2, d3, d4);
                            ~~^
../src/aufgaben.c:15:26: warning: incomplete format specifier [-Wformat]
        printf("%l, %l, %l, %l, %l", d0, d1, d2, d3, d4);
                                ^~
../src/aufgaben.c:6:6: warning: unused variable 'i0' [-Wunused-variable]
        int i0, i1, i2, i3, i4;
            ^
../src/aufgaben.c:6:10: warning: unused variable 'i1' [-Wunused-variable]
        int i0, i1, i2, i3, i4;
                ^
../src/aufgaben.c:6:14: warning: unused variable 'i2' [-Wunused-variable]
        int i0, i1, i2, i3, i4;
                    ^
../src/aufgaben.c:6:18: warning: unused variable 'i3' [-Wunused-variable]
        int i0, i1, i2, i3, i4;
                        ^
../src/aufgaben.c:6:22: warning: unused variable 'i4' [-Wunused-variable]
        int i0, i1, i2, i3, i4;
                            ^
10 warnings generated.
Finished building: ../src/aufgaben.c
 
Building target: c-training
Invoking: MacOS X C Linker
gcc  -o "c-training"  ./src/aufgaben.o   
Finished building target: c-training
 
09:11:56 **** Incremental Build of configuration Debug for project c-training ****
make all 
make: Nothing to be done for `all'.
09:12:04 **** Incremental Build of configuration Debug for project c-training ****
make all 
Building file: ../src/aufgaben.c
Invoking: GCC C Compiler
gcc -O0 -g3 -Wall -c -fmessage-length=0 -MMD -MP -MF"src/aufgaben.d" -MT"src/aufgaben.o" -o "src/aufgaben.o" "../src/aufgaben.c"
../src/aufgaben.c:15:31: warning: format specifies type 'int' but the argument has type 'double' [-Wformat]
        printf("%d, %l, %l, %l, %l", d0, d1, d2, d3, d4);
                ~~                   ^~
                %f
../src/aufgaben.c:15:16: warning: invalid conversion specifier ',' [-Wformat-invalid-specifier]
        printf("%d, %l, %l, %l, %l", d0, d1, d2, d3, d4);
                    ~~^
../src/aufgaben.c:15:20: warning: invalid conversion specifier ',' [-Wformat-invalid-specifier]
        printf("%d, %l, %l, %l, %l", d0, d1, d2, d3, d4);
                        ~~^
../src/aufgaben.c:15:24: warning: invalid conversion specifier ',' [-Wformat-invalid-specifier]
        printf("%d, %l, %l, %l, %l", d0, d1, d2, d3, d4);
                            ~~^
../src/aufgaben.c:15:26: warning: incomplete format specifier [-Wformat]
        printf("%d, %l, %l, %l, %l", d0, d1, d2, d3, d4);
                                ^~
../src/aufgaben.c:6:6: warning: unused variable 'i0' [-Wunused-variable]
        int i0, i1, i2, i3, i4;
            ^
../src/aufgaben.c:6:10: warning: unused variable 'i1' [-Wunused-variable]
        int i0, i1, i2, i3, i4;
                ^
../src/aufgaben.c:6:14: warning: unused variable 'i2' [-Wunused-variable]
        int i0, i1, i2, i3, i4;
                    ^
../src/aufgaben.c:6:18: warning: unused variable 'i3' [-Wunused-variable]
        int i0, i1, i2, i3, i4;
                        ^
../src/aufgaben.c:6:22: warning: unused variable 'i4' [-Wunused-variable]
        int i0, i1, i2, i3, i4;
                            ^
10 warnings generated.
Finished building: ../src/aufgaben.c
 
Building target: c-training
Invoking: MacOS X C Linker
gcc  -o "c-training"  ./src/aufgaben.o   
Finished building target: c-training
 
09:12:05 **** Incremental Build of configuration Debug for project c-training ****
make all 
make: Nothing to be done for `all'.
09:12:15 **** Incremental Build of configuration Debug for project c-training ****
make all 
Building file: ../src/aufgaben.c
Invoking: GCC C Compiler
gcc -O0 -g3 -Wall -c -fmessage-length=0 -MMD -MP -MF"src/aufgaben.d" -MT"src/aufgaben.o" -o "src/aufgaben.o" "../src/aufgaben.c"
../src/aufgaben.c:6:6: warning: unused variable 'i0' [-Wunused-variable]
        int i0, i1, i2, i3, i4;
            ^
../src/aufgaben.c:6:10: warning: unused variable 'i1' [-Wunused-variable]
        int i0, i1, i2, i3, i4;
                ^
../src/aufgaben.c:6:14: warning: unused variable 'i2' [-Wunused-variable]
        int i0, i1, i2, i3, i4;
                    ^
../src/aufgaben.c:6:18: warning: unused variable 'i3' [-Wunused-variable]
        int i0, i1, i2, i3, i4;
                        ^
../src/aufgaben.c:6:22: warning: unused variable 'i4' [-Wunused-variable]
        int i0, i1, i2, i3, i4;
                            ^
5 warnings generated.
Finished building: ../src/aufgaben.c
 
Building target: c-training
Invoking: MacOS X C Linker
gcc  -o "c-training"  ./src/aufgaben.o   
Finished building target: c-training
 
09:12:16 **** Incremental Build of configuration Debug for project c-training ****
make all 
make: Nothing to be done for `all'.
09:14:24 **** Incremental Build of configuration Debug for project c-training ****
make all 
Building file: ../src/aufgaben.c
Invoking: GCC C Compiler
gcc -O0 -g3 -Wall -c -fmessage-length=0 -MMD -MP -MF"src/aufgaben.d" -MT"src/aufgaben.o" -o "src/aufgaben.o" "../src/aufgaben.c"
../src/aufgaben.c:22:31: warning: format specifies type 'double' but the argument has type 'int' [-Wformat]
        printf("%f, %f ,%f, %f ,%f", i0, i1, i2, i3, i4);
                ~~                   ^~
                %d
../src/aufgaben.c:22:35: warning: format specifies type 'double' but the argument has type 'int' [-Wformat]
        printf("%f, %f ,%f, %f ,%f", i0, i1, i2, i3, i4);
                    ~~                   ^~
                    %d
../src/aufgaben.c:22:39: warning: format specifies type 'double' but the argument has type 'int' [-Wformat]
        printf("%f, %f ,%f, %f ,%f", i0, i1, i2, i3, i4);
                        ~~                   ^~
                        %d
../src/aufgaben.c:22:43: warning: format specifies type 'double' but the argument has type 'int' [-Wformat]
        printf("%f, %f ,%f, %f ,%f", i0, i1, i2, i3, i4);
                            ~~                   ^~
                            %d
../src/aufgaben.c:22:47: warning: format specifies type 'double' but the argument has type 'int' [-Wformat]
        printf("%f, %f ,%f, %f ,%f", i0, i1, i2, i3, i4);
                                ~~                   ^~
                                %d
5 warnings generated.
Finished building: ../src/aufgaben.c
 
Building target: c-training
Invoking: MacOS X C Linker
gcc  -o "c-training"  ./src/aufgaben.o   
Finished building target: c-training
 
09:14:25 **** Incremental Build of configuration Debug for project c-training ****
make all 
make: Nothing to be done for `all'.
09:14:31 **** Incremental Build of configuration Debug for project c-training ****
make all 
Building file: ../src/aufgaben.c
Invoking: GCC C Compiler
gcc -O0 -g3 -Wall -c -fmessage-length=0 -MMD -MP -MF"src/aufgaben.d" -MT"src/aufgaben.o" -o "src/aufgaben.o" "../src/aufgaben.c"
../src/aufgaben.c:22:31: warning: format specifies type 'double' but the argument has type 'int' [-Wformat]
        printf("%f, %f ,%f, %f ,%f", i0, i1, i2, i3, i4);
                ~~                   ^~
                %d
../src/aufgaben.c:22:35: warning: format specifies type 'double' but the argument has type 'int' [-Wformat]
        printf("%f, %f ,%f, %f ,%f", i0, i1, i2, i3, i4);
                    ~~                   ^~
                    %d
../src/aufgaben.c:22:39: warning: format specifies type 'double' but the argument has type 'int' [-Wformat]
        printf("%f, %f ,%f, %f ,%f", i0, i1, i2, i3, i4);
                        ~~                   ^~
                        %d
../src/aufgaben.c:22:43: warning: format specifies type 'double' but the argument has type 'int' [-Wformat]
        printf("%f, %f ,%f, %f ,%f", i0, i1, i2, i3, i4);
                            ~~                   ^~
                            %d
../src/aufgaben.c:22:47: warning: format specifies type 'double' but the argument has type 'int' [-Wformat]
        printf("%f, %f ,%f, %f ,%f", i0, i1, i2, i3, i4);
                                ~~                   ^~
                                %d
5 warnings generated.
Finished building: ../src/aufgaben.c
 
Building target: c-training
Invoking: MacOS X C Linker
gcc  -o "c-training"  ./src/aufgaben.o   
Finished building target: c-training
 
09:14:31 **** Incremental Build of configuration Debug for project c-training ****
make all 
make: Nothing to be done for `all'.
09:15:06 **** Incremental Build of configuration Debug for project c-training ****
make all 
Building file: ../src/aufgaben.c
Invoking: GCC C Compiler
gcc -O0 -g3 -Wall -c -fmessage-length=0 -MMD -MP -MF"src/aufgaben.d" -MT"src/aufgaben.o" -o "src/aufgaben.o" "../src/aufgaben.c"
../src/aufgaben.c:22:31: warning: format specifies type 'double' but the argument has type 'int' [-Wformat]
        printf("%f, %f ,%f, %f ,%f", i0, i1, i2, i3, i4);
                ~~                   ^~
                %d
../src/aufgaben.c:22:35: warning: format specifies type 'double' but the argument has type 'int' [-Wformat]
        printf("%f, %f ,%f, %f ,%f", i0, i1, i2, i3, i4);
                    ~~                   ^~
                    %d
../src/aufgaben.c:22:39: warning: format specifies type 'double' but the argument has type 'int' [-Wformat]
        printf("%f, %f ,%f, %f ,%f", i0, i1, i2, i3, i4);
                        ~~                   ^~
                        %d
../src/aufgaben.c:22:43: warning: format specifies type 'double' but the argument has type 'int' [-Wformat]
        printf("%f, %f ,%f, %f ,%f", i0, i1, i2, i3, i4);
                            ~~                   ^~
                            %d
../src/aufgaben.c:22:47: warning: format specifies type 'double' but the argument has type 'int' [-Wformat]
        printf("%f, %f ,%f, %f ,%f", i0, i1, i2, i3, i4);
                                ~~                   ^~
                                %d
5 warnings generated.
Finished building: ../src/aufgaben.c
 
Building target: c-training
Invoking: MacOS X C Linker
gcc  -o "c-training"  ./src/aufgaben.o   
Finished building target: c-training
 
09:15:06 **** Incremental Build of configuration Debug for project c-training ****
make all 
make: Nothing to be done for `all'.
09:15:18 **** Incremental Build of configuration Debug for project c-training ****
make all 
Building file: ../src/aufgaben.c
Invoking: GCC C Compiler
gcc -O0 -g3 -Wall -c -fmessage-length=0 -MMD -MP -MF"src/aufgaben.d" -MT"src/aufgaben.o" -o "src/aufgaben.o" "../src/aufgaben.c"
../src/aufgaben.c:22:31: warning: format specifies type 'double' but the argument has type 'int' [-Wformat]
        printf("%f, %f ,%f, %f ,%f", i0, i1, i2, i3, i4);
                ~~                   ^~
                %d
../src/aufgaben.c:22:35: warning: format specifies type 'double' but the argument has type 'int' [-Wformat]
        printf("%f, %f ,%f, %f ,%f", i0, i1, i2, i3, i4);
                    ~~                   ^~
                    %d
../src/aufgaben.c:22:39: warning: format specifies type 'double' but the argument has type 'int' [-Wformat]
        printf("%f, %f ,%f, %f ,%f", i0, i1, i2, i3, i4);
                        ~~                   ^~
                        %d
../src/aufgaben.c:22:43: warning: format specifies type 'double' but the argument has type 'int' [-Wformat]
        printf("%f, %f ,%f, %f ,%f", i0, i1, i2, i3, i4);
                            ~~                   ^~
                            %d
../src/aufgaben.c:22:47: warning: format specifies type 'double' but the argument has type 'int' [-Wformat]
        printf("%f, %f ,%f, %f ,%f", i0, i1, i2, i3, i4);
                                ~~                   ^~
                                %d
5 warnings generated.
Finished building: ../src/aufgaben.c
 
Building target: c-training
Invoking: MacOS X C Linker
gcc  -o "c-training"  ./src/aufgaben.o   
Finished building target: c-training
 
09:15:19 **** Incremental Build of configuration Debug for project c-training ****
make all 
make: Nothing to be done for `all'.
09:15:37 **** Incremental Build of configuration Debug for project c-training ****
make all 
Building file: ../src/aufgaben.c
Invoking: GCC C Compiler
gcc -O0 -g3 -Wall -c -fmessage-length=0 -MMD -MP -MF"src/aufgaben.d" -MT"src/aufgaben.o" -o "src/aufgaben.o" "../src/aufgaben.c"
Finished building: ../src/aufgaben.c
 
Building target: c-training
Invoking: MacOS X C Linker
gcc  -o "c-training"  ./src/aufgaben.o   
Finished building target: c-training
 
09:15:38 **** Incremental Build of configuration Debug for project c-training ****
make all 
make: Nothing to be done for `all'.
09:32:34 **** Incremental Build of configuration Debug for project c-training ****
make all 
Building file: ../src/aufgaben.c
Invoking: GCC C Compiler
gcc -O0 -g3 -Wall -c -fmessage-length=0 -MMD -MP -MF"src/aufgaben.d" -MT"src/aufgaben.o" -o "src/aufgaben.o" "../src/aufgaben.c"
../src/aufgaben.c:19:11: error: expected expression
        i4 = 5*8%;
                 ^
1 error generated.
make: *** [src/aufgaben.o] Error 1
"make all" terminated with exit code 2. Build might be incomplete.
09:32:41 **** Incremental Build of configuration Debug for project c-training ****
make all 
Building file: ../src/aufgaben.c
Invoking: GCC C Compiler
gcc -O0 -g3 -Wall -c -fmessage-length=0 -MMD -MP -MF"src/aufgaben.d" -MT"src/aufgaben.o" -o "src/aufgaben.o" "../src/aufgaben.c"
Finished building: ../src/aufgaben.c
 
Building target: c-training
Invoking: MacOS X C Linker
gcc  -o "c-training"  ./src/aufgaben.o   
Finished building target: c-training
 
09:32:42 **** Incremental Build of configuration Debug for project c-training ****
make all 
make: Nothing to be done for `all'.
09:32:47 **** Incremental Build of configuration Debug for project c-training ****
make all 
Building file: ../src/aufgaben.c
Invoking: GCC C Compiler
gcc -O0 -g3 -Wall -c -fmessage-length=0 -MMD -MP -MF"src/aufgaben.d" -MT"src/aufgaben.o" -o "src/aufgaben.o" "../src/aufgaben.c"
Finished building: ../src/aufgaben.c
 
Building target: c-training
Invoking: MacOS X C Linker
gcc  -o "c-training"  ./src/aufgaben.o   
Finished building target: c-training
 
09:32:47 **** Incremental Build of configuration Debug for project c-training ****
make all 
make: Nothing to be done for `all'.
09:33:09 **** Incremental Build of configuration Debug for project c-training ****
make all 
Building file: ../src/aufgaben.c
Invoking: GCC C Compiler
gcc -O0 -g3 -Wall -c -fmessage-length=0 -MMD -MP -MF"src/aufgaben.d" -MT"src/aufgaben.o" -o "src/aufgaben.o" "../src/aufgaben.c"
Finished building: ../src/aufgaben.c
 
Building target: c-training
Invoking: MacOS X C Linker
gcc  -o "c-training"  ./src/aufgaben.o   
Finished building target: c-training
 
09:33:10 **** Incremental Build of configuration Debug for project c-training ****
make all 
make: Nothing to be done for `all'.
09:33:25 **** Incremental Build of configuration Debug for project c-training ****
make all 
Building file: ../src/aufgaben.c
Invoking: GCC C Compiler
gcc -O0 -g3 -Wall -c -fmessage-length=0 -MMD -MP -MF"src/aufgaben.d" -MT"src/aufgaben.o" -o "src/aufgaben.o" "../src/aufgaben.c"
Finished building: ../src/aufgaben.c
 
Building target: c-training
Invoking: MacOS X C Linker
gcc  -o "c-training"  ./src/aufgaben.o   
Finished building target: c-training
 
09:33:25 **** Incremental Build of configuration Debug for project c-training ****
make all 
make: Nothing to be done for `all'.
09:33:44 **** Incremental Build of configuration Debug for project c-training ****
make all 
Building file: ../src/aufgaben.c
Invoking: GCC C Compiler
gcc -O0 -g3 -Wall -c -fmessage-length=0 -MMD -MP -MF"src/aufgaben.d" -MT"src/aufgaben.o" -o "src/aufgaben.o" "../src/aufgaben.c"
Finished building: ../src/aufgaben.c
 
Building target: c-training
Invoking: MacOS X C Linker
gcc  -o "c-training"  ./src/aufgaben.o   
Finished building target: c-training
 
09:33:45 **** Incremental Build of configuration Debug for project c-training ****
make all 
make: Nothing to be done for `all'.
09:40:32 **** Incremental Build of configuration Debug for project c-training ****
make all 
Building file: ../src/aufgaben.c
Invoking: GCC C Compiler
gcc -O0 -g3 -Wall -c -fmessage-length=0 -MMD -MP -MF"src/aufgaben.d" -MT"src/aufgaben.o" -o "src/aufgaben.o" "../src/aufgaben.c"
../src/aufgaben.c:7:17: warning: empty character constant [-Winvalid-pp-token]
        char gesucht = '';
                       ^
../src/aufgaben.c:7:17: error: expected expression
../src/aufgaben.c:11:64: warning: format specifies type 'double' but the argument has type 'int' [-Wformat]
                printf("Versuch % - Geben Sie einen Kleinbuchstaben ein:\n", i+1);
                                ~~~~~                                        ^~~
                                %- d
../src/aufgaben.c:12:14: warning: more '%' conversions than data arguments [-Wformat-insufficient-args]
                if(scanf("%c") == GESUCHTER_BUCHSTABE){
                          ~^
3 warnings and 1 error generated.
make: *** [src/aufgaben.o] Error 1
"make all" terminated with exit code 2. Build might be incomplete.
09:41:00 **** Incremental Build of configuration Debug for project c-training ****
make all 
Building file: ../src/aufgaben.c
Invoking: GCC C Compiler
gcc -O0 -g3 -Wall -c -fmessage-length=0 -MMD -MP -MF"src/aufgaben.d" -MT"src/aufgaben.o" -o "src/aufgaben.o" "../src/aufgaben.c"
../src/aufgaben.c:7:17: warning: empty character constant [-Winvalid-pp-token]
        char gesucht = '';
                       ^
../src/aufgaben.c:7:17: error: expected expression
../src/aufgaben.c:11:64: warning: format specifies type 'double' but the argument has type 'int' [-Wformat]
                printf("Versuch % - Geben Sie einen Kleinbuchstaben ein:\n", i+1);
                                ~~~~~                                        ^~~
                                %- d
../src/aufgaben.c:12:14: warning: more '%' conversions than data arguments [-Wformat-insufficient-args]
                if(scanf("%c") == GESUCHTER_BUCHSTABE){
                          ~^
3 warnings and 1 error generated.
make: *** [src/aufgaben.o] Error 1
"make all" terminated with exit code 2. Build might be incomplete.
09:41:09 **** Incremental Build of configuration Debug for project c-training ****
make all 
Building file: ../src/aufgaben.c
Invoking: GCC C Compiler
gcc -O0 -g3 -Wall -c -fmessage-length=0 -MMD -MP -MF"src/aufgaben.d" -MT"src/aufgaben.o" -o "src/aufgaben.o" "../src/aufgaben.c"
../src/aufgaben.c:11:64: warning: format specifies type 'double' but the argument has type 'int' [-Wformat]
                printf("Versuch % - Geben Sie einen Kleinbuchstaben ein:\n", i+1);
                                ~~~~~                                        ^~~
                                %- d
../src/aufgaben.c:12:14: warning: more '%' conversions than data arguments [-Wformat-insufficient-args]
                if(scanf("%c") == GESUCHTER_BUCHSTABE){
                          ~^
../src/aufgaben.c:7:7: warning: unused variable 'gesucht' [-Wunused-variable]
        char gesucht;
             ^
3 warnings generated.
Finished building: ../src/aufgaben.c
 
Building target: c-training
Invoking: MacOS X C Linker
gcc  -o "c-training"  ./src/aufgaben.o   
Finished building target: c-training
 
09:41:12 **** Incremental Build of configuration Debug for project c-training ****
make all 
make: Nothing to be done for `all'.
09:42:26 **** Incremental Build of configuration Debug for project c-training ****
make all 
Building file: ../src/aufgaben.c
Invoking: GCC C Compiler
gcc -O0 -g3 -Wall -c -fmessage-length=0 -MMD -MP -MF"src/aufgaben.d" -MT"src/aufgaben.o" -o "src/aufgaben.o" "../src/aufgaben.c"
../src/aufgaben.c:11:64: warning: format specifies type 'double' but the argument has type 'int' [-Wformat]
                printf("Versuch % - Geben Sie einen Kleinbuchstaben ein:\n", i+1);
                                ~~~~~                                        ^~~
                                %- d
../src/aufgaben.c:12:15: warning: format specifies type 'char *' but the argument has type 'int' [-Wformat]
                scanf("%c", gesucht);
                       ~~   ^~~~~~~
../src/aufgaben.c:12:15: warning: variable 'gesucht' is uninitialized when used here [-Wuninitialized]
                scanf("%c", gesucht);
                            ^~~~~~~
../src/aufgaben.c:7:14: note: initialize the variable 'gesucht' to silence this warning
        char gesucht;
                    ^
                     = '\0'
3 warnings generated.
Finished building: ../src/aufgaben.c
 
Building target: c-training
Invoking: MacOS X C Linker
gcc  -o "c-training"  ./src/aufgaben.o   
Finished building target: c-training
 
09:42:27 **** Incremental Build of configuration Debug for project c-training ****
make all 
make: Nothing to be done for `all'.
09:43:02 **** Incremental Build of configuration Debug for project c-training ****
make all 
Building file: ../src/aufgaben.c
Invoking: GCC C Compiler
gcc -O0 -g3 -Wall -c -fmessage-length=0 -MMD -MP -MF"src/aufgaben.d" -MT"src/aufgaben.o" -o "src/aufgaben.o" "../src/aufgaben.c"
../src/aufgaben.c:12:15: warning: format specifies type 'char *' but the argument has type 'int' [-Wformat]
                scanf("%c", gesucht);
                       ~~   ^~~~~~~
../src/aufgaben.c:12:15: warning: variable 'gesucht' is uninitialized when used here [-Wuninitialized]
                scanf("%c", gesucht);
                            ^~~~~~~
../src/aufgaben.c:7:14: note: initialize the variable 'gesucht' to silence this warning
        char gesucht;
                    ^
                     = '\0'
2 warnings generated.
Finished building: ../src/aufgaben.c
 
Building target: c-training
Invoking: MacOS X C Linker
gcc  -o "c-training"  ./src/aufgaben.o   
Finished building target: c-training
 
09:43:02 **** Incremental Build of configuration Debug for project c-training ****
make all 
make: Nothing to be done for `all'.
09:43:11 **** Incremental Build of configuration Debug for project c-training ****
make all 
Building file: ../src/aufgaben.c
Invoking: GCC C Compiler
gcc -O0 -g3 -Wall -c -fmessage-length=0 -MMD -MP -MF"src/aufgaben.d" -MT"src/aufgaben.o" -o "src/aufgaben.o" "../src/aufgaben.c"
../src/aufgaben.c:12:15: warning: format specifies type 'char *' but the argument has type 'int' [-Wformat]
                scanf("%c", gesucht);
                       ~~   ^~~~~~~
../src/aufgaben.c:12:15: warning: variable 'gesucht' is uninitialized when used here [-Wuninitialized]
                scanf("%c", gesucht);
                            ^~~~~~~
../src/aufgaben.c:7:14: note: initialize the variable 'gesucht' to silence this warning
        char gesucht;
                    ^
                     = '\0'
2 warnings generated.
Finished building: ../src/aufgaben.c
 
Building target: c-training
Invoking: MacOS X C Linker
gcc  -o "c-training"  ./src/aufgaben.o   
Finished building target: c-training
 
09:43:11 **** Incremental Build of configuration Debug for project c-training ****
make all 
make: Nothing to be done for `all'.
09:43:30 **** Incremental Build of configuration Debug for project c-training ****
make all 
Building file: ../src/aufgaben.c
Invoking: GCC C Compiler
gcc -O0 -g3 -Wall -c -fmessage-length=0 -MMD -MP -MF"src/aufgaben.d" -MT"src/aufgaben.o" -o "src/aufgaben.o" "../src/aufgaben.c"
Finished building: ../src/aufgaben.c
 
Building target: c-training
Invoking: MacOS X C Linker
gcc  -o "c-training"  ./src/aufgaben.o   
Finished building target: c-training
 
09:43:31 **** Incremental Build of configuration Debug for project c-training ****
make all 
make: Nothing to be done for `all'.
09:43:39 **** Incremental Build of configuration Debug for project c-training ****
make all 
Building file: ../src/aufgaben.c
Invoking: GCC C Compiler
gcc -O0 -g3 -Wall -c -fmessage-length=0 -MMD -MP -MF"src/aufgaben.d" -MT"src/aufgaben.o" -o "src/aufgaben.o" "../src/aufgaben.c"
Finished building: ../src/aufgaben.c
 
Building target: c-training
Invoking: MacOS X C Linker
gcc  -o "c-training"  ./src/aufgaben.o   
Finished building target: c-training
 
09:43:40 **** Incremental Build of configuration Debug for project c-training ****
make all 
make: Nothing to be done for `all'.
09:44:04 **** Incremental Build of configuration Debug for project c-training ****
make all 
Building file: ../src/aufgaben.c
Invoking: GCC C Compiler
gcc -O0 -g3 -Wall -c -fmessage-length=0 -MMD -MP -MF"src/aufgaben.d" -MT"src/aufgaben.o" -o "src/aufgaben.o" "../src/aufgaben.c"
../src/aufgaben.c:18:14: warning: empty character constant [-Winvalid-pp-token]
                        gesucht = '';
                                  ^
../src/aufgaben.c:18:14: error: expected expression
1 warning and 1 error generated.
make: *** [src/aufgaben.o] Error 1
"make all" terminated with exit code 2. Build might be incomplete.
09:44:04 **** Incremental Build of configuration Debug for project c-training ****
make all 
Building file: ../src/aufgaben.c
Invoking: GCC C Compiler
gcc -O0 -g3 -Wall -c -fmessage-length=0 -MMD -MP -MF"src/aufgaben.d" -MT"src/aufgaben.o" -o "src/aufgaben.o" "../src/aufgaben.c"
../src/aufgaben.c:18:14: warning: empty character constant [-Winvalid-pp-token]
                        gesucht = '';
                                  ^
../src/aufgaben.c:18:14: error: expected expression
1 warning and 1 error generated.
make: *** [src/aufgaben.o] Error 1
"make all" terminated with exit code 2. Build might be incomplete.
09:44:12 **** Incremental Build of configuration Debug for project c-training ****
make all 
Building file: ../src/aufgaben.c
Invoking: GCC C Compiler
gcc -O0 -g3 -Wall -c -fmessage-length=0 -MMD -MP -MF"src/aufgaben.d" -MT"src/aufgaben.o" -o "src/aufgaben.o" "../src/aufgaben.c"
../src/aufgaben.c:18:12: warning: incompatible pointer to integer conversion assigning to 'char' from 'char[1]' [-Wint-conversion]
                        gesucht = "";
                                ^ ~~
1 warning generated.
Finished building: ../src/aufgaben.c
 
Building target: c-training
Invoking: MacOS X C Linker
gcc  -o "c-training"  ./src/aufgaben.o   
Finished building target: c-training
 
09:44:14 **** Incremental Build of configuration Debug for project c-training ****
make all 
make: Nothing to be done for `all'.
09:45:36 **** Incremental Build of configuration Debug for project c-training ****
make all 
Building file: ../src/aufgaben.c
Invoking: GCC C Compiler
gcc -O0 -g3 -Wall -c -fmessage-length=0 -MMD -MP -MF"src/aufgaben.d" -MT"src/aufgaben.o" -o "src/aufgaben.o" "../src/aufgaben.c"
../src/aufgaben.c:13:11: warning: more '%' conversions than data arguments [-Wformat-insufficient-args]
                scanf("%c");
                       ~^
../src/aufgaben.c:19:12: warning: incompatible pointer to integer conversion assigning to 'char' from 'char[1]' [-Wint-conversion]
                        gesucht = "";
                                ^ ~~
2 warnings generated.
Finished building: ../src/aufgaben.c
 
Building target: c-training
Invoking: MacOS X C Linker
gcc  -o "c-training"  ./src/aufgaben.o   
Finished building target: c-training
 
09:45:36 **** Incremental Build of configuration Debug for project c-training ****
make all 
make: Nothing to be done for `all'.
09:46:17 **** Incremental Build of configuration Debug for project c-training ****
make all 
Building file: ../src/aufgaben.c
Invoking: GCC C Compiler
gcc -O0 -g3 -Wall -c -fmessage-length=0 -MMD -MP -MF"src/aufgaben.d" -MT"src/aufgaben.o" -o "src/aufgaben.o" "../src/aufgaben.c"
../src/aufgaben.c:12:11: warning: more '%' conversions than data arguments [-Wformat-insufficient-args]
                scanf("%c");
                       ~^
../src/aufgaben.c:19:12: warning: incompatible pointer to integer conversion assigning to 'char' from 'char[1]' [-Wint-conversion]
                        gesucht = "";
                                ^ ~~
2 warnings generated.
Finished building: ../src/aufgaben.c
 
Building target: c-training
Invoking: MacOS X C Linker
gcc  -o "c-training"  ./src/aufgaben.o   
Finished building target: c-training
 
09:46:17 **** Incremental Build of configuration Debug for project c-training ****
make all 
make: Nothing to be done for `all'.
09:50:50 **** Incremental Build of configuration Debug for project c-training ****
make all 
Building file: ../src/aufgaben.c
Invoking: GCC C Compiler
gcc -O0 -g3 -Wall -c -fmessage-length=0 -MMD -MP -MF"src/aufgaben.d" -MT"src/aufgaben.o" -o "src/aufgaben.o" "../src/aufgaben.c"
../src/aufgaben.c:18:12: warning: incompatible pointer to integer conversion assigning to 'char' from 'char[1]' [-Wint-conversion]
                        gesucht = "";
                                ^ ~~
1 warning generated.
Finished building: ../src/aufgaben.c
 
Building target: c-training
Invoking: MacOS X C Linker
gcc  -o "c-training"  ./src/aufgaben.o   
Finished building target: c-training
 
09:50:51 **** Incremental Build of configuration Debug for project c-training ****
make all 
make: Nothing to be done for `all'.
09:52:16 **** Incremental Build of configuration Debug for project c-training ****
make all 
Building file: ../src/aufgaben.c
Invoking: GCC C Compiler
gcc -O0 -g3 -Wall -c -fmessage-length=0 -MMD -MP -MF"src/aufgaben.d" -MT"src/aufgaben.o" -o "src/aufgaben.o" "../src/aufgaben.c"
Finished building: ../src/aufgaben.c
 
Building target: c-training
Invoking: MacOS X C Linker
gcc  -o "c-training"  ./src/aufgaben.o   
Finished building target: c-training
 
09:52:17 **** Incremental Build of configuration Debug for project c-training ****
make all 
make: Nothing to be done for `all'.
09:52:44 **** Incremental Build of configuration Debug for project c-training ****
make all 
Building file: ../src/aufgaben.c
Invoking: GCC C Compiler
gcc -O0 -g3 -Wall -c -fmessage-length=0 -MMD -MP -MF"src/aufgaben.d" -MT"src/aufgaben.o" -o "src/aufgaben.o" "../src/aufgaben.c"
Finished building: ../src/aufgaben.c
 
Building target: c-training
Invoking: MacOS X C Linker
gcc  -o "c-training"  ./src/aufgaben.o   
Finished building target: c-training
 
09:52:45 **** Incremental Build of configuration Debug for project c-training ****
make all 
make: Nothing to be done for `all'.
09:52:56 **** Incremental Build of configuration Debug for project c-training ****
make all 
Building file: ../src/aufgaben.c
Invoking: GCC C Compiler
gcc -O0 -g3 -Wall -c -fmessage-length=0 -MMD -MP -MF"src/aufgaben.d" -MT"src/aufgaben.o" -o "src/aufgaben.o" "../src/aufgaben.c"
Finished building: ../src/aufgaben.c
 
Building target: c-training
Invoking: MacOS X C Linker
gcc  -o "c-training"  ./src/aufgaben.o   
Finished building target: c-training
 
09:52:57 **** Incremental Build of configuration Debug for project c-training ****
make all 
make: Nothing to be done for `all'.
09:53:56 **** Incremental Build of configuration Debug for project c-training ****
make all 
Building file: ../src/aufgaben.c
Invoking: GCC C Compiler
gcc -O0 -g3 -Wall -c -fmessage-length=0 -MMD -MP -MF"src/aufgaben.d" -MT"src/aufgaben.o" -o "src/aufgaben.o" "../src/aufgaben.c"
../src/aufgaben.c:13:11: warning: more '%' conversions than data arguments [-Wformat-insufficient-args]
                scanf("%d");
                       ~^
1 warning generated.
Finished building: ../src/aufgaben.c
 
Building target: c-training
Invoking: MacOS X C Linker
gcc  -o "c-training"  ./src/aufgaben.o   
Finished building target: c-training
 
09:53:57 **** Incremental Build of configuration Debug for project c-training ****
make all 
make: Nothing to be done for `all'.
09:54:18 **** Incremental Build of configuration Debug for project c-training ****
make all 
Building file: ../src/aufgaben.c
Invoking: GCC C Compiler
gcc -O0 -g3 -Wall -c -fmessage-length=0 -MMD -MP -MF"src/aufgaben.d" -MT"src/aufgaben.o" -o "src/aufgaben.o" "../src/aufgaben.c"
../src/aufgaben.c:13:11: warning: more '%' conversions than data arguments [-Wformat-insufficient-args]
                scanf("%s");
                       ~^
1 warning generated.
Finished building: ../src/aufgaben.c
 
Building target: c-training
Invoking: MacOS X C Linker
gcc  -o "c-training"  ./src/aufgaben.o   
Finished building target: c-training
 
09:54:18 **** Incremental Build of configuration Debug for project c-training ****
make all 
make: Nothing to be done for `all'.
09:54:36 **** Incremental Build of configuration Debug for project c-training ****
make all 
Building file: ../src/aufgaben.c
Invoking: GCC C Compiler
gcc -O0 -g3 -Wall -c -fmessage-length=0 -MMD -MP -MF"src/aufgaben.d" -MT"src/aufgaben.o" -o "src/aufgaben.o" "../src/aufgaben.c"
../src/aufgaben.c:13:11: warning: more '%' conversions than data arguments [-Wformat-insufficient-args]
                scanf("%c");
                       ~^
1 warning generated.
Finished building: ../src/aufgaben.c
 
Building target: c-training
Invoking: MacOS X C Linker
gcc  -o "c-training"  ./src/aufgaben.o   
Finished building target: c-training
 
09:54:36 **** Incremental Build of configuration Debug for project c-training ****
make all 
make: Nothing to be done for `all'.
09:57:52 **** Incremental Build of configuration Debug for project c-training ****
make all 
Building file: ../src/aufgaben.c
Invoking: GCC C Compiler
gcc -O0 -g3 -Wall -c -fmessage-length=0 -MMD -MP -MF"src/aufgaben.d" -MT"src/aufgaben.o" -o "src/aufgaben.o" "../src/aufgaben.c"
Finished building: ../src/aufgaben.c
 
Building target: c-training
Invoking: MacOS X C Linker
gcc  -o "c-training"  ./src/aufgaben.o   
Finished building target: c-training
 
09:57:52 **** Incremental Build of configuration Debug for project c-training ****
make all 
make: Nothing to be done for `all'.
09:58:06 **** Incremental Build of configuration Debug for project c-training ****
make all 
Building file: ../src/aufgaben.c
Invoking: GCC C Compiler
gcc -O0 -g3 -Wall -c -fmessage-length=0 -MMD -MP -MF"src/aufgaben.d" -MT"src/aufgaben.o" -o "src/aufgaben.o" "../src/aufgaben.c"
../src/aufgaben.c:14:11: warning: more '%' conversions than data arguments [-Wformat-insufficient-args]
                scanf("%c");
                       ~^
../src/aufgaben.c:8:7: warning: unused variable 'empty' [-Wunused-variable]
        char empty;
             ^
2 warnings generated.
Finished building: ../src/aufgaben.c
 
Building target: c-training
Invoking: MacOS X C Linker
gcc  -o "c-training"  ./src/aufgaben.o   
Finished building target: c-training
 
09:58:07 **** Incremental Build of configuration Debug for project c-training ****
make all 
make: Nothing to be done for `all'.
09:58:14 **** Incremental Build of configuration Debug for project c-training ****
make all 
Building file: ../src/aufgaben.c
Invoking: GCC C Compiler
gcc -O0 -g3 -Wall -c -fmessage-length=0 -MMD -MP -MF"src/aufgaben.d" -MT"src/aufgaben.o" -o "src/aufgaben.o" "../src/aufgaben.c"
Finished building: ../src/aufgaben.c
 
Building target: c-training
Invoking: MacOS X C Linker
gcc  -o "c-training"  ./src/aufgaben.o   
Finished building target: c-training
 
09:58:15 **** Incremental Build of configuration Debug for project c-training ****
make all 
make: Nothing to be done for `all'.
09:59:31 **** Incremental Build of configuration Debug for project c-training ****
make all 
Building file: ../src/aufgaben.c
Invoking: GCC C Compiler
gcc -O0 -g3 -Wall -c -fmessage-length=0 -MMD -MP -MF"src/aufgaben.d" -MT"src/aufgaben.o" -o "src/aufgaben.o" "../src/aufgaben.c"
Finished building: ../src/aufgaben.c
 
Building target: c-training
Invoking: MacOS X C Linker
gcc  -o "c-training"  ./src/aufgaben.o   
Finished building target: c-training
 
09:59:31 **** Incremental Build of configuration Debug for project c-training ****
make all 
make: Nothing to be done for `all'.
09:59:36 **** Incremental Build of configuration Debug for project c-training ****
make all 
make: Nothing to be done for `all'.
09:59:36 **** Incremental Build of configuration Debug for project c-training ****
make all 
make: Nothing to be done for `all'.
09:59:50 **** Incremental Build of configuration Debug for project c-training ****
make all 
Building file: ../src/aufgaben.c
Invoking: GCC C Compiler
gcc -O0 -g3 -Wall -c -fmessage-length=0 -MMD -MP -MF"src/aufgaben.d" -MT"src/aufgaben.o" -o "src/aufgaben.o" "../src/aufgaben.c"
Finished building: ../src/aufgaben.c
 
Building target: c-training
Invoking: MacOS X C Linker
gcc  -o "c-training"  ./src/aufgaben.o   
Finished building target: c-training
 
09:59:50 **** Incremental Build of configuration Debug for project c-training ****
make all 
make: Nothing to be done for `all'.
09:59:58 **** Incremental Build of configuration Debug for project c-training ****
make all 
make: Nothing to be done for `all'.
09:59:58 **** Incremental Build of configuration Debug for project c-training ****
make all 
make: Nothing to be done for `all'.
10:07:34 **** Incremental Build of configuration Debug for project c-training ****
make all 
Building file: ../src/aufgaben.c
Invoking: GCC C Compiler
gcc -O0 -g3 -Wall -c -fmessage-length=0 -MMD -MP -MF"src/aufgaben.d" -MT"src/aufgaben.o" -o "src/aufgaben.o" "../src/aufgaben.c"
Finished building: ../src/aufgaben.c
 
Building target: c-training
Invoking: MacOS X C Linker
gcc  -o "c-training"  ./src/aufgaben.o   
Finished building target: c-training
 
10:07:35 **** Incremental Build of configuration Debug for project c-training ****
make all 
make: Nothing to be done for `all'.
10:14:52 **** Incremental Build of configuration Debug for project c-training ****
make all 
Building file: ../src/aufgaben.c
Invoking: GCC C Compiler
gcc -O0 -g3 -Wall -c -fmessage-length=0 -MMD -MP -MF"src/aufgaben.d" -MT"src/aufgaben.o" -o "src/aufgaben.o" "../src/aufgaben.c"
Finished building: ../src/aufgaben.c
 
Building target: c-training
Invoking: MacOS X C Linker
gcc  -o "c-training"  ./src/aufgaben.o   
Finished building target: c-training
 
10:14:53 **** Incremental Build of configuration Debug for project c-training ****
make all 
make: Nothing to be done for `all'.
10:24:40 **** Incremental Build of configuration Debug for project c-training ****
make all 
Building file: ../src/aufgaben.c
Invoking: GCC C Compiler
gcc -O0 -g3 -Wall -c -fmessage-length=0 -MMD -MP -MF"src/aufgaben.d" -MT"src/aufgaben.o" -o "src/aufgaben.o" "../src/aufgaben.c"
Finished building: ../src/aufgaben.c
 
Building target: c-training
Invoking: MacOS X C Linker
gcc  -o "c-training"  ./src/aufgaben.o   
Finished building target: c-training
 
10:24:41 **** Incremental Build of configuration Debug for project c-training ****
make all 
make: Nothing to be done for `all'.
10:25:01 **** Incremental Build of configuration Debug for project c-training ****
make all 
Building file: ../src/aufgaben.c
Invoking: GCC C Compiler
gcc -O0 -g3 -Wall -c -fmessage-length=0 -MMD -MP -MF"src/aufgaben.d" -MT"src/aufgaben.o" -o "src/aufgaben.o" "../src/aufgaben.c"
Finished building: ../src/aufgaben.c
 
Building target: c-training
Invoking: MacOS X C Linker
gcc  -o "c-training"  ./src/aufgaben.o   
Finished building target: c-training
 
10:25:02 **** Incremental Build of configuration Debug for project c-training ****
make all 
make: Nothing to be done for `all'.
10:25:17 **** Incremental Build of configuration Debug for project c-training ****
make all 
Building file: ../src/aufgaben.c
Invoking: GCC C Compiler
gcc -O0 -g3 -Wall -c -fmessage-length=0 -MMD -MP -MF"src/aufgaben.d" -MT"src/aufgaben.o" -o "src/aufgaben.o" "../src/aufgaben.c"
Finished building: ../src/aufgaben.c
 
Building target: c-training
Invoking: MacOS X C Linker
gcc  -o "c-training"  ./src/aufgaben.o   
Finished building target: c-training
 
10:25:17 **** Incremental Build of configuration Debug for project c-training ****
make all 
make: Nothing to be done for `all'.
10:39:22 **** Incremental Build of configuration Debug for project c-training ****
make all 
Building file: ../src/aufgaben.c
Invoking: GCC C Compiler
gcc -O0 -g3 -Wall -c -fmessage-length=0 -MMD -MP -MF"src/aufgaben.d" -MT"src/aufgaben.o" -o "src/aufgaben.o" "../src/aufgaben.c"
../src/aufgaben.c:14:2: error: call to undeclared function 'pritnf'; ISO C99 and later do not support implicit function declarations [-Wimplicit-function-declaration]
        pritnf("%d", i3);
        ^
../src/aufgaben.c:14:2: note: did you mean 'printf'?
/Library/Developer/CommandLineTools/SDKs/MacOSX.sdk/usr/include/stdio.h:175:6: note: 'printf' declared here
int      printf(const char * __restrict, ...) __printflike(1, 2);
         ^
../src/aufgaben.c:7:6: warning: unused variable 'i0' [-Wunused-variable]
        int i0 = 3, i1 = 5, i2 = 10, i3;
            ^
../src/aufgaben.c:7:14: warning: unused variable 'i1' [-Wunused-variable]
        int i0 = 3, i1 = 5, i2 = 10, i3;
                    ^
../src/aufgaben.c:8:9: warning: unused variable 'd0' [-Wunused-variable]
        double d0 = 3., d1 = 5., d2;
               ^
../src/aufgaben.c:8:18: warning: unused variable 'd1' [-Wunused-variable]
        double d0 = 3., d1 = 5., d2;
                        ^
../src/aufgaben.c:8:27: warning: unused variable 'd2' [-Wunused-variable]
        double d0 = 3., d1 = 5., d2;
                                 ^
5 warnings and 1 error generated.
make: *** [src/aufgaben.o] Error 1
"make all" terminated with exit code 2. Build might be incomplete.
10:39:23 **** Incremental Build of configuration Debug for project c-training ****
make all 
Building file: ../src/aufgaben.c
Invoking: GCC C Compiler
gcc -O0 -g3 -Wall -c -fmessage-length=0 -MMD -MP -MF"src/aufgaben.d" -MT"src/aufgaben.o" -o "src/aufgaben.o" "../src/aufgaben.c"
../src/aufgaben.c:14:2: error: call to undeclared function 'pritnf'; ISO C99 and later do not support implicit function declarations [-Wimplicit-function-declaration]
        pritnf("%d", i3);
        ^
../src/aufgaben.c:14:2: note: did you mean 'printf'?
/Library/Developer/CommandLineTools/SDKs/MacOSX.sdk/usr/include/stdio.h:175:6: note: 'printf' declared here
int      printf(const char * __restrict, ...) __printflike(1, 2);
         ^
../src/aufgaben.c:7:6: warning: unused variable 'i0' [-Wunused-variable]
        int i0 = 3, i1 = 5, i2 = 10, i3;
            ^
../src/aufgaben.c:7:14: warning: unused variable 'i1' [-Wunused-variable]
        int i0 = 3, i1 = 5, i2 = 10, i3;
                    ^
../src/aufgaben.c:8:9: warning: unused variable 'd0' [-Wunused-variable]
        double d0 = 3., d1 = 5., d2;
               ^
../src/aufgaben.c:8:18: warning: unused variable 'd1' [-Wunused-variable]
        double d0 = 3., d1 = 5., d2;
                        ^
../src/aufgaben.c:8:27: warning: unused variable 'd2' [-Wunused-variable]
        double d0 = 3., d1 = 5., d2;
                                 ^
5 warnings and 1 error generated.
make: *** [src/aufgaben.o] Error 1
"make all" terminated with exit code 2. Build might be incomplete.
10:39:40 **** Incremental Build of configuration Debug for project c-training ****
make all 
Building file: ../src/aufgaben.c
Invoking: GCC C Compiler
gcc -O0 -g3 -Wall -c -fmessage-length=0 -MMD -MP -MF"src/aufgaben.d" -MT"src/aufgaben.o" -o "src/aufgaben.o" "../src/aufgaben.c"
../src/aufgaben.c:7:6: warning: unused variable 'i0' [-Wunused-variable]
        int i0 = 3, i1 = 5, i2 = 10, i3;
            ^
../src/aufgaben.c:7:14: warning: unused variable 'i1' [-Wunused-variable]
        int i0 = 3, i1 = 5, i2 = 10, i3;
                    ^
../src/aufgaben.c:8:9: warning: unused variable 'd0' [-Wunused-variable]
        double d0 = 3., d1 = 5., d2;
               ^
../src/aufgaben.c:8:18: warning: unused variable 'd1' [-Wunused-variable]
        double d0 = 3., d1 = 5., d2;
                        ^
../src/aufgaben.c:8:27: warning: unused variable 'd2' [-Wunused-variable]
        double d0 = 3., d1 = 5., d2;
                                 ^
5 warnings generated.
Finished building: ../src/aufgaben.c
 
Building target: c-training
Invoking: MacOS X C Linker
gcc  -o "c-training"  ./src/aufgaben.o   
Finished building target: c-training
 
10:39:41 **** Incremental Build of configuration Debug for project c-training ****
make all 
make: Nothing to be done for `all'.
10:40:57 **** Incremental Build of configuration Debug for project c-training ****
make all 
Building file: ../src/aufgaben.c
Invoking: GCC C Compiler
gcc -O0 -g3 -Wall -c -fmessage-length=0 -MMD -MP -MF"src/aufgaben.d" -MT"src/aufgaben.o" -o "src/aufgaben.o" "../src/aufgaben.c"
../src/aufgaben.c:7:6: warning: unused variable 'i0' [-Wunused-variable]
        int i0 = 3, i1 = 5, i2 = 10, i3;
            ^
../src/aufgaben.c:7:14: warning: unused variable 'i1' [-Wunused-variable]
        int i0 = 3, i1 = 5, i2 = 10, i3;
                    ^
../src/aufgaben.c:7:22: warning: unused variable 'i2' [-Wunused-variable]
        int i0 = 3, i1 = 5, i2 = 10, i3;
                            ^
../src/aufgaben.c:8:9: warning: unused variable 'd0' [-Wunused-variable]
        double d0 = 3., d1 = 5., d2;
               ^
../src/aufgaben.c:8:18: warning: unused variable 'd1' [-Wunused-variable]
        double d0 = 3., d1 = 5., d2;
                        ^
../src/aufgaben.c:8:27: warning: unused variable 'd2' [-Wunused-variable]
        double d0 = 3., d1 = 5., d2;
                                 ^
6 warnings generated.
Finished building: ../src/aufgaben.c
 
Building target: c-training
Invoking: MacOS X C Linker
gcc  -o "c-training"  ./src/aufgaben.o   
Finished building target: c-training
 
10:40:57 **** Incremental Build of configuration Debug for project c-training ****
make all 
make: Nothing to be done for `all'.
10:41:00 **** Incremental Build of configuration Debug for project c-training ****
make all 
make: Nothing to be done for `all'.
10:41:53 **** Incremental Build of configuration Debug for project c-training ****
make all 
Building file: ../src/aufgaben.c
Invoking: GCC C Compiler
gcc -O0 -g3 -Wall -c -fmessage-length=0 -MMD -MP -MF"src/aufgaben.d" -MT"src/aufgaben.o" -o "src/aufgaben.o" "../src/aufgaben.c"
../src/aufgaben.c:7:6: warning: unused variable 'i0' [-Wunused-variable]
        int i0 = 3, i1 = 5, i2 = 10, i3;
            ^
../src/aufgaben.c:7:14: warning: unused variable 'i1' [-Wunused-variable]
        int i0 = 3, i1 = 5, i2 = 10, i3;
                    ^
../src/aufgaben.c:7:22: warning: unused variable 'i2' [-Wunused-variable]
        int i0 = 3, i1 = 5, i2 = 10, i3;
                            ^
../src/aufgaben.c:8:9: warning: unused variable 'd0' [-Wunused-variable]
        double d0 = 3., d1 = 5., d2;
               ^
../src/aufgaben.c:8:18: warning: unused variable 'd1' [-Wunused-variable]
        double d0 = 3., d1 = 5., d2;
                        ^
../src/aufgaben.c:8:27: warning: unused variable 'd2' [-Wunused-variable]
        double d0 = 3., d1 = 5., d2;
                                 ^
6 warnings generated.
Finished building: ../src/aufgaben.c
 
Building target: c-training
Invoking: MacOS X C Linker
gcc  -o "c-training"  ./src/aufgaben.o   
Finished building target: c-training
 
10:41:53 **** Incremental Build of configuration Debug for project c-training ****
make all 
make: Nothing to be done for `all'.
10:42:21 **** Incremental Build of configuration Debug for project c-training ****
make all 
Building file: ../src/aufgaben.c
Invoking: GCC C Compiler
gcc -O0 -g3 -Wall -c -fmessage-length=0 -MMD -MP -MF"src/aufgaben.d" -MT"src/aufgaben.o" -o "src/aufgaben.o" "../src/aufgaben.c"
../src/aufgaben.c:7:6: warning: unused variable 'i0' [-Wunused-variable]
        int i0 = 3, i1 = 5, i2 = 10, i3;
            ^
../src/aufgaben.c:7:14: warning: unused variable 'i1' [-Wunused-variable]
        int i0 = 3, i1 = 5, i2 = 10, i3;
                    ^
../src/aufgaben.c:7:22: warning: unused variable 'i2' [-Wunused-variable]
        int i0 = 3, i1 = 5, i2 = 10, i3;
                            ^
../src/aufgaben.c:7:31: warning: variable 'i3' set but not used [-Wunused-but-set-variable]
        int i0 = 3, i1 = 5, i2 = 10, i3;
                                     ^
4 warnings generated.
Finished building: ../src/aufgaben.c
 
Building target: c-training
Invoking: MacOS X C Linker
gcc  -o "c-training"  ./src/aufgaben.o   
Finished building target: c-training
 
10:42:21 **** Incremental Build of configuration Debug for project c-training ****
make all 
make: Nothing to be done for `all'.
10:42:46 **** Incremental Build of configuration Debug for project c-training ****
make all 
Building file: ../src/aufgaben.c
Invoking: GCC C Compiler
gcc -O0 -g3 -Wall -c -fmessage-length=0 -MMD -MP -MF"src/aufgaben.d" -MT"src/aufgaben.o" -o "src/aufgaben.o" "../src/aufgaben.c"
../src/aufgaben.c:7:14: warning: unused variable 'i1' [-Wunused-variable]
        int i0 = 3, i1 = 5, i2 = 10, i3;
                    ^
../src/aufgaben.c:7:22: warning: unused variable 'i2' [-Wunused-variable]
        int i0 = 3, i1 = 5, i2 = 10, i3;
                            ^
../src/aufgaben.c:7:31: warning: variable 'i3' set but not used [-Wunused-but-set-variable]
        int i0 = 3, i1 = 5, i2 = 10, i3;
                                     ^
3 warnings generated.
Finished building: ../src/aufgaben.c
 
Building target: c-training
Invoking: MacOS X C Linker
gcc  -o "c-training"  ./src/aufgaben.o   
Finished building target: c-training
 
10:42:47 **** Incremental Build of configuration Debug for project c-training ****
make all 
make: Nothing to be done for `all'.
10:43:03 **** Incremental Build of configuration Debug for project c-training ****
make all 
Building file: ../src/aufgaben.c
Invoking: GCC C Compiler
gcc -O0 -g3 -Wall -c -fmessage-length=0 -MMD -MP -MF"src/aufgaben.d" -MT"src/aufgaben.o" -o "src/aufgaben.o" "../src/aufgaben.c"
../src/aufgaben.c:7:6: warning: unused variable 'i0' [-Wunused-variable]
        int i0 = 3, i1 = 5, i2 = 10, i3;
            ^
../src/aufgaben.c:7:14: warning: unused variable 'i1' [-Wunused-variable]
        int i0 = 3, i1 = 5, i2 = 10, i3;
                    ^
../src/aufgaben.c:7:31: warning: variable 'i3' set but not used [-Wunused-but-set-variable]
        int i0 = 3, i1 = 5, i2 = 10, i3;
                                     ^
../src/aufgaben.c:8:18: warning: unused variable 'd1' [-Wunused-variable]
        double d0 = 3., d1 = 5., d2;
                        ^
4 warnings generated.
Finished building: ../src/aufgaben.c
 
Building target: c-training
Invoking: MacOS X C Linker
gcc  -o "c-training"  ./src/aufgaben.o   
Finished building target: c-training
 
10:43:04 **** Incremental Build of configuration Debug for project c-training ****
make all 
make: Nothing to be done for `all'.
10:43:37 **** Incremental Build of configuration Debug for project c-training ****
make all 
Building file: ../src/aufgaben.c
Invoking: GCC C Compiler
gcc -O0 -g3 -Wall -c -fmessage-length=0 -MMD -MP -MF"src/aufgaben.d" -MT"src/aufgaben.o" -o "src/aufgaben.o" "../src/aufgaben.c"
../src/aufgaben.c:7:6: warning: unused variable 'i0' [-Wunused-variable]
        int i0 = 3, i1 = 5, i2 = 10, i3;
            ^
../src/aufgaben.c:7:14: warning: unused variable 'i1' [-Wunused-variable]
        int i0 = 3, i1 = 5, i2 = 10, i3;
                    ^
../src/aufgaben.c:7:31: warning: variable 'i3' set but not used [-Wunused-but-set-variable]
        int i0 = 3, i1 = 5, i2 = 10, i3;
                                     ^
3 warnings generated.
Finished building: ../src/aufgaben.c
 
Building target: c-training
Invoking: MacOS X C Linker
gcc  -o "c-training"  ./src/aufgaben.o   
Finished building target: c-training
 
10:43:38 **** Incremental Build of configuration Debug for project c-training ****
make all 
make: Nothing to be done for `all'.
10:44:04 **** Incremental Build of configuration Debug for project c-training ****
make all 
Building file: ../src/aufgaben.c
Invoking: GCC C Compiler
gcc -O0 -g3 -Wall -c -fmessage-length=0 -MMD -MP -MF"src/aufgaben.d" -MT"src/aufgaben.o" -o "src/aufgaben.o" "../src/aufgaben.c"
../src/aufgaben.c:7:14: warning: unused variable 'i1' [-Wunused-variable]
        int i0 = 3, i1 = 5, i2 = 10, i3;
                    ^
../src/aufgaben.c:7:31: warning: variable 'i3' set but not used [-Wunused-but-set-variable]
        int i0 = 3, i1 = 5, i2 = 10, i3;
                                     ^
../src/aufgaben.c:8:9: warning: unused variable 'd0' [-Wunused-variable]
        double d0 = 3., d1 = 5., d2;
               ^
3 warnings generated.
Finished building: ../src/aufgaben.c
 
Building target: c-training
Invoking: MacOS X C Linker
gcc  -o "c-training"  ./src/aufgaben.o   
Finished building target: c-training
 
10:44:05 **** Incremental Build of configuration Debug for project c-training ****
make all 
make: Nothing to be done for `all'.
10:45:09 **** Incremental Build of configuration Debug for project c-training ****
make all 
Building file: ../src/aufgaben.c
Invoking: GCC C Compiler
gcc -O0 -g3 -Wall -c -fmessage-length=0 -MMD -MP -MF"src/aufgaben.d" -MT"src/aufgaben.o" -o "src/aufgaben.o" "../src/aufgaben.c"
../src/aufgaben.c:21:10: error: invalid operands to binary expression ('int' and 'double')
        d2 = i2 % d0;
             ~~ ^ ~~
1 error generated.
make: *** [src/aufgaben.o] Error 1
"make all" terminated with exit code 2. Build might be incomplete.
10:45:09 **** Incremental Build of configuration Debug for project c-training ****
make all 
Building file: ../src/aufgaben.c
Invoking: GCC C Compiler
gcc -O0 -g3 -Wall -c -fmessage-length=0 -MMD -MP -MF"src/aufgaben.d" -MT"src/aufgaben.o" -o "src/aufgaben.o" "../src/aufgaben.c"
../src/aufgaben.c:21:10: error: invalid operands to binary expression ('int' and 'double')
        d2 = i2 % d0;
             ~~ ^ ~~
1 error generated.
make: *** [src/aufgaben.o] Error 1
"make all" terminated with exit code 2. Build might be incomplete.
11:01:01 **** Incremental Build of configuration Debug for project c-training ****
make all 
Building file: ../src/aufgaben.c
Invoking: GCC C Compiler
gcc -O0 -g3 -Wall -c -fmessage-length=0 -MMD -MP -MF"src/aufgaben.d" -MT"src/aufgaben.o" -o "src/aufgaben.o" "../src/aufgaben.c"
Finished building: ../src/aufgaben.c
 
Building target: c-training
Invoking: MacOS X C Linker
gcc  -o "c-training"  ./src/aufgaben.o   
Finished building target: c-training
 
11:01:01 **** Incremental Build of configuration Debug for project c-training ****
make all 
make: Nothing to be done for `all'.
11:01:08 **** Incremental Build of configuration Debug for project c-training ****
make all 
Building file: ../src/aufgaben.c
Invoking: GCC C Compiler
gcc -O0 -g3 -Wall -c -fmessage-length=0 -MMD -MP -MF"src/aufgaben.d" -MT"src/aufgaben.o" -o "src/aufgaben.o" "../src/aufgaben.c"
Finished building: ../src/aufgaben.c
 
Building target: c-training
Invoking: MacOS X C Linker
gcc  -o "c-training"  ./src/aufgaben.o   
Finished building target: c-training
 
11:01:09 **** Incremental Build of configuration Debug for project c-training ****
make all 
make: Nothing to be done for `all'.
11:01:13 **** Incremental Build of configuration Debug for project c-training ****
make all 
Building file: ../src/aufgaben.c
Invoking: GCC C Compiler
gcc -O0 -g3 -Wall -c -fmessage-length=0 -MMD -MP -MF"src/aufgaben.d" -MT"src/aufgaben.o" -o "src/aufgaben.o" "../src/aufgaben.c"
Finished building: ../src/aufgaben.c
 
Building target: c-training
Invoking: MacOS X C Linker
gcc  -o "c-training"  ./src/aufgaben.o   
Finished building target: c-training
 
11:01:14 **** Incremental Build of configuration Debug for project c-training ****
make all 
make: Nothing to be done for `all'.
11:04:59 **** Incremental Build of configuration Debug for project c-training ****
make all 
Building file: ../src/aufgaben.c
Invoking: GCC C Compiler
gcc -O0 -g3 -Wall -c -fmessage-length=0 -MMD -MP -MF"src/aufgaben.d" -MT"src/aufgaben.o" -o "src/aufgaben.o" "../src/aufgaben.c"
../src/aufgaben.c:9:13: warning: variable 'i' set but not used [-Wunused-but-set-variable]
    for(int i = 0; a > 0; i++){
            ^
1 warning generated.
Finished building: ../src/aufgaben.c
 
Building target: c-training
Invoking: MacOS X C Linker
gcc  -o "c-training"  ./src/aufgaben.o   
Finished building target: c-training
 
11:04:59 **** Incremental Build of configuration Debug for project c-training ****
make all 
make: Nothing to be done for `all'.
11:27:46 **** Incremental Build of configuration Debug for project c-training ****
make all 
Building file: ../src/aufgaben.c
Invoking: GCC C Compiler
gcc -O0 -g3 -Wall -c -fmessage-length=0 -MMD -MP -MF"src/aufgaben.d" -MT"src/aufgaben.o" -o "src/aufgaben.o" "../src/aufgaben.c"
Finished building: ../src/aufgaben.c
 
Building target: c-training
Invoking: MacOS X C Linker
gcc  -o "c-training"  ./src/aufgaben.o   
Finished building target: c-training
 
11:27:47 **** Incremental Build of configuration Debug for project c-training ****
make all 
make: Nothing to be done for `all'.
11:31:38 **** Incremental Build of configuration Debug for project c-training ****
make all 
Building file: ../src/Aufgabe_2_N_d.c
Invoking: GCC C Compiler
gcc -O0 -g3 -Wall -c -fmessage-length=0 -MMD -MP -MF"src/Aufgabe_2_N_d.d" -MT"src/Aufgabe_2_N_d.o" -o "src/Aufgabe_2_N_d.o" "../src/Aufgabe_2_N_d.c"
Finished building: ../src/Aufgabe_2_N_d.c
 
Building target: c-training
Invoking: MacOS X C Linker
gcc  -o "c-training"  ./src/Aufgabe_2_N_d.o   
Finished building target: c-training
 
11:31:38 **** Incremental Build of configuration Debug for project c-training ****
make all 
make: Nothing to be done for `all'.
11:39:14 **** Incremental Build of configuration Debug for project c-training ****
make all 
Building file: ../src/Aufgabe_2_N_d.c
Invoking: GCC C Compiler
gcc -O0 -g3 -Wall -c -fmessage-length=0 -MMD -MP -MF"src/Aufgabe_2_N_d.d" -MT"src/Aufgabe_2_N_d.o" -o "src/Aufgabe_2_N_d.o" "../src/Aufgabe_2_N_d.c"
Finished building: ../src/Aufgabe_2_N_d.c
 
Building target: c-training
Invoking: MacOS X C Linker
gcc  -o "c-training"  ./src/Aufgabe_2_N_d.o   
Finished building target: c-training
 
11:39:15 **** Incremental Build of configuration Debug for project c-training ****
make all 
make: Nothing to be done for `all'.
11:42:10 **** Incremental Build of configuration Debug for project c-training ****
make all 
Building file: ../src/Aufgabe_2_N_c.c
Invoking: GCC C Compiler
gcc -O0 -g3 -Wall -c -fmessage-length=0 -MMD -MP -MF"src/Aufgabe_2_N_c.d" -MT"src/Aufgabe_2_N_c.o" -o "src/Aufgabe_2_N_c.o" "../src/Aufgabe_2_N_c.c"
../src/Aufgabe_2_N_c.c:7:13: warning: variable 'i' set but not used [-Wunused-but-set-variable]
    for(int i = 0; a > 0; i++){
            ^
../src/Aufgabe_2_N_c.c:11:5: error: call to undeclared library function 'printf' with type 'int (const char *, ...)'; ISO C99 and later do not support implicit function declarations [-Wimplicit-function-declaration]
    printf("Die Quersumme von Zahl %d ist: %d", ZAHL,querSum);
    ^
../src/Aufgabe_2_N_c.c:11:5: note: include the header <stdio.h> or explicitly provide a declaration for 'printf'
1 warning and 1 error generated.
make: *** [src/Aufgabe_2_N_c.o] Error 1
"make all" terminated with exit code 2. Build might be incomplete.
11:42:10 **** Incremental Build of configuration Debug for project c-training ****
make all 
Building file: ../src/Aufgabe_2_N_c.c
Invoking: GCC C Compiler
gcc -O0 -g3 -Wall -c -fmessage-length=0 -MMD -MP -MF"src/Aufgabe_2_N_c.d" -MT"src/Aufgabe_2_N_c.o" -o "src/Aufgabe_2_N_c.o" "../src/Aufgabe_2_N_c.c"
../src/Aufgabe_2_N_c.c:7:13: warning: variable 'i' set but not used [-Wunused-but-set-variable]
    for(int i = 0; a > 0; i++){
            ^
../src/Aufgabe_2_N_c.c:11:5: error: call to undeclared library function 'printf' with type 'int (const char *, ...)'; ISO C99 and later do not support implicit function declarations [-Wimplicit-function-declaration]
    printf("Die Quersumme von Zahl %d ist: %d", ZAHL,querSum);
    ^
../src/Aufgabe_2_N_c.c:11:5: note: include the header <stdio.h> or explicitly provide a declaration for 'printf'
1 warning and 1 error generated.
make: *** [src/Aufgabe_2_N_c.o] Error 1
"make all" terminated with exit code 2. Build might be incomplete.
11:42:14 **** Incremental Build of configuration Debug for project c-training ****
make all 
Building file: ../src/Aufgabe_2_N_c.c
Invoking: GCC C Compiler
gcc -O0 -g3 -Wall -c -fmessage-length=0 -MMD -MP -MF"src/Aufgabe_2_N_c.d" -MT"src/Aufgabe_2_N_c.o" -o "src/Aufgabe_2_N_c.o" "../src/Aufgabe_2_N_c.c"
../src/Aufgabe_2_N_c.c:7:13: warning: variable 'i' set but not used [-Wunused-but-set-variable]
    for(int i = 0; a > 0; i++){
            ^
../src/Aufgabe_2_N_c.c:11:5: error: call to undeclared library function 'printf' with type 'int (const char *, ...)'; ISO C99 and later do not support implicit function declarations [-Wimplicit-function-declaration]
    printf("Die Quersumme von Zahl %d ist: %d", ZAHL,querSum);
    ^
../src/Aufgabe_2_N_c.c:11:5: note: include the header <stdio.h> or explicitly provide a declaration for 'printf'
1 warning and 1 error generated.
make: *** [src/Aufgabe_2_N_c.o] Error 1
"make all" terminated with exit code 2. Build might be incomplete.
11:45:16 **** Incremental Build of configuration Debug for project c-training ****
make all 
Building file: ../src/Aufgabe_2_N_c.c
Invoking: GCC C Compiler
gcc -O0 -g3 -Wall -c -fmessage-length=0 -MMD -MP -MF"src/Aufgabe_2_N_c.d" -MT"src/Aufgabe_2_N_c.o" -o "src/Aufgabe_2_N_c.o" "../src/Aufgabe_2_N_c.c"
../src/Aufgabe_2_N_c.c:7:13: warning: variable 'i' set but not used [-Wunused-but-set-variable]
    for(int i = 0; a > 0; i++){
            ^
../src/Aufgabe_2_N_c.c:11:5: error: call to undeclared library function 'printf' with type 'int (const char *, ...)'; ISO C99 and later do not support implicit function declarations [-Wimplicit-function-declaration]
    printf("Die Quersumme von Zahl %d ist: %d", ZAHL,querSum);
    ^
../src/Aufgabe_2_N_c.c:11:5: note: include the header <stdio.h> or explicitly provide a declaration for 'printf'
1 warning and 1 error generated.
make: *** [src/Aufgabe_2_N_c.o] Error 1
"make all" terminated with exit code 2. Build might be incomplete.
11:45:17 **** Incremental Build of configuration Debug for project c-training ****
make all 
Building file: ../src/Aufgabe_2_N_c.c
Invoking: GCC C Compiler
gcc -O0 -g3 -Wall -c -fmessage-length=0 -MMD -MP -MF"src/Aufgabe_2_N_c.d" -MT"src/Aufgabe_2_N_c.o" -o "src/Aufgabe_2_N_c.o" "../src/Aufgabe_2_N_c.c"
../src/Aufgabe_2_N_c.c:7:13: warning: variable 'i' set but not used [-Wunused-but-set-variable]
    for(int i = 0; a > 0; i++){
            ^
../src/Aufgabe_2_N_c.c:11:5: error: call to undeclared library function 'printf' with type 'int (const char *, ...)'; ISO C99 and later do not support implicit function declarations [-Wimplicit-function-declaration]
    printf("Die Quersumme von Zahl %d ist: %d", ZAHL,querSum);
    ^
../src/Aufgabe_2_N_c.c:11:5: note: include the header <stdio.h> or explicitly provide a declaration for 'printf'
1 warning and 1 error generated.
make: *** [src/Aufgabe_2_N_c.o] Error 1
"make all" terminated with exit code 2. Build might be incomplete.
11:45:55 **** Incremental Build of configuration Debug for project c-training ****
make all 
Building file: ../src/Aufgabe_2_N_c.c
Invoking: GCC C Compiler
gcc -O0 -g3 -Wall -c -fmessage-length=0 -MMD -MP -MF"src/Aufgabe_2_N_c.d" -MT"src/Aufgabe_2_N_c.o" -o "src/Aufgabe_2_N_c.o" "../src/Aufgabe_2_N_c.c"
../src/Aufgabe_2_N_c.c:9:13: warning: variable 'i' set but not used [-Wunused-but-set-variable]
    for(int i = 0; a > 0; i++){
            ^
1 warning generated.
Finished building: ../src/Aufgabe_2_N_c.c
 
Building target: c-training
Invoking: MacOS X C Linker
gcc  -o "c-training"  ./src/Aufgabe_2_N_c.o   
Finished building target: c-training
 
11:45:56 **** Incremental Build of configuration Debug for project c-training ****
make all 
make: Nothing to be done for `all'.
11:47:40 **** Incremental Build of configuration Debug for project c-training ****
make all 
Building file: ../src/Aufgabe_2_N_b.c
Invoking: GCC C Compiler
gcc -O0 -g3 -Wall -c -fmessage-length=0 -MMD -MP -MF"src/Aufgabe_2_N_b.d" -MT"src/Aufgabe_2_N_b.o" -o "src/Aufgabe_2_N_b.o" "../src/Aufgabe_2_N_b.c"
Finished building: ../src/Aufgabe_2_N_b.c
 
Building target: c-training
Invoking: MacOS X C Linker
gcc  -o "c-training"  ./src/Aufgabe_2_N_b.o   
Finished building target: c-training
 
11:47:40 **** Incremental Build of configuration Debug for project c-training ****
make all 
make: Nothing to be done for `all'.
11:50:16 **** Incremental Build of configuration Debug for project c-training ****
make all 
Building file: ../src/Aufgabe_2_N_b.c
Invoking: GCC C Compiler
gcc -O0 -g3 -Wall -c -fmessage-length=0 -MMD -MP -MF"src/Aufgabe_2_N_b.d" -MT"src/Aufgabe_2_N_b.o" -o "src/Aufgabe_2_N_b.o" "../src/Aufgabe_2_N_b.c"
../src/Aufgabe_2_N_b.c:10:7: error: expected expression
        a << = 3;
             ^
1 error generated.
make: *** [src/Aufgabe_2_N_b.o] Error 1
"make all" terminated with exit code 2. Build might be incomplete.
11:50:17 **** Incremental Build of configuration Debug for project c-training ****
make all 
Building file: ../src/Aufgabe_2_N_b.c
Invoking: GCC C Compiler
gcc -O0 -g3 -Wall -c -fmessage-length=0 -MMD -MP -MF"src/Aufgabe_2_N_b.d" -MT"src/Aufgabe_2_N_b.o" -o "src/Aufgabe_2_N_b.o" "../src/Aufgabe_2_N_b.c"
../src/Aufgabe_2_N_b.c:10:7: error: expected expression
        a << = 3;
             ^
1 error generated.
make: *** [src/Aufgabe_2_N_b.o] Error 1
"make all" terminated with exit code 2. Build might be incomplete.
11:50:27 **** Incremental Build of configuration Debug for project c-training ****
make all 
Building file: ../src/Aufgabe_2_N_b.c
Invoking: GCC C Compiler
gcc -O0 -g3 -Wall -c -fmessage-length=0 -MMD -MP -MF"src/Aufgabe_2_N_b.d" -MT"src/Aufgabe_2_N_b.o" -o "src/Aufgabe_2_N_b.o" "../src/Aufgabe_2_N_b.c"
../src/Aufgabe_2_N_b.c:6:15: warning: unused variable 'b' [-Wunused-variable]
        unsigned int b = 8;
                     ^
../src/Aufgabe_2_N_b.c:7:14: warning: unused variable 'c' [-Wunused-variable]
        signed char c = 0;
                    ^
2 warnings generated.
Finished building: ../src/Aufgabe_2_N_b.c
 
Building target: c-training
Invoking: MacOS X C Linker
gcc  -o "c-training"  ./src/Aufgabe_2_N_b.o   
Finished building target: c-training
 
11:50:28 **** Incremental Build of configuration Debug for project c-training ****
make all 
make: Nothing to be done for `all'.
11:50:35 **** Incremental Build of configuration Debug for project c-training ****
make all 
Building file: ../src/Aufgabe_2_N_b.c
Invoking: GCC C Compiler
gcc -O0 -g3 -Wall -c -fmessage-length=0 -MMD -MP -MF"src/Aufgabe_2_N_b.d" -MT"src/Aufgabe_2_N_b.o" -o "src/Aufgabe_2_N_b.o" "../src/Aufgabe_2_N_b.c"
../src/Aufgabe_2_N_b.c:6:15: warning: unused variable 'b' [-Wunused-variable]
        unsigned int b = 8;
                     ^
../src/Aufgabe_2_N_b.c:7:14: warning: unused variable 'c' [-Wunused-variable]
        signed char c = 0;
                    ^
2 warnings generated.
Finished building: ../src/Aufgabe_2_N_b.c
 
Building target: c-training
Invoking: MacOS X C Linker
gcc  -o "c-training"  ./src/Aufgabe_2_N_b.o   
Finished building target: c-training
 
11:50:36 **** Incremental Build of configuration Debug for project c-training ****
make all 
make: Nothing to be done for `all'.
11:50:44 **** Incremental Build of configuration Debug for project c-training ****
make all 
Building file: ../src/Aufgabe_2_N_b.c
Invoking: GCC C Compiler
gcc -O0 -g3 -Wall -c -fmessage-length=0 -MMD -MP -MF"src/Aufgabe_2_N_b.d" -MT"src/Aufgabe_2_N_b.o" -o "src/Aufgabe_2_N_b.o" "../src/Aufgabe_2_N_b.c"
../src/Aufgabe_2_N_b.c:6:15: warning: unused variable 'b' [-Wunused-variable]
        unsigned int b = 8;
                     ^
../src/Aufgabe_2_N_b.c:7:14: warning: unused variable 'c' [-Wunused-variable]
        signed char c = 0;
                    ^
Finished building: ../src/Aufgabe_2_N_b.c
2 warnings generated.
 
Building target: c-training
Invoking: MacOS X C Linker
gcc  -o "c-training"  ./src/Aufgabe_2_N_b.o   
Finished building target: c-training
 
11:50:44 **** Incremental Build of configuration Debug for project c-training ****
make all 
make: Nothing to be done for `all'.
11:51:10 **** Incremental Build of configuration Debug for project c-training ****
make all 
Building file: ../src/Aufgabe_2_N_b.c
Invoking: GCC C Compiler
gcc -O0 -g3 -Wall -c -fmessage-length=0 -MMD -MP -MF"src/Aufgabe_2_N_b.d" -MT"src/Aufgabe_2_N_b.o" -o "src/Aufgabe_2_N_b.o" "../src/Aufgabe_2_N_b.c"
../src/Aufgabe_2_N_b.c:6:15: warning: unused variable 'b' [-Wunused-variable]
        unsigned int b = 8;
                     ^
../src/Aufgabe_2_N_b.c:7:14: warning: unused variable 'c' [-Wunused-variable]
        signed char c = 0;
                    ^
2 warnings generated.
Finished building: ../src/Aufgabe_2_N_b.c
 
Building target: c-training
Invoking: MacOS X C Linker
gcc  -o "c-training"  ./src/Aufgabe_2_N_b.o   
Finished building target: c-training
 
11:51:11 **** Incremental Build of configuration Debug for project c-training ****
make all 
make: Nothing to be done for `all'.
11:51:15 **** Incremental Build of configuration Debug for project c-training ****
make all 
Building file: ../src/Aufgabe_2_N_b.c
Invoking: GCC C Compiler
gcc -O0 -g3 -Wall -c -fmessage-length=0 -MMD -MP -MF"src/Aufgabe_2_N_b.d" -MT"src/Aufgabe_2_N_b.o" -o "src/Aufgabe_2_N_b.o" "../src/Aufgabe_2_N_b.c"
../src/Aufgabe_2_N_b.c:6:15: warning: unused variable 'b' [-Wunused-variable]
        unsigned int b = 8;
                     ^
../src/Aufgabe_2_N_b.c:7:14: warning: unused variable 'c' [-Wunused-variable]
        signed char c = 0;
                    ^
2 warnings generated.
Finished building: ../src/Aufgabe_2_N_b.c
 
Building target: c-training
Invoking: MacOS X C Linker
gcc  -o "c-training"  ./src/Aufgabe_2_N_b.o   
Finished building target: c-training
 
11:51:16 **** Incremental Build of configuration Debug for project c-training ****
make all 
make: Nothing to be done for `all'.
11:51:45 **** Incremental Build of configuration Debug for project c-training ****
make all 
Building file: ../src/Aufgabe_2_N_b.c
Invoking: GCC C Compiler
gcc -O0 -g3 -Wall -c -fmessage-length=0 -MMD -MP -MF"src/Aufgabe_2_N_b.d" -MT"src/Aufgabe_2_N_b.o" -o "src/Aufgabe_2_N_b.o" "../src/Aufgabe_2_N_b.c"
../src/Aufgabe_2_N_b.c:6:15: warning: unused variable 'b' [-Wunused-variable]
        unsigned int b = 8;
                     ^
../src/Aufgabe_2_N_b.c:7:14: warning: unused variable 'c' [-Wunused-variable]
        signed char c = 0;
                    ^
2 warnings generated.
Finished building: ../src/Aufgabe_2_N_b.c
 
Building target: c-training
Invoking: MacOS X C Linker
gcc  -o "c-training"  ./src/Aufgabe_2_N_b.o   
Finished building target: c-training
 
11:51:46 **** Incremental Build of configuration Debug for project c-training ****
make all 
make: Nothing to be done for `all'.
11:53:55 **** Incremental Build of configuration Debug for project c-training ****
make all 
Building file: ../src/Aufgabe_2_N_b.c
Invoking: GCC C Compiler
gcc -O0 -g3 -Wall -c -fmessage-length=0 -MMD -MP -MF"src/Aufgabe_2_N_b.d" -MT"src/Aufgabe_2_N_b.o" -o "src/Aufgabe_2_N_b.o" "../src/Aufgabe_2_N_b.c"
../src/Aufgabe_2_N_b.c:7:14: warning: unused variable 'c' [-Wunused-variable]
        signed char c = 0;
                    ^
1 warning generated.
Finished building: ../src/Aufgabe_2_N_b.c
 
Building target: c-training
Invoking: MacOS X C Linker
gcc  -o "c-training"  ./src/Aufgabe_2_N_b.o   
Finished building target: c-training
 
11:53:55 **** Incremental Build of configuration Debug for project c-training ****
make all 
make: Nothing to be done for `all'.
12:11:33 **** Incremental Build of configuration Debug for project c-training ****
make all 
Building file: ../src/Aufgabe_2_N_b.c
Invoking: GCC C Compiler
gcc -O0 -g3 -Wall -c -fmessage-length=0 -MMD -MP -MF"src/Aufgabe_2_N_b.d" -MT"src/Aufgabe_2_N_b.o" -o "src/Aufgabe_2_N_b.o" "../src/Aufgabe_2_N_b.c"
Finished building: ../src/Aufgabe_2_N_b.c
 
Building target: c-training
Invoking: MacOS X C Linker
gcc  -o "c-training"  ./src/Aufgabe_2_N_b.o   
Finished building target: c-training
 
12:11:34 **** Incremental Build of configuration Debug for project c-training ****
make all 
make: Nothing to be done for `all'.
12:11:59 **** Incremental Build of configuration Debug for project c-training ****
make all 
Building file: ../src/Aufgabe_2_N_b.c
Invoking: GCC C Compiler
gcc -O0 -g3 -Wall -c -fmessage-length=0 -MMD -MP -MF"src/Aufgabe_2_N_b.d" -MT"src/Aufgabe_2_N_b.o" -o "src/Aufgabe_2_N_b.o" "../src/Aufgabe_2_N_b.c"
Finished building: ../src/Aufgabe_2_N_b.c
 
Building target: c-training
Invoking: MacOS X C Linker
gcc  -o "c-training"  ./src/Aufgabe_2_N_b.o   
Finished building target: c-training
 
12:11:59 **** Incremental Build of configuration Debug for project c-training ****
make all 
make: Nothing to be done for `all'.
12:12:42 **** Incremental Build of configuration Debug for project c-training ****
make all 
Building file: ../src/Aufgabe_2_N_b.c
Invoking: GCC C Compiler
gcc -O0 -g3 -Wall -c -fmessage-length=0 -MMD -MP -MF"src/Aufgabe_2_N_b.d" -MT"src/Aufgabe_2_N_b.o" -o "src/Aufgabe_2_N_b.o" "../src/Aufgabe_2_N_b.c"
Finished building: ../src/Aufgabe_2_N_b.c
 
Building target: c-training
Invoking: MacOS X C Linker
gcc  -o "c-training"  ./src/Aufgabe_2_N_b.o   
Finished building target: c-training
 
12:12:43 **** Incremental Build of configuration Debug for project c-training ****
make all 
make: Nothing to be done for `all'.
12:12:53 **** Incremental Build of configuration Debug for project c-training ****
make all 
Building file: ../src/Aufgabe_2_N_b.c
Invoking: GCC C Compiler
gcc -O0 -g3 -Wall -c -fmessage-length=0 -MMD -MP -MF"src/Aufgabe_2_N_b.d" -MT"src/Aufgabe_2_N_b.o" -o "src/Aufgabe_2_N_b.o" "../src/Aufgabe_2_N_b.c"
Finished building: ../src/Aufgabe_2_N_b.c
 
Building target: c-training
Invoking: MacOS X C Linker
gcc  -o "c-training"  ./src/Aufgabe_2_N_b.o   
Finished building target: c-training
 
12:12:54 **** Incremental Build of configuration Debug for project c-training ****
make all 
make: Nothing to be done for `all'.
12:13:13 **** Incremental Build of configuration Debug for project c-training ****
make all 
Building file: ../src/Aufgabe_2_N_b.c
Invoking: GCC C Compiler
gcc -O0 -g3 -Wall -c -fmessage-length=0 -MMD -MP -MF"src/Aufgabe_2_N_b.d" -MT"src/Aufgabe_2_N_b.o" -o "src/Aufgabe_2_N_b.o" "../src/Aufgabe_2_N_b.c"
Finished building: ../src/Aufgabe_2_N_b.c
 
Building target: c-training
Invoking: MacOS X C Linker
gcc  -o "c-training"  ./src/Aufgabe_2_N_b.o   
Finished building target: c-training
 
12:13:13 **** Incremental Build of configuration Debug for project c-training ****
make all 
make: Nothing to be done for `all'.
12:29:07 **** Incremental Build of configuration Debug for project c-training ****
make all 
Building file: ../src/Aufgabe_2_N_b.c
Invoking: GCC C Compiler
gcc -O0 -g3 -Wall -c -fmessage-length=0 -MMD -MP -MF"src/Aufgabe_2_N_b.d" -MT"src/Aufgabe_2_N_b.o" -o "src/Aufgabe_2_N_b.o" "../src/Aufgabe_2_N_b.c"
Finished building: ../src/Aufgabe_2_N_b.c
 
Building target: c-training
Invoking: MacOS X C Linker
gcc  -o "c-training"  ./src/Aufgabe_2_N_b.o   
Finished building target: c-training
 
12:29:08 **** Incremental Build of configuration Debug for project c-training ****
make all 
make: Nothing to be done for `all'.
12:30:01 **** Incremental Build of configuration Debug for project c-training ****
make all 
Building file: ../src/Aufgabe_2_N_b.c
Invoking: GCC C Compiler
gcc -O0 -g3 -Wall -c -fmessage-length=0 -MMD -MP -MF"src/Aufgabe_2_N_b.d" -MT"src/Aufgabe_2_N_b.o" -o "src/Aufgabe_2_N_b.o" "../src/Aufgabe_2_N_b.c"
Finished building: ../src/Aufgabe_2_N_b.c
 
Building target: c-training
Invoking: MacOS X C Linker
gcc  -o "c-training"  ./src/Aufgabe_2_N_b.o   
Finished building target: c-training
 
12:30:01 **** Incremental Build of configuration Debug for project c-training ****
make all 
make: Nothing to be done for `all'.
12:30:47 **** Incremental Build of configuration Debug for project c-training ****
make all 
Building file: ../src/Aufgabe_2_N_b.c
Invoking: GCC C Compiler
gcc -O0 -g3 -Wall -c -fmessage-length=0 -MMD -MP -MF"src/Aufgabe_2_N_b.d" -MT"src/Aufgabe_2_N_b.o" -o "src/Aufgabe_2_N_b.o" "../src/Aufgabe_2_N_b.c"
Finished building: ../src/Aufgabe_2_N_b.c
 
Building target: c-training
Invoking: MacOS X C Linker
gcc  -o "c-training"  ./src/Aufgabe_2_N_b.o   
Finished building target: c-training
 
12:30:47 **** Incremental Build of configuration Debug for project c-training ****
make all 
make: Nothing to be done for `all'.
12:40:09 **** Incremental Build of configuration Debug for project c-training ****
make all 
Building file: ../src/Aufgabe_2_N_b.c
Invoking: GCC C Compiler
gcc -O0 -g3 -Wall -c -fmessage-length=0 -MMD -MP -MF"src/Aufgabe_2_N_b.d" -MT"src/Aufgabe_2_N_b.o" -o "src/Aufgabe_2_N_b.o" "../src/Aufgabe_2_N_b.c"
../src/Aufgabe_2_N_b.c:5:19: warning: variable 'uy' set but not used [-Wunused-but-set-variable]
        unsigned int ux, uy;
                         ^
../src/Aufgabe_2_N_b.c:6:10: warning: variable 'b' set but not used [-Wunused-but-set-variable]
        char a, b;
                ^
../src/Aufgabe_2_N_b.c:7:9: warning: variable 'y' set but not used [-Wunused-but-set-variable]
        int x, y;
               ^
3 warnings generated.
Finished building: ../src/Aufgabe_2_N_b.c
 
Building target: c-training
Invoking: MacOS X C Linker
gcc  -o "c-training"  ./src/Aufgabe_2_N_b.o   
Finished building target: c-training
 
12:40:26 **** Incremental Build of configuration Debug for project c-training ****
make all 
Building file: ../src/Aufgabe_2_N_b.c
Invoking: GCC C Compiler
gcc -O0 -g3 -Wall -c -fmessage-length=0 -MMD -MP -MF"src/Aufgabe_2_N_b.d" -MT"src/Aufgabe_2_N_b.o" -o "src/Aufgabe_2_N_b.o" "../src/Aufgabe_2_N_b.c"
../src/Aufgabe_2_N_b.c:6:10: warning: variable 'b' set but not used [-Wunused-but-set-variable]
        char a, b;
                ^
../src/Aufgabe_2_N_b.c:7:9: warning: variable 'y' set but not used [-Wunused-but-set-variable]
        int x, y;
               ^
2 warnings generated.
Finished building: ../src/Aufgabe_2_N_b.c
 
Building target: c-training
Invoking: MacOS X C Linker
gcc  -o "c-training"  ./src/Aufgabe_2_N_b.o   
Finished building target: c-training
 
12:40:27 **** Incremental Build of configuration Debug for project c-training ****
make all 
make: Nothing to be done for `all'.
12:40:48 **** Incremental Build of configuration Debug for project c-training ****
make all 
Building file: ../src/Aufgabe_2_N_b.c
Invoking: GCC C Compiler
gcc -O0 -g3 -Wall -c -fmessage-length=0 -MMD -MP -MF"src/Aufgabe_2_N_b.d" -MT"src/Aufgabe_2_N_b.o" -o "src/Aufgabe_2_N_b.o" "../src/Aufgabe_2_N_b.c"
../src/Aufgabe_2_N_b.c:6:10: warning: variable 'b' set but not used [-Wunused-but-set-variable]
        char a, b;
                ^
../src/Aufgabe_2_N_b.c:7:9: warning: variable 'y' set but not used [-Wunused-but-set-variable]
        int x, y;
               ^
2 warnings generated.
Finished building: ../src/Aufgabe_2_N_b.c
 
Building target: c-training
Invoking: MacOS X C Linker
gcc  -o "c-training"  ./src/Aufgabe_2_N_b.o   
Finished building target: c-training
 
12:40:48 **** Incremental Build of configuration Debug for project c-training ****
make all 
make: Nothing to be done for `all'.
12:40:53 **** Incremental Build of configuration Debug for project c-training ****
make all 
Building file: ../src/Aufgabe_2_N_b.c
Invoking: GCC C Compiler
gcc -O0 -g3 -Wall -c -fmessage-length=0 -MMD -MP -MF"src/Aufgabe_2_N_b.d" -MT"src/Aufgabe_2_N_b.o" -o "src/Aufgabe_2_N_b.o" "../src/Aufgabe_2_N_b.c"
../src/Aufgabe_2_N_b.c:6:10: warning: variable 'b' set but not used [-Wunused-but-set-variable]
        char a, b;
                ^
../src/Aufgabe_2_N_b.c:7:9: warning: variable 'y' set but not used [-Wunused-but-set-variable]
        int x, y;
               ^
2 warnings generated.
Finished building: ../src/Aufgabe_2_N_b.c
 
Building target: c-training
Invoking: MacOS X C Linker
gcc  -o "c-training"  ./src/Aufgabe_2_N_b.o   
Finished building target: c-training
 
12:40:54 **** Incremental Build of configuration Debug for project c-training ****
make all 
make: Nothing to be done for `all'.
12:41:01 **** Incremental Build of configuration Debug for project c-training ****
make all 
Building file: ../src/Aufgabe_2_N_b.c
Invoking: GCC C Compiler
gcc -O0 -g3 -Wall -c -fmessage-length=0 -MMD -MP -MF"src/Aufgabe_2_N_b.d" -MT"src/Aufgabe_2_N_b.o" -o "src/Aufgabe_2_N_b.o" "../src/Aufgabe_2_N_b.c"
../src/Aufgabe_2_N_b.c:6:10: warning: variable 'b' set but not used [-Wunused-but-set-variable]
        char a, b;
                ^
../src/Aufgabe_2_N_b.c:7:9: warning: variable 'y' set but not used [-Wunused-but-set-variable]
        int x, y;
               ^
2 warnings generated.
Finished building: ../src/Aufgabe_2_N_b.c
 
Building target: c-training
Invoking: MacOS X C Linker
gcc  -o "c-training"  ./src/Aufgabe_2_N_b.o   
Finished building target: c-training
 
12:41:02 **** Incremental Build of configuration Debug for project c-training ****
make all 
make: Nothing to be done for `all'.
12:41:26 **** Incremental Build of configuration Debug for project c-training ****
make all 
Building file: ../src/Aufgabe_2_N_b.c
Invoking: GCC C Compiler
gcc -O0 -g3 -Wall -c -fmessage-length=0 -MMD -MP -MF"src/Aufgabe_2_N_b.d" -MT"src/Aufgabe_2_N_b.o" -o "src/Aufgabe_2_N_b.o" "../src/Aufgabe_2_N_b.c"
../src/Aufgabe_2_N_b.c:7:9: warning: variable 'y' set but not used [-Wunused-but-set-variable]
        int x, y;
               ^
1 warning generated.
Finished building: ../src/Aufgabe_2_N_b.c
 
Building target: c-training
Invoking: MacOS X C Linker
gcc  -o "c-training"  ./src/Aufgabe_2_N_b.o   
Finished building target: c-training
 
12:41:27 **** Incremental Build of configuration Debug for project c-training ****
make all 
make: Nothing to be done for `all'.
12:41:35 **** Incremental Build of configuration Debug for project c-training ****
make all 
Building file: ../src/Aufgabe_2_N_b.c
Invoking: GCC C Compiler
gcc -O0 -g3 -Wall -c -fmessage-length=0 -MMD -MP -MF"src/Aufgabe_2_N_b.d" -MT"src/Aufgabe_2_N_b.o" -o "src/Aufgabe_2_N_b.o" "../src/Aufgabe_2_N_b.c"
../src/Aufgabe_2_N_b.c:7:9: warning: variable 'y' set but not used [-Wunused-but-set-variable]
        int x, y;
               ^
1 warning generated.
Finished building: ../src/Aufgabe_2_N_b.c
 
Building target: c-training
Invoking: MacOS X C Linker
gcc  -o "c-training"  ./src/Aufgabe_2_N_b.o   
Finished building target: c-training
 
12:41:35 **** Incremental Build of configuration Debug for project c-training ****
make all 
make: Nothing to be done for `all'.
12:41:53 **** Incremental Build of configuration Debug for project c-training ****
make all 
Building file: ../src/Aufgabe_2_N_b.c
Invoking: GCC C Compiler
gcc -O0 -g3 -Wall -c -fmessage-length=0 -MMD -MP -MF"src/Aufgabe_2_N_b.d" -MT"src/Aufgabe_2_N_b.o" -o "src/Aufgabe_2_N_b.o" "../src/Aufgabe_2_N_b.c"
../src/Aufgabe_2_N_b.c:19:14: warning: data argument not used by format string [-Wformat-extra-args]
        printf("d", y);
               ~~~  ^
1 warning generated.
Finished building: ../src/Aufgabe_2_N_b.c
 
Building target: c-training
Invoking: MacOS X C Linker
gcc  -o "c-training"  ./src/Aufgabe_2_N_b.o   
Finished building target: c-training
 
12:41:54 **** Incremental Build of configuration Debug for project c-training ****
make all 
make: Nothing to be done for `all'.
12:41:59 **** Incremental Build of configuration Debug for project c-training ****
make all 
Building file: ../src/Aufgabe_2_N_b.c
Invoking: GCC C Compiler
gcc -O0 -g3 -Wall -c -fmessage-length=0 -MMD -MP -MF"src/Aufgabe_2_N_b.d" -MT"src/Aufgabe_2_N_b.o" -o "src/Aufgabe_2_N_b.o" "../src/Aufgabe_2_N_b.c"
Finished building: ../src/Aufgabe_2_N_b.c
 
Building target: c-training
Invoking: MacOS X C Linker
gcc  -o "c-training"  ./src/Aufgabe_2_N_b.o   
Finished building target: c-training
 
12:42:00 **** Incremental Build of configuration Debug for project c-training ****
make all 
make: Nothing to be done for `all'.
16:56:58 **** Incremental Build of configuration Debug for project c-training ****
make all 
Building file: ../src/Aufgabe_2_N_b.c
Invoking: GCC C Compiler
gcc -O0 -g3 -Wall -c -fmessage-length=0 -MMD -MP -MF"src/Aufgabe_2_N_b.d" -MT"src/Aufgabe_2_N_b.o" -o "src/Aufgabe_2_N_b.o" "../src/Aufgabe_2_N_b.c"
../src/Aufgabe_2_N_b.c:14:17: warning: format specifies type 'int *' but the argument has type 'float *' [-Wformat]
    scanf("%d", &r);
           ~~   ^~
           %f
../src/Aufgabe_2_N_b.c:25:28: warning: format specifies type 'int' but the argument has type 'double' [-Wformat]
    printf("Umfang: %d\n", (2*(pi)*r));
                    ~~     ^~~~~~~~~~
                    %f
../src/Aufgabe_2_N_b.c:26:28: warning: format specifies type 'int' but the argument has type 'double' [-Wformat]
    printf("Fleache: %d\n",(pi_square*r));
                     ~~    ^~~~~~~~~~~~~
                     %f
../src/Aufgabe_2_N_b.c:26:43: error: expected '}'
    printf("Fleache: %d\n",(pi_square*r));
                                          ^
../src/Aufgabe_2_N_b.c:7:1: note: to match this '{'
{
^
3 warnings and 1 error generated.
make: *** [src/Aufgabe_2_N_b.o] Error 1
"make all" terminated with exit code 2. Build might be incomplete.
16:56:59 **** Incremental Build of configuration Debug for project c-training ****
make all 
Building file: ../src/Aufgabe_2_N_b.c
Invoking: GCC C Compiler
gcc -O0 -g3 -Wall -c -fmessage-length=0 -MMD -MP -MF"src/Aufgabe_2_N_b.d" -MT"src/Aufgabe_2_N_b.o" -o "src/Aufgabe_2_N_b.o" "../src/Aufgabe_2_N_b.c"
../src/Aufgabe_2_N_b.c:14:17: warning: format specifies type 'int *' but the argument has type 'float *' [-Wformat]
    scanf("%d", &r);
           ~~   ^~
           %f
../src/Aufgabe_2_N_b.c:25:28: warning: format specifies type 'int' but the argument has type 'double' [-Wformat]
    printf("Umfang: %d\n", (2*(pi)*r));
                    ~~     ^~~~~~~~~~
                    %f
../src/Aufgabe_2_N_b.c:26:28: warning: format specifies type 'int' but the argument has type 'double' [-Wformat]
    printf("Fleache: %d\n",(pi_square*r));
                     ~~    ^~~~~~~~~~~~~
                     %f
../src/Aufgabe_2_N_b.c:26:43: error: expected '}'
    printf("Fleache: %d\n",(pi_square*r));
                                          ^
../src/Aufgabe_2_N_b.c:7:1: note: to match this '{'
{
^
3 warnings and 1 error generated.
make: *** [src/Aufgabe_2_N_b.o] Error 1
"make all" terminated with exit code 2. Build might be incomplete.
16:57:26 **** Incremental Build of configuration Debug for project c-training ****
make all 
Building file: ../src/Aufgabe_2_N_b.c
Invoking: GCC C Compiler
gcc -O0 -g3 -Wall -c -fmessage-length=0 -MMD -MP -MF"src/Aufgabe_2_N_b.d" -MT"src/Aufgabe_2_N_b.o" -o "src/Aufgabe_2_N_b.o" "../src/Aufgabe_2_N_b.c"
../src/Aufgabe_2_N_b.c:14:17: warning: format specifies type 'int *' but the argument has type 'float *' [-Wformat]
    scanf("%d", &r);
           ~~   ^~
           %f
../src/Aufgabe_2_N_b.c:26:43: error: expected '}'
    printf("Fleache: %f\n",(pi_square*r));
                                          ^
../src/Aufgabe_2_N_b.c:7:1: note: to match this '{'
{
^
1 warning and 1 error generated.
make: *** [src/Aufgabe_2_N_b.o] Error 1
"make all" terminated with exit code 2. Build might be incomplete.
16:57:36 **** Incremental Build of configuration Debug for project c-training ****
make all 
Building file: ../src/Aufgabe_2_N_b.c
Invoking: GCC C Compiler
gcc -O0 -g3 -Wall -c -fmessage-length=0 -MMD -MP -MF"src/Aufgabe_2_N_b.d" -MT"src/Aufgabe_2_N_b.o" -o "src/Aufgabe_2_N_b.o" "../src/Aufgabe_2_N_b.c"
../src/Aufgabe_2_N_b.c:14:17: warning: format specifies type 'int *' but the argument has type 'float *' [-Wformat]
    scanf("%d", &r);
           ~~   ^~
           %f
../src/Aufgabe_2_N_b.c:9:14: warning: unused variable 'u' [-Wunused-variable]
    float r, u, a;
             ^
../src/Aufgabe_2_N_b.c:9:17: warning: unused variable 'a' [-Wunused-variable]
    float r, u, a;
                ^
3 warnings generated.
Finished building: ../src/Aufgabe_2_N_b.c
 
Building target: c-training
Invoking: MacOS X C Linker
gcc  -o "c-training"  ./src/Aufgabe_2_N_b.o   
Finished building target: c-training
 
16:57:38 **** Incremental Build of configuration Debug for project c-training ****
make all 
make: Nothing to be done for `all'.
16:57:52 **** Incremental Build of configuration Debug for project c-training ****
make all 
make: Nothing to be done for `all'.
16:57:52 **** Incremental Build of configuration Debug for project c-training ****
make all 
make: Nothing to be done for `all'.
16:59:02 **** Incremental Build of configuration Debug for project c-training ****
make all 
Building file: ../src/Aufgabe_2_N_b.c
Invoking: GCC C Compiler
gcc -O0 -g3 -Wall -c -fmessage-length=0 -MMD -MP -MF"src/Aufgabe_2_N_b.d" -MT"src/Aufgabe_2_N_b.o" -o "src/Aufgabe_2_N_b.o" "../src/Aufgabe_2_N_b.c"
Finished building: ../src/Aufgabe_2_N_b.c
 
Building target: c-training
Invoking: MacOS X C Linker
gcc  -o "c-training"  ./src/Aufgabe_2_N_b.o   
Finished building target: c-training
 
16:59:02 **** Incremental Build of configuration Debug for project c-training ****
make all 
make: Nothing to be done for `all'.
17:03:56 **** Incremental Build of configuration Debug for project c-training ****
make all 
Building file: ../src/Aufgabe3a.P.a.c
Invoking: GCC C Compiler
gcc -O0 -g3 -Wall -c -fmessage-length=0 -MMD -MP -MF"src/Aufgabe3a.P.a.d" -MT"src/Aufgabe3a.P.a.o" -o "src/Aufgabe3a.P.a.o" "../src/Aufgabe3a.P.a.c"
Finished building: ../src/Aufgabe3a.P.a.c
 
Building target: c-training
Invoking: MacOS X C Linker
gcc  -o "c-training"  ./src/Aufgabe3a.P.a.o   
Finished building target: c-training
 
17:03:58 **** Incremental Build of configuration Debug for project c-training ****
make all 
make: Nothing to be done for `all'.
17:05:16 **** Incremental Build of configuration Debug for project c-training ****
make all 
Building file: ../src/Aufgabe3a.P.a.c
Invoking: GCC C Compiler
gcc -O0 -g3 -Wall -c -fmessage-length=0 -MMD -MP -MF"src/Aufgabe3a.P.a.d" -MT"src/Aufgabe3a.P.a.o" -o "src/Aufgabe3a.P.a.o" "../src/Aufgabe3a.P.a.c"
Finished building: ../src/Aufgabe3a.P.a.c
 
Building target: c-training
Invoking: MacOS X C Linker
gcc  -o "c-training"  ./src/Aufgabe3a.P.a.o   
Finished building target: c-training
 
17:10:14 **** Incremental Build of configuration Debug for project c-training ****
make all 
Building file: ../src/Aufgabe3a.P.a.c
Invoking: GCC C Compiler
gcc -O0 -g3 -Wall -c -fmessage-length=0 -MMD -MP -MF"src/Aufgabe3a.P.a.d" -MT"src/Aufgabe3a.P.a.o" -o "src/Aufgabe3a.P.a.o" "../src/Aufgabe3a.P.a.c"
Finished building: ../src/Aufgabe3a.P.a.c
 
Building target: c-training
Invoking: MacOS X C Linker
gcc  -o "c-training"  ./src/Aufgabe3a.P.a.o   
Finished building target: c-training
 
17:10:14 **** Incremental Build of configuration Debug for project c-training ****
make all 
make: Nothing to be done for `all'.
17:10:19 **** Incremental Build of configuration Debug for project c-training ****
make all 
make: Nothing to be done for `all'.
17:10:25 **** Incremental Build of configuration Debug for project c-training ****
make all 
make: Nothing to be done for `all'.
17:10:34 **** Incremental Build of configuration Debug for project c-training ****
make all 
Building file: ../src/Aufgabe3a.P.a.c
Invoking: GCC C Compiler
gcc -O0 -g3 -Wall -c -fmessage-length=0 -MMD -MP -MF"src/Aufgabe3a.P.a.d" -MT"src/Aufgabe3a.P.a.o" -o "src/Aufgabe3a.P.a.o" "../src/Aufgabe3a.P.a.c"
Finished building: ../src/Aufgabe3a.P.a.c
 
Building target: c-training
Invoking: MacOS X C Linker
gcc  -o "c-training"  ./src/Aufgabe3a.P.a.o   
Finished building target: c-training
 
17:10:34 **** Incremental Build of configuration Debug for project c-training ****
make all 
make: Nothing to be done for `all'.
17:10:45 **** Incremental Build of configuration Debug for project c-training ****
make all 
Building file: ../src/Aufgabe3a.P.a.c
Invoking: GCC C Compiler
gcc -O0 -g3 -Wall -c -fmessage-length=0 -MMD -MP -MF"src/Aufgabe3a.P.a.d" -MT"src/Aufgabe3a.P.a.o" -o "src/Aufgabe3a.P.a.o" "../src/Aufgabe3a.P.a.c"
Finished building: ../src/Aufgabe3a.P.a.c
 
Building target: c-training
Invoking: MacOS X C Linker
gcc  -o "c-training"  ./src/Aufgabe3a.P.a.o   
Finished building target: c-training
 
17:10:46 **** Incremental Build of configuration Debug for project c-training ****
make all 
make: Nothing to be done for `all'.
17:11:32 **** Incremental Build of configuration Debug for project c-training ****
make all 
Building file: ../src/Aufgabe3a.P.a.c
Invoking: GCC C Compiler
gcc -O0 -g3 -Wall -c -fmessage-length=0 -MMD -MP -MF"src/Aufgabe3a.P.a.d" -MT"src/Aufgabe3a.P.a.o" -o "src/Aufgabe3a.P.a.o" "../src/Aufgabe3a.P.a.c"
Finished building: ../src/Aufgabe3a.P.a.c
 
Building target: c-training
Invoking: MacOS X C Linker
gcc  -o "c-training"  ./src/Aufgabe3a.P.a.o   
Finished building target: c-training
 
17:11:33 **** Incremental Build of configuration Debug for project c-training ****
make all 
make: Nothing to be done for `all'.
17:11:49 **** Incremental Build of configuration Debug for project c-training ****
make all 
Building file: ../src/Aufgabe3a.P.a.c
Invoking: GCC C Compiler
gcc -O0 -g3 -Wall -c -fmessage-length=0 -MMD -MP -MF"src/Aufgabe3a.P.a.d" -MT"src/Aufgabe3a.P.a.o" -o "src/Aufgabe3a.P.a.o" "../src/Aufgabe3a.P.a.c"
Finished building: ../src/Aufgabe3a.P.a.c
 
Building target: c-training
Invoking: MacOS X C Linker
gcc  -o "c-training"  ./src/Aufgabe3a.P.a.o   
Finished building target: c-training
 
17:11:50 **** Incremental Build of configuration Debug for project c-training ****
make all 
make: Nothing to be done for `all'.
17:12:01 **** Incremental Build of configuration Debug for project c-training ****
make all 
Building file: ../src/Aufgabe3a.P.a.c
Invoking: GCC C Compiler
gcc -O0 -g3 -Wall -c -fmessage-length=0 -MMD -MP -MF"src/Aufgabe3a.P.a.d" -MT"src/Aufgabe3a.P.a.o" -o "src/Aufgabe3a.P.a.o" "../src/Aufgabe3a.P.a.c"
Finished building: ../src/Aufgabe3a.P.a.c
 
Building target: c-training
Invoking: MacOS X C Linker
gcc  -o "c-training"  ./src/Aufgabe3a.P.a.o   
Finished building target: c-training
 
17:12:02 **** Incremental Build of configuration Debug for project c-training ****
make all 
make: Nothing to be done for `all'.
17:12:08 **** Incremental Build of configuration Debug for project c-training ****
make all 
Building file: ../src/Aufgabe3a.P.a.c
Invoking: GCC C Compiler
gcc -O0 -g3 -Wall -c -fmessage-length=0 -MMD -MP -MF"src/Aufgabe3a.P.a.d" -MT"src/Aufgabe3a.P.a.o" -o "src/Aufgabe3a.P.a.o" "../src/Aufgabe3a.P.a.c"
Finished building: ../src/Aufgabe3a.P.a.c
 
Building target: c-training
Invoking: MacOS X C Linker
gcc  -o "c-training"  ./src/Aufgabe3a.P.a.o   
Finished building target: c-training
 
17:12:09 **** Incremental Build of configuration Debug for project c-training ****
make all 
make: Nothing to be done for `all'.
17:13:44 **** Incremental Build of configuration Debug for project c-training ****
make all 
Building file: ../src/Aufgabe3a.P.a.c
Invoking: GCC C Compiler
gcc -O0 -g3 -Wall -c -fmessage-length=0 -MMD -MP -MF"src/Aufgabe3a.P.a.d" -MT"src/Aufgabe3a.P.a.o" -o "src/Aufgabe3a.P.a.o" "../src/Aufgabe3a.P.a.c"
Finished building: ../src/Aufgabe3a.P.a.c
 
Building target: c-training
Invoking: MacOS X C Linker
gcc  -o "c-training"  ./src/Aufgabe3a.P.a.o   
Finished building target: c-training
 
17:13:45 **** Incremental Build of configuration Debug for project c-training ****
make all 
make: Nothing to be done for `all'.
17:13:54 **** Incremental Build of configuration Debug for project c-training ****
make all 
Building file: ../src/Aufgabe3a.P.a.c
Invoking: GCC C Compiler
gcc -O0 -g3 -Wall -c -fmessage-length=0 -MMD -MP -MF"src/Aufgabe3a.P.a.d" -MT"src/Aufgabe3a.P.a.o" -o "src/Aufgabe3a.P.a.o" "../src/Aufgabe3a.P.a.c"
Finished building: ../src/Aufgabe3a.P.a.c
 
Building target: c-training
Invoking: MacOS X C Linker
gcc  -o "c-training"  ./src/Aufgabe3a.P.a.o   
Finished building target: c-training
 
17:13:54 **** Incremental Build of configuration Debug for project c-training ****
make all 
make: Nothing to be done for `all'.
17:15:44 **** Incremental Build of configuration Debug for project c-training ****
make all 
Building file: ../src/Aufgabe3a.P.a.c
Invoking: GCC C Compiler
gcc -O0 -g3 -Wall -c -fmessage-length=0 -MMD -MP -MF"src/Aufgabe3a.P.a.d" -MT"src/Aufgabe3a.P.a.o" -o "src/Aufgabe3a.P.a.o" "../src/Aufgabe3a.P.a.c"
Finished building: ../src/Aufgabe3a.P.a.c
 
Building target: c-training
Invoking: MacOS X C Linker
gcc  -o "c-training"  ./src/Aufgabe3a.P.a.o   
Finished building target: c-training
 
17:15:45 **** Incremental Build of configuration Debug for project c-training ****
make all 
make: Nothing to be done for `all'.
17:16:00 **** Incremental Build of configuration Debug for project c-training ****
make all 
Building file: ../src/Aufgabe3a.P.a.c
Invoking: GCC C Compiler
gcc -O0 -g3 -Wall -c -fmessage-length=0 -MMD -MP -MF"src/Aufgabe3a.P.a.d" -MT"src/Aufgabe3a.P.a.o" -o "src/Aufgabe3a.P.a.o" "../src/Aufgabe3a.P.a.c"
Finished building: ../src/Aufgabe3a.P.a.c
 
Building target: c-training
Invoking: MacOS X C Linker
gcc  -o "c-training"  ./src/Aufgabe3a.P.a.o   
Finished building target: c-training
 
17:16:02 **** Incremental Build of configuration Debug for project c-training ****
make all 
make: Nothing to be done for `all'.
17:16:05 **** Incremental Build of configuration Debug for project c-training ****
make all 
Building file: ../src/Aufgabe3a.P.a.c
Invoking: GCC C Compiler
gcc -O0 -g3 -Wall -c -fmessage-length=0 -MMD -MP -MF"src/Aufgabe3a.P.a.d" -MT"src/Aufgabe3a.P.a.o" -o "src/Aufgabe3a.P.a.o" "../src/Aufgabe3a.P.a.c"
Finished building: ../src/Aufgabe3a.P.a.c
 
Building target: c-training
Invoking: MacOS X C Linker
gcc  -o "c-training"  ./src/Aufgabe3a.P.a.o   
Finished building target: c-training
 
17:16:05 **** Incremental Build of configuration Debug for project c-training ****
make all 
make: Nothing to be done for `all'.
17:23:50 **** Incremental Build of configuration Debug for project c-training ****
make all 
Building file: ../src/Aufgabe3a.P.a.c
Invoking: GCC C Compiler
gcc -O0 -g3 -Wall -c -fmessage-length=0 -MMD -MP -MF"src/Aufgabe3a.P.a.d" -MT"src/Aufgabe3a.P.a.o" -o "src/Aufgabe3a.P.a.o" "../src/Aufgabe3a.P.a.c"
Finished building: ../src/Aufgabe3a.P.a.c
 
Building target: c-training
Invoking: MacOS X C Linker
gcc  -o "c-training"  ./src/Aufgabe3a.P.a.o   
Finished building target: c-training
 
17:23:51 **** Incremental Build of configuration Debug for project c-training ****
make all 
make: Nothing to be done for `all'.
17:27:10 **** Incremental Build of configuration Debug for project c-training ****
make all 
Building file: ../src/Aufgabe3a.P.a.c
Invoking: GCC C Compiler
gcc -O0 -g3 -Wall -c -fmessage-length=0 -MMD -MP -MF"src/Aufgabe3a.P.a.d" -MT"src/Aufgabe3a.P.a.o" -o "src/Aufgabe3a.P.a.o" "../src/Aufgabe3a.P.a.c"
../src/Aufgabe3a.P.a.c:7:16: error: expected identifier or '('
        unsigned char = 'b';
                      ^
../src/Aufgabe3a.P.a.c:9:15: error: use of undeclared identifier 'b'
        printf("%c", b);
                     ^
2 errors generated.
make: *** [src/Aufgabe3a.P.a.o] Error 1
"make all" terminated with exit code 2. Build might be incomplete.
17:27:17 **** Incremental Build of configuration Debug for project c-training ****
make all 
Building file: ../src/Aufgabe3a.P.a.c
Invoking: GCC C Compiler
gcc -O0 -g3 -Wall -c -fmessage-length=0 -MMD -MP -MF"src/Aufgabe3a.P.a.d" -MT"src/Aufgabe3a.P.a.o" -o "src/Aufgabe3a.P.a.o" "../src/Aufgabe3a.P.a.c"
Finished building: ../src/Aufgabe3a.P.a.c
 
Building target: c-training
Invoking: MacOS X C Linker
gcc  -o "c-training"  ./src/Aufgabe3a.P.a.o   
Finished building target: c-training
 
17:27:18 **** Incremental Build of configuration Debug for project c-training ****
make all 
make: Nothing to be done for `all'.
17:31:13 **** Incremental Build of configuration Debug for project c-training ****
make all 
Building file: ../src/Aufgabe3a.P.a.c
Invoking: GCC C Compiler
gcc -O0 -g3 -Wall -c -fmessage-length=0 -MMD -MP -MF"src/Aufgabe3a.P.a.d" -MT"src/Aufgabe3a.P.a.o" -o "src/Aufgabe3a.P.a.o" "../src/Aufgabe3a.P.a.c"
../src/Aufgabe3a.P.a.c:9:14: warning: format specifies type 'char *' but the argument has type 'char (*)[31]' [-Wformat]
        scanf("%s", &eingabe);
               ~~   ^~~~~~~~
../src/Aufgabe3a.P.a.c:6:6: warning: unused variable 'index' [-Wunused-variable]
        int index, anzahl = 0;
            ^
2 warnings generated.
Finished building: ../src/Aufgabe3a.P.a.c
 
Building target: c-training
Invoking: MacOS X C Linker
gcc  -o "c-training"  ./src/Aufgabe3a.P.a.o   
Finished building target: c-training
 
17:31:14 **** Incremental Build of configuration Debug for project c-training ****
make all 
make: Nothing to be done for `all'.
17:31:57 **** Incremental Build of configuration Debug for project c-training ****
make all 
Building file: ../src/Aufgabe3a.P.a.c
Invoking: GCC C Compiler
gcc -O0 -g3 -Wall -c -fmessage-length=0 -MMD -MP -MF"src/Aufgabe3a.P.a.d" -MT"src/Aufgabe3a.P.a.o" -o "src/Aufgabe3a.P.a.o" "../src/Aufgabe3a.P.a.c"
../src/Aufgabe3a.P.a.c:9:14: warning: format specifies type 'char *' but the argument has type 'char (*)[31]' [-Wformat]
        scanf("%s", &eingabe);
               ~~   ^~~~~~~~
../src/Aufgabe3a.P.a.c:6:6: warning: unused variable 'index' [-Wunused-variable]
        int index, anzahl = 0;
            ^
2 warnings generated.
Finished building: ../src/Aufgabe3a.P.a.c
 
Building target: c-training
Invoking: MacOS X C Linker
gcc  -o "c-training"  ./src/Aufgabe3a.P.a.o   
Finished building target: c-training
 
17:31:58 **** Incremental Build of configuration Debug for project c-training ****
make all 
make: Nothing to be done for `all'.
17:32:18 **** Incremental Build of configuration Debug for project c-training ****
make all 
make: Nothing to be done for `all'.
17:32:19 **** Incremental Build of configuration Debug for project c-training ****
make all 
make: Nothing to be done for `all'.
17:35:59 **** Incremental Build of configuration Debug for project c-training ****
make all 
Building file: ../src/Aufgabe3Pa.c
Invoking: GCC C Compiler
gcc -O0 -g3 -Wall -c -fmessage-length=0 -MMD -MP -MF"src/Aufgabe3Pa.d" -MT"src/Aufgabe3Pa.o" -o "src/Aufgabe3Pa.o" "../src/Aufgabe3Pa.c"
../src/Aufgabe3Pa.c:9:14: warning: format specifies type 'char *' but the argument has type 'char (*)[31]' [-Wformat]
        scanf("%s", &eingabe);
               ~~   ^~~~~~~~
1 warning generated.
Finished building: ../src/Aufgabe3Pa.c
 
Building target: c-training
Invoking: MacOS X C Linker
gcc  -o "c-training"  ./src/Aufgabe3Pa.o   
Finished building target: c-training
 
17:35:59 **** Incremental Build of configuration Debug for project c-training ****
make all 
make: Nothing to be done for `all'.
17:37:01 **** Incremental Build of configuration Debug for project c-training ****
make all 
Building file: ../src/Aufgabe3Pa.c
Invoking: GCC C Compiler
gcc -O0 -g3 -Wall -c -fmessage-length=0 -MMD -MP -MF"src/Aufgabe3Pa.d" -MT"src/Aufgabe3Pa.o" -o "src/Aufgabe3Pa.o" "../src/Aufgabe3Pa.c"
Finished building: ../src/Aufgabe3Pa.c
 
Building target: c-training
Invoking: MacOS X C Linker
gcc  -o "c-training"  ./src/Aufgabe3Pa.o   
Finished building target: c-training
 
17:37:02 **** Incremental Build of configuration Debug for project c-training ****
make all 
make: Nothing to be done for `all'.
17:37:02 **** Incremental Build of configuration Debug for project c-training ****
make all 
make: Nothing to be done for `all'.
17:56:54 **** Incremental Build of configuration Debug for project c-training ****
make all 
Building file: ../src/Aufgabe3Pa.c
Invoking: GCC C Compiler
gcc -O0 -g3 -Wall -c -fmessage-length=0 -MMD -MP -MF"src/Aufgabe3Pa.d" -MT"src/Aufgabe3Pa.o" -o "src/Aufgabe3Pa.o" "../src/Aufgabe3Pa.c"
../src/Aufgabe3Pa.c:13:18: warning: format specifies type 'float *' but the argument has type 'double' [-Wformat]
        scanf("%f", matrix[zeile][spalte]);
               ~~   ^~~~~~~~~~~~~~~~~~~~~
1 warning generated.
Finished building: ../src/Aufgabe3Pa.c
 
Building target: c-training
Invoking: MacOS X C Linker
gcc  -o "c-training"  ./src/Aufgabe3Pa.o   
Finished building target: c-training
 
17:56:56 **** Incremental Build of configuration Debug for project c-training ****
make all 
make: Nothing to be done for `all'.
17:58:02 **** Incremental Build of configuration Debug for project c-training ****
make all 
Building file: ../src/Aufgabe3Pa.c
Invoking: GCC C Compiler
gcc -O0 -g3 -Wall -c -fmessage-length=0 -MMD -MP -MF"src/Aufgabe3Pa.d" -MT"src/Aufgabe3Pa.o" -o "src/Aufgabe3Pa.o" "../src/Aufgabe3Pa.c"
../src/Aufgabe3Pa.c:13:18: warning: format specifies type 'int *' but the argument has type 'double' [-Wformat]
        scanf("%d", matrix[zeile][spalte]);
               ~~   ^~~~~~~~~~~~~~~~~~~~~
../src/Aufgabe3Pa.c:29:22: warning: format specifies type 'int' but the argument has type 'double' [-Wformat]
      printf("%d\t", matrix[zeile][spalte] );
              ~~     ^~~~~~~~~~~~~~~~~~~~~
              %f
2 warnings generated.
Finished building: ../src/Aufgabe3Pa.c
 
Building target: c-training
Invoking: MacOS X C Linker
gcc  -o "c-training"  ./src/Aufgabe3Pa.o   
Finished building target: c-training
 
17:58:03 **** Incremental Build of configuration Debug for project c-training ****
make all 
make: Nothing to be done for `all'.
17:59:02 **** Incremental Build of configuration Debug for project c-training ****
make all 
Building file: ../src/Aufgabe3Pa.c
Invoking: GCC C Compiler
gcc -O0 -g3 -Wall -c -fmessage-length=0 -MMD -MP -MF"src/Aufgabe3Pa.d" -MT"src/Aufgabe3Pa.o" -o "src/Aufgabe3Pa.o" "../src/Aufgabe3Pa.c"
../src/Aufgabe3Pa.c:14:18: warning: format specifies type 'int *' but the argument has type 'double' [-Wformat]
        scanf("%d", matrix[zeile][spalte]);
               ~~   ^~~~~~~~~~~~~~~~~~~~~
../src/Aufgabe3Pa.c:31:22: warning: format specifies type 'int' but the argument has type 'double' [-Wformat]
      printf("%d\t", matrix[zeile][spalte] );
              ~~     ^~~~~~~~~~~~~~~~~~~~~
              %f
2 warnings generated.
Finished building: ../src/Aufgabe3Pa.c
 
Building target: c-training
Invoking: MacOS X C Linker
gcc  -o "c-training"  ./src/Aufgabe3Pa.o   
Finished building target: c-training
 
17:59:03 **** Incremental Build of configuration Debug for project c-training ****
make all 
make: Nothing to be done for `all'.
18:00:47 **** Incremental Build of configuration Debug for project c-training ****
make all 
Building file: ../src/Aufgabe3Pa.c
Invoking: GCC C Compiler
gcc -O0 -g3 -Wall -c -fmessage-length=0 -MMD -MP -MF"src/Aufgabe3Pa.d" -MT"src/Aufgabe3Pa.o" -o "src/Aufgabe3Pa.o" "../src/Aufgabe3Pa.c"
../src/Aufgabe3Pa.c:14:18: warning: format specifies type 'float *' but the argument has type 'double' [-Wformat]
        scanf("%f", matrix[zeile][spalte]);
               ~~   ^~~~~~~~~~~~~~~~~~~~~
../src/Aufgabe3Pa.c:8:8: warning: unused variable 'empty' [-Wunused-variable]
  char empty;
       ^
2 warnings generated.
Finished building: ../src/Aufgabe3Pa.c
 
Building target: c-training
Invoking: MacOS X C Linker
gcc  -o "c-training"  ./src/Aufgabe3Pa.o   
Finished building target: c-training
 
18:00:48 **** Incremental Build of configuration Debug for project c-training ****
make all 
make: Nothing to be done for `all'.
18:01:16 **** Incremental Build of configuration Debug for project c-training ****
make all 
Building file: ../src/Aufgabe3Pa.c
Invoking: GCC C Compiler
gcc -O0 -g3 -Wall -c -fmessage-length=0 -MMD -MP -MF"src/Aufgabe3Pa.d" -MT"src/Aufgabe3Pa.o" -o "src/Aufgabe3Pa.o" "../src/Aufgabe3Pa.c"
../src/Aufgabe3Pa.c:14:18: warning: format specifies type 'float *' but the argument has type 'double' [-Wformat]
        scanf("%f", matrix[zeile][spalte]);
               ~~   ^~~~~~~~~~~~~~~~~~~~~
../src/Aufgabe3Pa.c:8:8: warning: unused variable 'empty' [-Wunused-variable]
  char empty;
       ^
2 warnings generated.
Finished building: ../src/Aufgabe3Pa.c
 
Building target: c-training
Invoking: MacOS X C Linker
gcc  -o "c-training"  ./src/Aufgabe3Pa.o   
Finished building target: c-training
 
18:01:16 **** Incremental Build of configuration Debug for project c-training ****
make all 
make: Nothing to be done for `all'.
18:02:25 **** Incremental Build of configuration Debug for project c-training ****
make all 
Building file: ../src/Aufgabe3Pa.c
Invoking: GCC C Compiler
gcc -O0 -g3 -Wall -c -fmessage-length=0 -MMD -MP -MF"src/Aufgabe3Pa.d" -MT"src/Aufgabe3Pa.o" -o "src/Aufgabe3Pa.o" "../src/Aufgabe3Pa.c"
../src/Aufgabe3Pa.c:14:18: warning: format specifies type 'float *' but the argument has type 'double' [-Wformat]
        scanf("%f", matrix[zeile][spalte]);
               ~~   ^~~~~~~~~~~~~~~~~~~~~
../src/Aufgabe3Pa.c:8:8: warning: unused variable 'empty' [-Wunused-variable]
  char empty;
       ^
2 warnings generated.
Finished building: ../src/Aufgabe3Pa.c
 
Building target: c-training
Invoking: MacOS X C Linker
gcc  -o "c-training"  ./src/Aufgabe3Pa.o   
Finished building target: c-training
 
18:02:26 **** Incremental Build of configuration Debug for project c-training ****
make all 
make: Nothing to be done for `all'.
18:02:51 **** Incremental Build of configuration Debug for project c-training ****
make all 
Building file: ../src/Aufgabe3Pa.c
Invoking: GCC C Compiler
gcc -O0 -g3 -Wall -c -fmessage-length=0 -MMD -MP -MF"src/Aufgabe3Pa.d" -MT"src/Aufgabe3Pa.o" -o "src/Aufgabe3Pa.o" "../src/Aufgabe3Pa.c"
../src/Aufgabe3Pa.c:5:10: error: array initializer must be an initializer list
  double matrix[N][N] = "0.0"; /* Deklaration der Matrix als 2-dim. Array */
         ^
../src/Aufgabe3Pa.c:14:18: warning: format specifies type 'float *' but the argument has type 'double' [-Wformat]
        scanf("%f", matrix[zeile][spalte]);
               ~~   ^~~~~~~~~~~~~~~~~~~~~
1 warning and 1 error generated.
make: *** [src/Aufgabe3Pa.o] Error 1
"make all" terminated with exit code 2. Build might be incomplete.
18:02:57 **** Incremental Build of configuration Debug for project c-training ****
make all 
Building file: ../src/Aufgabe3Pa.c
Invoking: GCC C Compiler
gcc -O0 -g3 -Wall -c -fmessage-length=0 -MMD -MP -MF"src/Aufgabe3Pa.d" -MT"src/Aufgabe3Pa.o" -o "src/Aufgabe3Pa.o" "../src/Aufgabe3Pa.c"
../src/Aufgabe3Pa.c:14:18: warning: format specifies type 'float *' but the argument has type 'double' [-Wformat]
        scanf("%f", matrix[zeile][spalte]);
               ~~   ^~~~~~~~~~~~~~~~~~~~~
../src/Aufgabe3Pa.c:8:8: warning: unused variable 'empty' [-Wunused-variable]
  char empty;
       ^
2 warnings generated.
Finished building: ../src/Aufgabe3Pa.c
 
Building target: c-training
Invoking: MacOS X C Linker
gcc  -o "c-training"  ./src/Aufgabe3Pa.o   
Finished building target: c-training
 
18:04:09 **** Incremental Build of configuration Debug for project c-training ****
make all 
Building file: ../src/Aufgabe3Pa.c
Invoking: GCC C Compiler
gcc -O0 -g3 -Wall -c -fmessage-length=0 -MMD -MP -MF"src/Aufgabe3Pa.d" -MT"src/Aufgabe3Pa.o" -o "src/Aufgabe3Pa.o" "../src/Aufgabe3Pa.c"
../src/Aufgabe3Pa.c:14:18: warning: format specifies type 'float *' but the argument has type 'double' [-Wformat]
        scanf("%f", matrix[zeile][spalte]);
               ~~   ^~~~~~~~~~~~~~~~~~~~~
../src/Aufgabe3Pa.c:15:35: warning: format specifies type 'int' but the argument has type 'double' [-Wformat]
        printf("\n Eingabe: [%d]\n", matrix[zeile][spalte]);
                             ~~      ^~~~~~~~~~~~~~~~~~~~~
                             %f
../src/Aufgabe3Pa.c:8:8: warning: unused variable 'empty' [-Wunused-variable]
  char empty;
       ^
3 warnings generated.
Finished building: ../src/Aufgabe3Pa.c
 
Building target: c-training
Invoking: MacOS X C Linker
gcc  -o "c-training"  ./src/Aufgabe3Pa.o   
Finished building target: c-training
 
18:04:10 **** Incremental Build of configuration Debug for project c-training ****
make all 
make: Nothing to be done for `all'.
18:05:01 **** Incremental Build of configuration Debug for project c-training ****
make all 
Building file: ../src/Aufgabe3Pa.c
Invoking: GCC C Compiler
gcc -O0 -g3 -Wall -c -fmessage-length=0 -MMD -MP -MF"src/Aufgabe3Pa.d" -MT"src/Aufgabe3Pa.o" -o "src/Aufgabe3Pa.o" "../src/Aufgabe3Pa.c"
../src/Aufgabe3Pa.c:5:26: warning: suggest braces around initialization of subobject [-Wmissing-braces]
  double matrix[N][N] = {0.0}; /* Deklaration der Matrix als 2-dim. Array */
                         ^~~
                         {  }
../src/Aufgabe3Pa.c:14:18: warning: format specifies type 'float *' but the argument has type 'double' [-Wformat]
        scanf("%f", matrix[zeile][spalte]);
               ~~   ^~~~~~~~~~~~~~~~~~~~~
../src/Aufgabe3Pa.c:15:35: warning: format specifies type 'int' but the argument has type 'double' [-Wformat]
        printf("\n Eingabe: [%d]\n", matrix[zeile][spalte]);
                             ~~      ^~~~~~~~~~~~~~~~~~~~~
                             %f
../src/Aufgabe3Pa.c:8:8: warning: unused variable 'empty' [-Wunused-variable]
  char empty;
       ^
4 warnings generated.
Finished building: ../src/Aufgabe3Pa.c
 
Building target: c-training
Invoking: MacOS X C Linker
gcc  -o "c-training"  ./src/Aufgabe3Pa.o   
Finished building target: c-training
 
18:05:02 **** Incremental Build of configuration Debug for project c-training ****
make all 
make: Nothing to be done for `all'.
18:05:36 **** Incremental Build of configuration Debug for project c-training ****
make all 
Building file: ../src/Aufgabe3Pa.c
Invoking: GCC C Compiler
gcc -O0 -g3 -Wall -c -fmessage-length=0 -MMD -MP -MF"src/Aufgabe3Pa.d" -MT"src/Aufgabe3Pa.o" -o "src/Aufgabe3Pa.o" "../src/Aufgabe3Pa.c"
../src/Aufgabe3Pa.c:5:26: warning: suggest braces around initialization of subobject [-Wmissing-braces]
  double matrix[N][N] = {0.0}; /* Deklaration der Matrix als 2-dim. Array */
                         ^~~
                         {  }
../src/Aufgabe3Pa.c:14:18: warning: format specifies type 'float *' but the argument has type 'double' [-Wformat]
        scanf("%f", matrix[zeile][spalte]);
               ~~   ^~~~~~~~~~~~~~~~~~~~~
../src/Aufgabe3Pa.c:15:34: warning: format specifies type 'int' but the argument has type 'double' [-Wformat]
        printf("\nEingabe: [%d]\n", matrix[zeile][spalte]);
                            ~~      ^~~~~~~~~~~~~~~~~~~~~
                            %f
../src/Aufgabe3Pa.c:8:8: warning: unused variable 'empty' [-Wunused-variable]
  char empty;
       ^
4 warnings generated.
Finished building: ../src/Aufgabe3Pa.c
 
Building target: c-training
Invoking: MacOS X C Linker
gcc  -o "c-training"  ./src/Aufgabe3Pa.o   
Finished building target: c-training
 
18:05:36 **** Incremental Build of configuration Debug for project c-training ****
make all 
make: Nothing to be done for `all'.
18:08:52 **** Incremental Build of configuration Debug for project c-training ****
make all 
Building file: ../src/Aufgabe3Pa.c
Invoking: GCC C Compiler
gcc -O0 -g3 -Wall -c -fmessage-length=0 -MMD -MP -MF"src/Aufgabe3Pa.d" -MT"src/Aufgabe3Pa.o" -o "src/Aufgabe3Pa.o" "../src/Aufgabe3Pa.c"
../src/Aufgabe3Pa.c:14:18: warning: format specifies type 'float *' but the argument has type 'double' [-Wformat]
        scanf("%f", matrix[zeile][spalte]);
               ~~   ^~~~~~~~~~~~~~~~~~~~~
../src/Aufgabe3Pa.c:15:34: warning: format specifies type 'int' but the argument has type 'double' [-Wformat]
        printf("\nEingabe: [%d]\n", matrix[zeile][spalte]);
                            ~~      ^~~~~~~~~~~~~~~~~~~~~
                            %f
../src/Aufgabe3Pa.c:8:8: warning: unused variable 'empty' [-Wunused-variable]
  char empty;
       ^
3 warnings generated.
Finished building: ../src/Aufgabe3Pa.c
 
Building target: c-training
Invoking: MacOS X C Linker
gcc  -o "c-training"  ./src/Aufgabe3Pa.o   
Finished building target: c-training
 
18:08:53 **** Incremental Build of configuration Debug for project c-training ****
make all 
make: Nothing to be done for `all'.
18:09:05 **** Incremental Build of configuration Debug for project c-training ****
make all 
Building file: ../src/Aufgabe3Pa.c
Invoking: GCC C Compiler
gcc -O0 -g3 -Wall -c -fmessage-length=0 -MMD -MP -MF"src/Aufgabe3Pa.d" -MT"src/Aufgabe3Pa.o" -o "src/Aufgabe3Pa.o" "../src/Aufgabe3Pa.c"
../src/Aufgabe3Pa.c:14:18: warning: format specifies type 'int *' but the argument has type 'int' [-Wformat]
        scanf("%d", matrix[zeile][spalte]);
               ~~   ^~~~~~~~~~~~~~~~~~~~~
../src/Aufgabe3Pa.c:31:25: warning: format specifies type 'double' but the argument has type 'int' [-Wformat]
      printf("%.2lf\t", matrix[zeile][spalte] );
              ~~~~~     ^~~~~~~~~~~~~~~~~~~~~
              %.2d
../src/Aufgabe3Pa.c:8:8: warning: unused variable 'empty' [-Wunused-variable]
  char empty;
       ^
3 warnings generated.
Finished building: ../src/Aufgabe3Pa.c
 
Building target: c-training
Invoking: MacOS X C Linker
gcc  -o "c-training"  ./src/Aufgabe3Pa.o   
Finished building target: c-training
 
18:09:06 **** Incremental Build of configuration Debug for project c-training ****
make all 
make: Nothing to be done for `all'.
18:09:51 **** Incremental Build of configuration Debug for project c-training ****
make all 
Building file: ../src/Aufgabe3Pa.c
Invoking: GCC C Compiler
gcc -O0 -g3 -Wall -c -fmessage-length=0 -MMD -MP -MF"src/Aufgabe3Pa.d" -MT"src/Aufgabe3Pa.o" -o "src/Aufgabe3Pa.o" "../src/Aufgabe3Pa.c"
../src/Aufgabe3Pa.c:6:3: error: call to undeclared library function 'memset' with type 'void *(void *, int, unsigned long)'; ISO C99 and later do not support implicit function declarations [-Wimplicit-function-declaration]
  memset(matrix, 0 ,N*N);
  ^
../src/Aufgabe3Pa.c:6:3: note: include the header <string.h> or explicitly provide a declaration for 'memset'
../src/Aufgabe3Pa.c:15:18: warning: format specifies type 'int *' but the argument has type 'int' [-Wformat]
        scanf("%d", matrix[zeile][spalte]);
               ~~   ^~~~~~~~~~~~~~~~~~~~~
../src/Aufgabe3Pa.c:32:25: warning: format specifies type 'double' but the argument has type 'int' [-Wformat]
      printf("%.2lf\t", matrix[zeile][spalte] );
              ~~~~~     ^~~~~~~~~~~~~~~~~~~~~
              %.2d
../src/Aufgabe3Pa.c:9:8: warning: unused variable 'empty' [-Wunused-variable]
  char empty;
       ^
3 warnings and 1 error generated.
make: *** [src/Aufgabe3Pa.o] Error 1
"make all" terminated with exit code 2. Build might be incomplete.
18:10:07 **** Incremental Build of configuration Debug for project c-training ****
make all 
Building file: ../src/Aufgabe3Pa.c
Invoking: GCC C Compiler
gcc -O0 -g3 -Wall -c -fmessage-length=0 -MMD -MP -MF"src/Aufgabe3Pa.d" -MT"src/Aufgabe3Pa.o" -o "src/Aufgabe3Pa.o" "../src/Aufgabe3Pa.c"
../src/Aufgabe3Pa.c:6:3: error: call to undeclared library function 'memset' with type 'void *(void *, int, unsigned long)'; ISO C99 and later do not support implicit function declarations [-Wimplicit-function-declaration]
  memset(matrix, 0 ,N*N);
  ^
../src/Aufgabe3Pa.c:6:3: note: include the header <string.h> or explicitly provide a declaration for 'memset'
../src/Aufgabe3Pa.c:14:18: warning: format specifies type 'int *' but the argument has type 'double' [-Wformat]
        scanf("%d", matrix[zeile][spalte]);
               ~~   ^~~~~~~~~~~~~~~~~~~~~
../src/Aufgabe3Pa.c:15:34: warning: format specifies type 'int' but the argument has type 'double' [-Wformat]
        printf("\nEingabe: [%d]\n", matrix[zeile][spalte]);
                            ~~      ^~~~~~~~~~~~~~~~~~~~~
                            %f
2 warnings and 1 error generated.
make: *** [src/Aufgabe3Pa.o] Error 1
"make all" terminated with exit code 2. Build might be incomplete.
18:10:15 **** Incremental Build of configuration Debug for project c-training ****
make all 
Building file: ../src/Aufgabe3Pa.c
Invoking: GCC C Compiler
gcc -O0 -g3 -Wall -c -fmessage-length=0 -MMD -MP -MF"src/Aufgabe3Pa.d" -MT"src/Aufgabe3Pa.o" -o "src/Aufgabe3Pa.o" "../src/Aufgabe3Pa.c"
../src/Aufgabe3Pa.c:6:3: error: call to undeclared library function 'memset' with type 'void *(void *, int, unsigned long)'; ISO C99 and later do not support implicit function declarations [-Wimplicit-function-declaration]
  memset(matrix, 0 ,N*N);
  ^
../src/Aufgabe3Pa.c:6:3: note: include the header <string.h> or explicitly provide a declaration for 'memset'
../src/Aufgabe3Pa.c:14:18: warning: format specifies type 'int *' but the argument has type 'double' [-Wformat]
        scanf("%d", matrix[zeile][spalte]);
               ~~   ^~~~~~~~~~~~~~~~~~~~~
1 warning and 1 error generated.
make: *** [src/Aufgabe3Pa.o] Error 1
"make all" terminated with exit code 2. Build might be incomplete.
18:10:27 **** Incremental Build of configuration Debug for project c-training ****
make all 
Building file: ../src/Aufgabe3Pa.c
Invoking: GCC C Compiler
gcc -O0 -g3 -Wall -c -fmessage-length=0 -MMD -MP -MF"src/Aufgabe3Pa.d" -MT"src/Aufgabe3Pa.o" -o "src/Aufgabe3Pa.o" "../src/Aufgabe3Pa.c"
../src/Aufgabe3Pa.c:6:3: error: call to undeclared library function 'memset' with type 'void *(void *, int, unsigned long)'; ISO C99 and later do not support implicit function declarations [-Wimplicit-function-declaration]
  memset(matrix, 0 ,N*N);
  ^
../src/Aufgabe3Pa.c:6:3: note: include the header <string.h> or explicitly provide a declaration for 'memset'
../src/Aufgabe3Pa.c:14:18: warning: format specifies type 'float *' but the argument has type 'double' [-Wformat]
        scanf("%f", matrix[zeile][spalte]);
               ~~   ^~~~~~~~~~~~~~~~~~~~~
1 warning and 1 error generated.
make: *** [src/Aufgabe3Pa.o] Error 1
"make all" terminated with exit code 2. Build might be incomplete.
18:10:52 **** Incremental Build of configuration Debug for project c-training ****
make all 
Building file: ../src/Aufgabe3Pa.c
Invoking: GCC C Compiler
gcc -O0 -g3 -Wall -c -fmessage-length=0 -MMD -MP -MF"src/Aufgabe3Pa.d" -MT"src/Aufgabe3Pa.o" -o "src/Aufgabe3Pa.o" "../src/Aufgabe3Pa.c"
../src/Aufgabe3Pa.c:6:3: error: call to undeclared library function 'memset' with type 'void *(void *, int, unsigned long)'; ISO C99 and later do not support implicit function declarations [-Wimplicit-function-declaration]
  memset(matrix, 0 ,N*N);
  ^
../src/Aufgabe3Pa.c:6:3: note: include the header <string.h> or explicitly provide a declaration for 'memset'
../src/Aufgabe3Pa.c:14:19: warning: format specifies type 'float *' but the argument has type 'double *' [-Wformat]
        scanf("%fs", &matrix[zeile][spalte]);
               ~~    ^~~~~~~~~~~~~~~~~~~~~~
               %lf
1 warning and 1 error generated.
make: *** [src/Aufgabe3Pa.o] Error 1
"make all" terminated with exit code 2. Build might be incomplete.
18:11:00 **** Incremental Build of configuration Debug for project c-training ****
make all 
Building file: ../src/Aufgabe3Pa.c
Invoking: GCC C Compiler
gcc -O0 -g3 -Wall -c -fmessage-length=0 -MMD -MP -MF"src/Aufgabe3Pa.d" -MT"src/Aufgabe3Pa.o" -o "src/Aufgabe3Pa.o" "../src/Aufgabe3Pa.c"
../src/Aufgabe3Pa.c:6:3: error: call to undeclared library function 'memset' with type 'void *(void *, int, unsigned long)'; ISO C99 and later do not support implicit function declarations [-Wimplicit-function-declaration]
  memset(matrix, 0 ,N*N);
  ^
../src/Aufgabe3Pa.c:6:3: note: include the header <string.h> or explicitly provide a declaration for 'memset'
../src/Aufgabe3Pa.c:14:18: warning: format specifies type 'float *' but the argument has type 'double *' [-Wformat]
        scanf("%f", &matrix[zeile][spalte]);
               ~~   ^~~~~~~~~~~~~~~~~~~~~~
               %lf
1 warning and 1 error generated.
make: *** [src/Aufgabe3Pa.o] Error 1
"make all" terminated with exit code 2. Build might be incomplete.
18:11:04 **** Incremental Build of configuration Debug for project c-training ****
make all 
Building file: ../src/Aufgabe3Pa.c
Invoking: GCC C Compiler
gcc -O0 -g3 -Wall -c -fmessage-length=0 -MMD -MP -MF"src/Aufgabe3Pa.d" -MT"src/Aufgabe3Pa.o" -o "src/Aufgabe3Pa.o" "../src/Aufgabe3Pa.c"
../src/Aufgabe3Pa.c:6:3: error: call to undeclared library function 'memset' with type 'void *(void *, int, unsigned long)'; ISO C99 and later do not support implicit function declarations [-Wimplicit-function-declaration]
  memset(matrix, 0 ,N*N);
  ^
../src/Aufgabe3Pa.c:6:3: note: include the header <string.h> or explicitly provide a declaration for 'memset'
1 error generated.
make: *** [src/Aufgabe3Pa.o] Error 1
"make all" terminated with exit code 2. Build might be incomplete.
18:11:11 **** Incremental Build of configuration Debug for project c-training ****
make all 
Building file: ../src/Aufgabe3Pa.c
Invoking: GCC C Compiler
gcc -O0 -g3 -Wall -c -fmessage-length=0 -MMD -MP -MF"src/Aufgabe3Pa.d" -MT"src/Aufgabe3Pa.o" -o "src/Aufgabe3Pa.o" "../src/Aufgabe3Pa.c"
Finished building: ../src/Aufgabe3Pa.c
 
Building target: c-training
Invoking: MacOS X C Linker
gcc  -o "c-training"  ./src/Aufgabe3Pa.o   
Finished building target: c-training
 
18:11:17 **** Incremental Build of configuration Debug for project c-training ****
make all 
Building file: ../src/Aufgabe3Pa.c
Invoking: GCC C Compiler
gcc -O0 -g3 -Wall -c -fmessage-length=0 -MMD -MP -MF"src/Aufgabe3Pa.d" -MT"src/Aufgabe3Pa.o" -o "src/Aufgabe3Pa.o" "../src/Aufgabe3Pa.c"
../src/Aufgabe3Pa.c:5:26: warning: suggest braces around initialization of subobject [-Wmissing-braces]
  double matrix[N][N] = {0.0};/* Deklaration der Matrix als 2-dim. Array */
                         ^~~
                         {  }
1 warning generated.
Finished building: ../src/Aufgabe3Pa.c
 
Building target: c-training
Invoking: MacOS X C Linker
gcc  -o "c-training"  ./src/Aufgabe3Pa.o   
Finished building target: c-training
 
18:11:17 **** Incremental Build of configuration Debug for project c-training ****
make all 
make: Nothing to be done for `all'.
18:13:08 **** Incremental Build of configuration Debug for project c-training ****
make all 
Building file: ../src/Aufgabe3Pa.c
Invoking: GCC C Compiler
gcc -O0 -g3 -Wall -c -fmessage-length=0 -MMD -MP -MF"src/Aufgabe3Pa.d" -MT"src/Aufgabe3Pa.o" -o "src/Aufgabe3Pa.o" "../src/Aufgabe3Pa.c"
../src/Aufgabe3Pa.c:5:26: warning: suggest braces around initialization of subobject [-Wmissing-braces]
  double matrix[N][N] = {0.0};/* Deklaration der Matrix als 2-dim. Array */
                         ^~~
                         {  }
1 warning generated.
Finished building: ../src/Aufgabe3Pa.c
 
Building target: c-training
Invoking: MacOS X C Linker
gcc  -o "c-training"  ./src/Aufgabe3Pa.o   
Finished building target: c-training
 
18:13:08 **** Incremental Build of configuration Debug for project c-training ****
make all 
make: Nothing to be done for `all'.
18:16:41 **** Incremental Build of configuration Debug for project c-training ****
make all 
Building file: ../src/Aufgabe3Pa.c
Invoking: GCC C Compiler
gcc -O0 -g3 -Wall -c -fmessage-length=0 -MMD -MP -MF"src/Aufgabe3Pa.d" -MT"src/Aufgabe3Pa.o" -o "src/Aufgabe3Pa.o" "../src/Aufgabe3Pa.c"
../src/Aufgabe3Pa.c:5:26: warning: suggest braces around initialization of subobject [-Wmissing-braces]
  double matrix[N][N] = {0.0};/* Deklaration der Matrix als 2-dim. Array */
                         ^~~
                         {  }
1 warning generated.
Finished building: ../src/Aufgabe3Pa.c
 
Building target: c-training
Invoking: MacOS X C Linker
gcc  -o "c-training"  ./src/Aufgabe3Pa.o   
Finished building target: c-training
 
18:16:42 **** Incremental Build of configuration Debug for project c-training ****
make all 
make: Nothing to be done for `all'.
18:17:48 **** Incremental Build of configuration Debug for project c-training ****
make all 
Building file: ../src/Aufgabe3Pa.c
Invoking: GCC C Compiler
gcc -O0 -g3 -Wall -c -fmessage-length=0 -MMD -MP -MF"src/Aufgabe3Pa.d" -MT"src/Aufgabe3Pa.o" -o "src/Aufgabe3Pa.o" "../src/Aufgabe3Pa.c"
../src/Aufgabe3Pa.c:5:26: warning: suggest braces around initialization of subobject [-Wmissing-braces]
  double matrix[N][N] = {0.0};/* Deklaration der Matrix als 2-dim. Array */
                         ^~~
                         {  }
1 warning generated.
Finished building: ../src/Aufgabe3Pa.c
 
Building target: c-training
Invoking: MacOS X C Linker
gcc  -o "c-training"  ./src/Aufgabe3Pa.o   
Finished building target: c-training
 
18:17:48 **** Incremental Build of configuration Debug for project c-training ****
make all 
make: Nothing to be done for `all'.
18:18:29 **** Incremental Build of configuration Debug for project c-training ****
make all 
Building file: ../src/Aufgabe3Pa.c
Invoking: GCC C Compiler
gcc -O0 -g3 -Wall -c -fmessage-length=0 -MMD -MP -MF"src/Aufgabe3Pa.d" -MT"src/Aufgabe3Pa.o" -o "src/Aufgabe3Pa.o" "../src/Aufgabe3Pa.c"
../src/Aufgabe3Pa.c:5:26: warning: suggest braces around initialization of subobject [-Wmissing-braces]
  double matrix[N][N] = {0.0};/* Deklaration der Matrix als 2-dim. Array */
                         ^~~
                         {  }
../src/Aufgabe3Pa.c:24:19: error: expected ';' after expression
        printf("s\n")
                     ^
                     ;
1 warning and 1 error generated.
make: *** [src/Aufgabe3Pa.o] Error 1
"make all" terminated with exit code 2. Build might be incomplete.
18:18:29 **** Incremental Build of configuration Debug for project c-training ****
make all 
Building file: ../src/Aufgabe3Pa.c
Invoking: GCC C Compiler
gcc -O0 -g3 -Wall -c -fmessage-length=0 -MMD -MP -MF"src/Aufgabe3Pa.d" -MT"src/Aufgabe3Pa.o" -o "src/Aufgabe3Pa.o" "../src/Aufgabe3Pa.c"
../src/Aufgabe3Pa.c:5:26: warning: suggest braces around initialization of subobject [-Wmissing-braces]
  double matrix[N][N] = {0.0};/* Deklaration der Matrix als 2-dim. Array */
                         ^~~
                         {  }
../src/Aufgabe3Pa.c:24:19: error: expected ';' after expression
        printf("s\n")
                     ^
                     ;
1 warning and 1 error generated.
make: *** [src/Aufgabe3Pa.o] Error 1
"make all" terminated with exit code 2. Build might be incomplete.
18:18:34 **** Incremental Build of configuration Debug for project c-training ****
make all 
Building file: ../src/Aufgabe3Pa.c
Invoking: GCC C Compiler
gcc -O0 -g3 -Wall -c -fmessage-length=0 -MMD -MP -MF"src/Aufgabe3Pa.d" -MT"src/Aufgabe3Pa.o" -o "src/Aufgabe3Pa.o" "../src/Aufgabe3Pa.c"
../src/Aufgabe3Pa.c:5:26: warning: suggest braces around initialization of subobject [-Wmissing-braces]
  double matrix[N][N] = {0.0};/* Deklaration der Matrix als 2-dim. Array */
                         ^~~
                         {  }
1 warning generated.
Finished building: ../src/Aufgabe3Pa.c
 
Building target: c-training
Invoking: MacOS X C Linker
gcc  -o "c-training"  ./src/Aufgabe3Pa.o   
Finished building target: c-training
 
18:18:35 **** Incremental Build of configuration Debug for project c-training ****
make all 
make: Nothing to be done for `all'.
18:19:11 **** Incremental Build of configuration Debug for project c-training ****
make all 
Building file: ../src/Aufgabe3Pa.c
Invoking: GCC C Compiler
gcc -O0 -g3 -Wall -c -fmessage-length=0 -MMD -MP -MF"src/Aufgabe3Pa.d" -MT"src/Aufgabe3Pa.o" -o "src/Aufgabe3Pa.o" "../src/Aufgabe3Pa.c"
../src/Aufgabe3Pa.c:5:26: warning: suggest braces around initialization of subobject [-Wmissing-braces]
  double matrix[N][N] = {0.0};/* Deklaration der Matrix als 2-dim. Array */
                         ^~~
                         {  }
1 warning generated.
Finished building: ../src/Aufgabe3Pa.c
 
Building target: c-training
Invoking: MacOS X C Linker
gcc  -o "c-training"  ./src/Aufgabe3Pa.o   
Finished building target: c-training
 
18:19:12 **** Incremental Build of configuration Debug for project c-training ****
make all 
make: Nothing to be done for `all'.
18:37:24 **** Incremental Build of configuration Debug for project c-training ****
make all 
Building file: ../src/Aufgabe3Pa.c
Invoking: GCC C Compiler
gcc -O0 -g3 -Wall -c -fmessage-length=0 -MMD -MP -MF"src/Aufgabe3Pa.d" -MT"src/Aufgabe3Pa.o" -o "src/Aufgabe3Pa.o" "../src/Aufgabe3Pa.c"
../src/Aufgabe3Pa.c:5:26: warning: suggest braces around initialization of subobject [-Wmissing-braces]
  double matrix[N][N] = {0.0};/* Deklaration der Matrix als 2-dim. Array */
                         ^~~
                         {  }
../src/Aufgabe3Pa.c:38:31: error: expected expression
  for (int zeile = 0; zeile < ; zeile++){
                              ^
1 warning and 1 error generated.
make: *** [src/Aufgabe3Pa.o] Error 1
"make all" terminated with exit code 2. Build might be incomplete.
18:37:42 **** Incremental Build of configuration Debug for project c-training ****
make all 
Building file: ../src/Aufgabe3Pa.c
Invoking: GCC C Compiler
gcc -O0 -g3 -Wall -c -fmessage-length=0 -MMD -MP -MF"src/Aufgabe3Pa.d" -MT"src/Aufgabe3Pa.o" -o "src/Aufgabe3Pa.o" "../src/Aufgabe3Pa.c"
../src/Aufgabe3Pa.c:5:26: warning: suggest braces around initialization of subobject [-Wmissing-braces]
  double matrix[N][N] = {0.0};/* Deklaration der Matrix als 2-dim. Array */
                         ^~~
                         {  }
1 warning generated.
Finished building: ../src/Aufgabe3Pa.c
 
Building target: c-training
Invoking: MacOS X C Linker
gcc  -o "c-training"  ./src/Aufgabe3Pa.o   
Finished building target: c-training
 
18:37:43 **** Incremental Build of configuration Debug for project c-training ****
make all 
make: Nothing to be done for `all'.
18:38:48 **** Incremental Build of configuration Debug for project c-training ****
make all 
Building file: ../src/Aufgabe3Pa.c
Invoking: GCC C Compiler
gcc -O0 -g3 -Wall -c -fmessage-length=0 -MMD -MP -MF"src/Aufgabe3Pa.d" -MT"src/Aufgabe3Pa.o" -o "src/Aufgabe3Pa.o" "../src/Aufgabe3Pa.c"
../src/Aufgabe3Pa.c:5:26: warning: suggest braces around initialization of subobject [-Wmissing-braces]
  double matrix[N][N] = {0.0};/* Deklaration der Matrix als 2-dim. Array */
                         ^~~
                         {  }
1 warning generated.
Finished building: ../src/Aufgabe3Pa.c
 
Building target: c-training
Invoking: MacOS X C Linker
gcc  -o "c-training"  ./src/Aufgabe3Pa.o   
Finished building target: c-training
 
18:38:48 **** Incremental Build of configuration Debug for project c-training ****
make all 
make: Nothing to be done for `all'.
18:40:50 **** Incremental Build of configuration Debug for project c-training ****
make all 
Building file: ../src/Aufgabe3Pa.c
Invoking: GCC C Compiler
gcc -O0 -g3 -Wall -c -fmessage-length=0 -MMD -MP -MF"src/Aufgabe3Pa.d" -MT"src/Aufgabe3Pa.o" -o "src/Aufgabe3Pa.o" "../src/Aufgabe3Pa.c"
../src/Aufgabe3Pa.c:5:26: warning: suggest braces around initialization of subobject [-Wmissing-braces]
  double matrix[N][N] = {0.0};/* Deklaration der Matrix als 2-dim. Array */
                         ^~~
                         {  }
1 warning generated.
Finished building: ../src/Aufgabe3Pa.c
 
Building target: c-training
Invoking: MacOS X C Linker
gcc  -o "c-training"  ./src/Aufgabe3Pa.o   
Finished building target: c-training
 
18:40:51 **** Incremental Build of configuration Debug for project c-training ****
make all 
make: Nothing to be done for `all'.
18:42:44 **** Incremental Build of configuration Debug for project c-training ****
make all 
Building file: ../src/Aufgabe3Pa.c
Invoking: GCC C Compiler
gcc -O0 -g3 -Wall -c -fmessage-length=0 -MMD -MP -MF"src/Aufgabe3Pa.d" -MT"src/Aufgabe3Pa.o" -o "src/Aufgabe3Pa.o" "../src/Aufgabe3Pa.c"
../src/Aufgabe3Pa.c:5:26: warning: suggest braces around initialization of subobject [-Wmissing-braces]
  double matrix[N][N] = {0.0};/* Deklaration der Matrix als 2-dim. Array */
                         ^~~
                         {  }
../src/Aufgabe3Pa.c:19:31: error: expected ';' after expression
  printf("Normaler Matrix:\n")
                              ^
                              ;
../src/Aufgabe3Pa.c:46:35: error: expected ';' after expression
  printf("\nTransposed Matrix:\n")
                                  ^
                                  ;
1 warning and 2 errors generated.
make: *** [src/Aufgabe3Pa.o] Error 1
"make all" terminated with exit code 2. Build might be incomplete.
18:42:45 **** Incremental Build of configuration Debug for project c-training ****
make all 
Building file: ../src/Aufgabe3Pa.c
Invoking: GCC C Compiler
gcc -O0 -g3 -Wall -c -fmessage-length=0 -MMD -MP -MF"src/Aufgabe3Pa.d" -MT"src/Aufgabe3Pa.o" -o "src/Aufgabe3Pa.o" "../src/Aufgabe3Pa.c"
../src/Aufgabe3Pa.c:5:26: warning: suggest braces around initialization of subobject [-Wmissing-braces]
  double matrix[N][N] = {0.0};/* Deklaration der Matrix als 2-dim. Array */
                         ^~~
                         {  }
../src/Aufgabe3Pa.c:19:31: error: expected ';' after expression
  printf("Normaler Matrix:\n")
                              ^
                              ;
../src/Aufgabe3Pa.c:46:35: error: expected ';' after expression
  printf("\nTransposed Matrix:\n")
                                  ^
                                  ;
1 warning and 2 errors generated.
make: *** [src/Aufgabe3Pa.o] Error 1
"make all" terminated with exit code 2. Build might be incomplete.
18:42:49 **** Incremental Build of configuration Debug for project c-training ****
make all 
Building file: ../src/Aufgabe3Pa.c
Invoking: GCC C Compiler
gcc -O0 -g3 -Wall -c -fmessage-length=0 -MMD -MP -MF"src/Aufgabe3Pa.d" -MT"src/Aufgabe3Pa.o" -o "src/Aufgabe3Pa.o" "../src/Aufgabe3Pa.c"
../src/Aufgabe3Pa.c:5:26: warning: suggest braces around initialization of subobject [-Wmissing-braces]
  double matrix[N][N] = {0.0};/* Deklaration der Matrix als 2-dim. Array */
                         ^~~
                         {  }
../src/Aufgabe3Pa.c:19:31: error: expected ';' after expression
  printf("Normaler Matrix:\n")
                              ^
                              ;
1 warning and 1 error generated.
make: *** [src/Aufgabe3Pa.o] Error 1
"make all" terminated with exit code 2. Build might be incomplete.
18:42:50 **** Incremental Build of configuration Debug for project c-training ****
make all 
Building file: ../src/Aufgabe3Pa.c
Invoking: GCC C Compiler
gcc -O0 -g3 -Wall -c -fmessage-length=0 -MMD -MP -MF"src/Aufgabe3Pa.d" -MT"src/Aufgabe3Pa.o" -o "src/Aufgabe3Pa.o" "../src/Aufgabe3Pa.c"
../src/Aufgabe3Pa.c:5:26: warning: suggest braces around initialization of subobject [-Wmissing-braces]
  double matrix[N][N] = {0.0};/* Deklaration der Matrix als 2-dim. Array */
                         ^~~
                         {  }
../src/Aufgabe3Pa.c:19:31: error: expected ';' after expression
  printf("Normaler Matrix:\n")
                              ^
                              ;
1 warning and 1 error generated.
make: *** [src/Aufgabe3Pa.o] Error 1
"make all" terminated with exit code 2. Build might be incomplete.
18:42:56 **** Incremental Build of configuration Debug for project c-training ****
make all 
Building file: ../src/Aufgabe3Pa.c
Invoking: GCC C Compiler
gcc -O0 -g3 -Wall -c -fmessage-length=0 -MMD -MP -MF"src/Aufgabe3Pa.d" -MT"src/Aufgabe3Pa.o" -o "src/Aufgabe3Pa.o" "../src/Aufgabe3Pa.c"
../src/Aufgabe3Pa.c:5:26: warning: suggest braces around initialization of subobject [-Wmissing-braces]
  double matrix[N][N] = {0.0};/* Deklaration der Matrix als 2-dim. Array */
                         ^~~
                         {  }
1 warning generated.
Finished building: ../src/Aufgabe3Pa.c
 
Building target: c-training
Invoking: MacOS X C Linker
gcc  -o "c-training"  ./src/Aufgabe3Pa.o   
Finished building target: c-training
 
18:42:57 **** Incremental Build of configuration Debug for project c-training ****
make all 
make: Nothing to be done for `all'.
18:46:34 **** Incremental Build of configuration Debug for project c-training ****
make all 
Building file: ../src/Aufgabe3Pb.c
Invoking: GCC C Compiler
gcc -O0 -g3 -Wall -c -fmessage-length=0 -MMD -MP -MF"src/Aufgabe3Pb.d" -MT"src/Aufgabe3Pb.o" -o "src/Aufgabe3Pb.o" "../src/Aufgabe3Pb.c"
../src/Aufgabe3Pb.c:5:26: warning: suggest braces around initialization of subobject [-Wmissing-braces]
  double matrix[N][N] = {0.0};/* Deklaration der Matrix als 2-dim. Array */
                         ^~~
                         {  }
1 warning generated.
Finished building: ../src/Aufgabe3Pb.c
 
Building target: c-training
Invoking: MacOS X C Linker
gcc  -o "c-training"  ./src/Aufgabe3Pb.o   
Finished building target: c-training
 
18:47:02 **** Incremental Build of configuration Debug for project c-training ****
make all 
Building file: ../src/Aufgabe3Pb.c
Invoking: GCC C Compiler
gcc -O0 -g3 -Wall -c -fmessage-length=0 -MMD -MP -MF"src/Aufgabe3Pb.d" -MT"src/Aufgabe3Pb.o" -o "src/Aufgabe3Pb.o" "../src/Aufgabe3Pb.c"
../src/Aufgabe3Pb.c:5:26: warning: suggest braces around initialization of subobject [-Wmissing-braces]
  double matrix[N][N] = {0.0};/* Deklaration der Matrix als 2-dim. Array */
                         ^~~
                         {  }
1 warning generated.
Finished building: ../src/Aufgabe3Pb.c
 
Building target: c-training
Invoking: MacOS X C Linker
gcc  -o "c-training"  ./src/Aufgabe3Pb.o   
Finished building target: c-training
 
18:47:03 **** Incremental Build of configuration Debug for project c-training ****
make all 
make: Nothing to be done for `all'.
18:47:04 **** Incremental Build of configuration Debug for project c-training ****
make all 
make: Nothing to be done for `all'.
18:47:15 **** Incremental Build of configuration Debug for project c-training ****
make all 
Building file: ../src/Aufgabe3Pb.c
Invoking: GCC C Compiler
gcc -O0 -g3 -Wall -c -fmessage-length=0 -MMD -MP -MF"src/Aufgabe3Pb.d" -MT"src/Aufgabe3Pb.o" -o "src/Aufgabe3Pb.o" "../src/Aufgabe3Pb.c"
../src/Aufgabe3Pb.c:5:26: warning: suggest braces around initialization of subobject [-Wmissing-braces]
  double matrix[N][N] = {0.0};/* Deklaration der Matrix als 2-dim. Array */
                         ^~~
                         {  }
1 warning generated.
Finished building: ../src/Aufgabe3Pb.c
 
Building target: c-training
Invoking: MacOS X C Linker
gcc  -o "c-training"  ./src/Aufgabe3Pb.o   
Finished building target: c-training
 
20:40:33 **** Incremental Build of configuration Debug for project c-training ****
make all 
Building file: ../src/Aufgabe3Pb.c
Invoking: GCC C Compiler
gcc -O0 -g3 -Wall -c -fmessage-length=0 -MMD -MP -MF"src/Aufgabe3Pb.d" -MT"src/Aufgabe3Pb.o" -o "src/Aufgabe3Pb.o" "../src/Aufgabe3Pb.c"
../src/Aufgabe3Pb.c:7:10: error: definition of variable with array type needs an explicit size or an initializer
    char str2[]; /* Ausgabestring */
         ^
../src/Aufgabe3Pb.c:23:15: warning: incompatible pointer to integer conversion assigning to 'char' from 'char *'; dereference with * [-Wint-conversion]
        *p2++ = p1--;
              ^ ~~~~
1 warning and 1 error generated.
make: *** [src/Aufgabe3Pb.o] Error 1
"make all" terminated with exit code 2. Build might be incomplete.
20:41:59 **** Incremental Build of configuration Debug for project c-training ****
make all 
Building file: ../src/Aufgabe3Pb.c
Invoking: GCC C Compiler
gcc -O0 -g3 -Wall -c -fmessage-length=0 -MMD -MP -MF"src/Aufgabe3Pb.d" -MT"src/Aufgabe3Pb.o" -o "src/Aufgabe3Pb.o" "../src/Aufgabe3Pb.c"
../src/Aufgabe3Pb.c:23:15: warning: incompatible pointer to integer conversion assigning to 'char' from 'char *'; dereference with * [-Wint-conversion]
        *p2++ = p1--;
              ^ ~~~~
../src/Aufgabe3Pb.c:11:17: warning: variable 'str1' is uninitialized when used here [-Wuninitialized]
    scanf("%s", str1);
                ^~~~
../src/Aufgabe3Pb.c:6:15: note: initialize the variable 'str1' to silence this warning
    char *str1; /* Eingabestring */
              ^
               = NULL
2 warnings generated.
Finished building: ../src/Aufgabe3Pb.c
 
Building target: c-training
Invoking: MacOS X C Linker
gcc  -o "c-training"  ./src/Aufgabe3Pb.o   
Finished building target: c-training
 
20:42:08 **** Incremental Build of configuration Debug for project c-training ****
make all 
Building file: ../src/Aufgabe3Pb.c
Invoking: GCC C Compiler
gcc -O0 -g3 -Wall -c -fmessage-length=0 -MMD -MP -MF"src/Aufgabe3Pb.d" -MT"src/Aufgabe3Pb.o" -o "src/Aufgabe3Pb.o" "../src/Aufgabe3Pb.c"
../src/Aufgabe3Pb.c:23:17: error: cannot take the address of an rvalue of type 'char *'
        *p2++ = &p1--;
                ^~~~~
1 error generated.
make: *** [src/Aufgabe3Pb.o] Error 1
"make all" terminated with exit code 2. Build might be incomplete.
20:42:50 **** Incremental Build of configuration Debug for project c-training ****
make all 
Building file: ../src/Aufgabe3Pb.c
Invoking: GCC C Compiler
gcc -O0 -g3 -Wall -c -fmessage-length=0 -MMD -MP -MF"src/Aufgabe3Pb.d" -MT"src/Aufgabe3Pb.o" -o "src/Aufgabe3Pb.o" "../src/Aufgabe3Pb.c"
../src/Aufgabe3Pb.c:11:17: warning: variable 'str1' is uninitialized when used here [-Wuninitialized]
    scanf("%s", str1);
                ^~~~
../src/Aufgabe3Pb.c:6:15: note: initialize the variable 'str1' to silence this warning
    char *str1; /* Eingabestring */
              ^
               = NULL
1 warning generated.
Finished building: ../src/Aufgabe3Pb.c
 
Building target: c-training
Invoking: MacOS X C Linker
gcc  -o "c-training"  ./src/Aufgabe3Pb.o   
Finished building target: c-training
 
20:43:14 **** Incremental Build of configuration Debug for project c-training ****
make all 
Building file: ../src/Aufgabe3Pb.c
Invoking: GCC C Compiler
gcc -O0 -g3 -Wall -c -fmessage-length=0 -MMD -MP -MF"src/Aufgabe3Pb.d" -MT"src/Aufgabe3Pb.o" -o "src/Aufgabe3Pb.o" "../src/Aufgabe3Pb.c"
../src/Aufgabe3Pb.c:6:18: error: use of undeclared identifier 'nullptr'
    char *str1 = nullptr; /* Eingabestring */
                 ^
1 error generated.
make: *** [src/Aufgabe3Pb.o] Error 1
"make all" terminated with exit code 2. Build might be incomplete.
20:43:24 **** Incremental Build of configuration Debug for project c-training ****
make all 
Building file: ../src/Aufgabe3Pb.c
Invoking: GCC C Compiler
gcc -O0 -g3 -Wall -c -fmessage-length=0 -MMD -MP -MF"src/Aufgabe3Pb.d" -MT"src/Aufgabe3Pb.o" -o "src/Aufgabe3Pb.o" "../src/Aufgabe3Pb.c"
Finished building: ../src/Aufgabe3Pb.c
 
Building target: c-training
Invoking: MacOS X C Linker
gcc  -o "c-training"  ./src/Aufgabe3Pb.o   
Finished building target: c-training
 
20:43:29 **** Incremental Build of configuration Debug for project c-training ****
make all 
make: Nothing to be done for `all'.
20:43:45 **** Incremental Build of configuration Debug for project c-training ****
make all 
Building file: ../src/Aufgabe3Pb.c
Invoking: GCC C Compiler
gcc -O0 -g3 -Wall -c -fmessage-length=0 -MMD -MP -MF"src/Aufgabe3Pb.d" -MT"src/Aufgabe3Pb.o" -o "src/Aufgabe3Pb.o" "../src/Aufgabe3Pb.c"
Finished building: ../src/Aufgabe3Pb.c
 
Building target: c-training
Invoking: MacOS X C Linker
gcc  -o "c-training"  ./src/Aufgabe3Pb.o   
Finished building target: c-training
 
20:43:46 **** Incremental Build of configuration Debug for project c-training ****
make all 
make: Nothing to be done for `all'.
20:44:06 **** Incremental Build of configuration Debug for project c-training ****
make all 
Building file: ../src/Aufgabe3Pb.c
Invoking: GCC C Compiler
gcc -O0 -g3 -Wall -c -fmessage-length=0 -MMD -MP -MF"src/Aufgabe3Pb.d" -MT"src/Aufgabe3Pb.o" -o "src/Aufgabe3Pb.o" "../src/Aufgabe3Pb.c"
../src/Aufgabe3Pb.c:11:17: warning: format specifies type 'char *' but the argument has type 'char **' [-Wformat]
    scanf("%s", &str1);
           ~~   ^~~~~
1 warning generated.
Finished building: ../src/Aufgabe3Pb.c
 
Building target: c-training
Invoking: MacOS X C Linker
gcc  -o "c-training"  ./src/Aufgabe3Pb.o   
Finished building target: c-training
 
20:44:07 **** Incremental Build of configuration Debug for project c-training ****
make all 
make: Nothing to be done for `all'.
20:44:12 **** Incremental Build of configuration Debug for project c-training ****
make all 
make: Nothing to be done for `all'.
20:44:25 **** Incremental Build of configuration Debug for project c-training ****
make all 
Building file: ../src/Aufgabe3Pb.c
Invoking: GCC C Compiler
gcc -O0 -g3 -Wall -c -fmessage-length=0 -MMD -MP -MF"src/Aufgabe3Pb.d" -MT"src/Aufgabe3Pb.o" -o "src/Aufgabe3Pb.o" "../src/Aufgabe3Pb.c"
../src/Aufgabe3Pb.c:11:17: warning: format specifies type 'char *' but the argument has type 'char **' [-Wformat]
    scanf("%s", &str1);
           ~~   ^~~~~
1 warning generated.
Finished building: ../src/Aufgabe3Pb.c
 
Building target: c-training
Invoking: MacOS X C Linker
gcc  -o "c-training"  ./src/Aufgabe3Pb.o   
Finished building target: c-training
 
20:44:26 **** Incremental Build of configuration Debug for project c-training ****
make all 
make: Nothing to be done for `all'.
20:44:44 **** Incremental Build of configuration Debug for project c-training ****
make all 
Building file: ../src/Aufgabe3Pb.c
Invoking: GCC C Compiler
gcc -O0 -g3 -Wall -c -fmessage-length=0 -MMD -MP -MF"src/Aufgabe3Pb.d" -MT"src/Aufgabe3Pb.o" -o "src/Aufgabe3Pb.o" "../src/Aufgabe3Pb.c"
../src/Aufgabe3Pb.c:6:18: warning: empty character constant [-Winvalid-pp-token]
    char *str1 = ''; /* Eingabestring */
                 ^
../src/Aufgabe3Pb.c:6:18: error: expected expression
../src/Aufgabe3Pb.c:11:17: warning: format specifies type 'char *' but the argument has type 'char **' [-Wformat]
    scanf("%s", &str1);
           ~~   ^~~~~
2 warnings and 1 error generated.
make: *** [src/Aufgabe3Pb.o] Error 1
"make all" terminated with exit code 2. Build might be incomplete.
20:44:47 **** Incremental Build of configuration Debug for project c-training ****
make all 
Building file: ../src/Aufgabe3Pb.c
Invoking: GCC C Compiler
gcc -O0 -g3 -Wall -c -fmessage-length=0 -MMD -MP -MF"src/Aufgabe3Pb.d" -MT"src/Aufgabe3Pb.o" -o "src/Aufgabe3Pb.o" "../src/Aufgabe3Pb.c"
../src/Aufgabe3Pb.c:11:17: warning: format specifies type 'char *' but the argument has type 'char **' [-Wformat]
    scanf("%s", &str1);
           ~~   ^~~~~
1 warning generated.
Finished building: ../src/Aufgabe3Pb.c
 
Building target: c-training
Invoking: MacOS X C Linker
gcc  -o "c-training"  ./src/Aufgabe3Pb.o   
Finished building target: c-training
 
20:44:55 **** Incremental Build of configuration Debug for project c-training ****
make all 
Building file: ../src/Aufgabe3Pb.c
Invoking: GCC C Compiler
gcc -O0 -g3 -Wall -c -fmessage-length=0 -MMD -MP -MF"src/Aufgabe3Pb.d" -MT"src/Aufgabe3Pb.o" -o "src/Aufgabe3Pb.o" "../src/Aufgabe3Pb.c"
Finished building: ../src/Aufgabe3Pb.c
 
Building target: c-training
Invoking: MacOS X C Linker
gcc  -o "c-training"  ./src/Aufgabe3Pb.o   
Finished building target: c-training
 
20:44:59 **** Incremental Build of configuration Debug for project c-training ****
make all 
make: Nothing to be done for `all'.
20:45:25 **** Incremental Build of configuration Debug for project c-training ****
make all 
Building file: ../src/Aufgabe3Pb.c
Invoking: GCC C Compiler
gcc -O0 -g3 -Wall -c -fmessage-length=0 -MMD -MP -MF"src/Aufgabe3Pb.d" -MT"src/Aufgabe3Pb.o" -o "src/Aufgabe3Pb.o" "../src/Aufgabe3Pb.c"
Finished building: ../src/Aufgabe3Pb.c
 
Building target: c-training
Invoking: MacOS X C Linker
gcc  -o "c-training"  ./src/Aufgabe3Pb.o   
Finished building target: c-training
 
20:45:25 **** Incremental Build of configuration Debug for project c-training ****
make all 
make: Nothing to be done for `all'.
20:45:59 **** Incremental Build of configuration Debug for project c-training ****
make all 
Building file: ../src/Aufgabe3Pb.c
Invoking: GCC C Compiler
gcc -O0 -g3 -Wall -c -fmessage-length=0 -MMD -MP -MF"src/Aufgabe3Pb.d" -MT"src/Aufgabe3Pb.o" -o "src/Aufgabe3Pb.o" "../src/Aufgabe3Pb.c"
../src/Aufgabe3Pb.c:6:5: error: use of undeclared identifier 'string'
    string str1 = NULL; /* Eingabestring */
    ^
../src/Aufgabe3Pb.c:11:17: error: use of undeclared identifier 'str1'; did you mean 'str2'?
    scanf("%s", str1);
                ^~~~
                str2
../src/Aufgabe3Pb.c:7:10: note: 'str2' declared here
    char str2[MAX_LENGTH]; /* Ausgabestring */
         ^
../src/Aufgabe3Pb.c:15:21: error: use of undeclared identifier 'str1'; did you mean 'str2'?
    for (i = strlen(str1) - 1; i >= 0; i--) {
                    ^~~~
                    str2
../src/Aufgabe3Pb.c:7:10: note: 'str2' declared here
    char str2[MAX_LENGTH]; /* Ausgabestring */
         ^
../src/Aufgabe3Pb.c:16:19: error: use of undeclared identifier 'str1'; did you mean 'str2'?
        printf("%c", str1[i]);
                     ^~~~
                     str2
../src/Aufgabe3Pb.c:7:10: note: 'str2' declared here
    char str2[MAX_LENGTH]; /* Ausgabestring */
         ^
../src/Aufgabe3Pb.c:20:10: error: use of undeclared identifier 'str1'; did you mean 'str2'?
    p1 = str1 + strlen(str1) - 1; /* p1 zeigt auf das Ende von str1 */
         ^~~~
         str2
../src/Aufgabe3Pb.c:7:10: note: 'str2' declared here
    char str2[MAX_LENGTH]; /* Ausgabestring */
         ^
../src/Aufgabe3Pb.c:20:24: error: use of undeclared identifier 'str1'; did you mean 'str2'?
    p1 = str1 + strlen(str1) - 1; /* p1 zeigt auf das Ende von str1 */
                       ^~~~
                       str2
../src/Aufgabe3Pb.c:7:10: note: 'str2' declared here
    char str2[MAX_LENGTH]; /* Ausgabestring */
         ^
../src/Aufgabe3Pb.c:25:18: error: use of undeclared identifier 'str1'; did you mean 'str2'?
    while (p1 >= str1){
                 ^~~~
                 str2
../src/Aufgabe3Pb.c:7:10: note: 'str2' declared here
    char str2[MAX_LENGTH]; /* Ausgabestring */
         ^
../src/Aufgabe3Pb.c:32:30: error: use of undeclared identifier 'str1'; did you mean 'str2'?
    printf("\n%s <--> %s\n", str1, str2);
                             ^~~~
                             str2
../src/Aufgabe3Pb.c:7:10: note: 'str2' declared here
    char str2[MAX_LENGTH]; /* Ausgabestring */
         ^
8 errors generated.
make: *** [src/Aufgabe3Pb.o] Error 1
"make all" terminated with exit code 2. Build might be incomplete.
20:46:12 **** Incremental Build of configuration Debug for project c-training ****
make all 
Building file: ../src/Aufgabe3Pb.c
Invoking: GCC C Compiler
gcc -O0 -g3 -Wall -c -fmessage-length=0 -MMD -MP -MF"src/Aufgabe3Pb.d" -MT"src/Aufgabe3Pb.o" -o "src/Aufgabe3Pb.o" "../src/Aufgabe3Pb.c"
../src/Aufgabe3Pb.c:6:5: error: use of undeclared identifier 'string'
    string str1; /* Eingabestring */
    ^
../src/Aufgabe3Pb.c:11:17: error: use of undeclared identifier 'str1'; did you mean 'str2'?
    scanf("%s", str1);
                ^~~~
                str2
../src/Aufgabe3Pb.c:7:10: note: 'str2' declared here
    char str2[MAX_LENGTH]; /* Ausgabestring */
         ^
../src/Aufgabe3Pb.c:15:21: error: use of undeclared identifier 'str1'; did you mean 'str2'?
    for (i = strlen(str1) - 1; i >= 0; i--) {
                    ^~~~
                    str2
../src/Aufgabe3Pb.c:7:10: note: 'str2' declared here
    char str2[MAX_LENGTH]; /* Ausgabestring */
         ^
../src/Aufgabe3Pb.c:16:19: error: use of undeclared identifier 'str1'; did you mean 'str2'?
        printf("%c", str1[i]);
                     ^~~~
                     str2
../src/Aufgabe3Pb.c:7:10: note: 'str2' declared here
    char str2[MAX_LENGTH]; /* Ausgabestring */
         ^
../src/Aufgabe3Pb.c:20:10: error: use of undeclared identifier 'str1'; did you mean 'str2'?
    p1 = str1 + strlen(str1) - 1; /* p1 zeigt auf das Ende von str1 */
         ^~~~
         str2
../src/Aufgabe3Pb.c:7:10: note: 'str2' declared here
    char str2[MAX_LENGTH]; /* Ausgabestring */
         ^
../src/Aufgabe3Pb.c:20:24: error: use of undeclared identifier 'str1'; did you mean 'str2'?
    p1 = str1 + strlen(str1) - 1; /* p1 zeigt auf das Ende von str1 */
                       ^~~~
                       str2
../src/Aufgabe3Pb.c:7:10: note: 'str2' declared here
    char str2[MAX_LENGTH]; /* Ausgabestring */
         ^
../src/Aufgabe3Pb.c:25:18: error: use of undeclared identifier 'str1'; did you mean 'str2'?
    while (p1 >= str1){
                 ^~~~
                 str2
../src/Aufgabe3Pb.c:7:10: note: 'str2' declared here
    char str2[MAX_LENGTH]; /* Ausgabestring */
         ^
../src/Aufgabe3Pb.c:32:30: error: use of undeclared identifier 'str1'; did you mean 'str2'?
    printf("\n%s <--> %s\n", str1, str2);
                             ^~~~
                             str2
../src/Aufgabe3Pb.c:7:10: note: 'str2' declared here
    char str2[MAX_LENGTH]; /* Ausgabestring */
         ^
8 errors generated.
make: *** [src/Aufgabe3Pb.o] Error 1
"make all" terminated with exit code 2. Build might be incomplete.
20:47:12 **** Incremental Build of configuration Debug for project c-training ****
make all 
Building file: ../src/Aufgabe3Pb.c
Invoking: GCC C Compiler
gcc -O0 -g3 -Wall -c -fmessage-length=0 -MMD -MP -MF"src/Aufgabe3Pb.d" -MT"src/Aufgabe3Pb.o" -o "src/Aufgabe3Pb.o" "../src/Aufgabe3Pb.c"
Finished building: ../src/Aufgabe3Pb.c
 
Building target: c-training
Invoking: MacOS X C Linker
gcc  -o "c-training"  ./src/Aufgabe3Pb.o   
Finished building target: c-training
 
20:47:15 **** Incremental Build of configuration Debug for project c-training ****
make all 
make: Nothing to be done for `all'.
20:47:33 **** Incremental Build of configuration Debug for project c-training ****
make all 
Building file: ../src/Aufgabe3Pb.c
Invoking: GCC C Compiler
gcc -O0 -g3 -Wall -c -fmessage-length=0 -MMD -MP -MF"src/Aufgabe3Pb.d" -MT"src/Aufgabe3Pb.o" -o "src/Aufgabe3Pb.o" "../src/Aufgabe3Pb.c"
Finished building: ../src/Aufgabe3Pb.c
 
Building target: c-training
Invoking: MacOS X C Linker
gcc  -o "c-training"  ./src/Aufgabe3Pb.o   
Finished building target: c-training
 
20:47:34 **** Incremental Build of configuration Debug for project c-training ****
make all 
make: Nothing to be done for `all'.
20:47:44 **** Incremental Build of configuration Debug for project c-training ****
make all 
Building file: ../src/Aufgabe3Pb.c
Invoking: GCC C Compiler
gcc -O0 -g3 -Wall -c -fmessage-length=0 -MMD -MP -MF"src/Aufgabe3Pb.d" -MT"src/Aufgabe3Pb.o" -o "src/Aufgabe3Pb.o" "../src/Aufgabe3Pb.c"
Finished building: ../src/Aufgabe3Pb.c
 
Building target: c-training
Invoking: MacOS X C Linker
gcc  -o "c-training"  ./src/Aufgabe3Pb.o   
Finished building target: c-training
 
20:47:45 **** Incremental Build of configuration Debug for project c-training ****
make all 
make: Nothing to be done for `all'.
20:48:03 **** Incremental Build of configuration Debug for project c-training ****
make all 
Building file: ../src/Aufgabe3Pb.c
Invoking: GCC C Compiler
gcc -O0 -g3 -Wall -c -fmessage-length=0 -MMD -MP -MF"src/Aufgabe3Pb.d" -MT"src/Aufgabe3Pb.o" -o "src/Aufgabe3Pb.o" "../src/Aufgabe3Pb.c"
../src/Aufgabe3Pb.c:27:12: warning: incompatible pointer to integer conversion assigning to 'char' from 'char *'; dereference with * [-Wint-conversion]
        *p2++ = p1--;
              ^ ~~~~
1 warning generated.
Finished building: ../src/Aufgabe3Pb.c
 
Building target: c-training
Invoking: MacOS X C Linker
gcc  -o "c-training"  ./src/Aufgabe3Pb.o   
Finished building target: c-training
 
20:48:10 **** Incremental Build of configuration Debug for project c-training ****
make all 
Building file: ../src/Aufgabe3Pb.c
Invoking: GCC C Compiler
gcc -O0 -g3 -Wall -c -fmessage-length=0 -MMD -MP -MF"src/Aufgabe3Pb.d" -MT"src/Aufgabe3Pb.o" -o "src/Aufgabe3Pb.o" "../src/Aufgabe3Pb.c"
../src/Aufgabe3Pb.c:27:14: error: cannot take the address of an rvalue of type 'char *'
        *p2++ = &p1--;
                ^~~~~
1 error generated.
make: *** [src/Aufgabe3Pb.o] Error 1
"make all" terminated with exit code 2. Build might be incomplete.
20:48:16 **** Incremental Build of configuration Debug for project c-training ****
make all 
Building file: ../src/Aufgabe3Pb.c
Invoking: GCC C Compiler
gcc -O0 -g3 -Wall -c -fmessage-length=0 -MMD -MP -MF"src/Aufgabe3Pb.d" -MT"src/Aufgabe3Pb.o" -o "src/Aufgabe3Pb.o" "../src/Aufgabe3Pb.c"
../src/Aufgabe3Pb.c:27:11: error: expression is not assignable
        p2++ = p1--;
        ~~~~ ^
1 error generated.
make: *** [src/Aufgabe3Pb.o] Error 1
"make all" terminated with exit code 2. Build might be incomplete.
20:48:24 **** Incremental Build of configuration Debug for project c-training ****
make all 
Building file: ../src/Aufgabe3Pb.c
Invoking: GCC C Compiler
gcc -O0 -g3 -Wall -c -fmessage-length=0 -MMD -MP -MF"src/Aufgabe3Pb.d" -MT"src/Aufgabe3Pb.o" -o "src/Aufgabe3Pb.o" "../src/Aufgabe3Pb.c"
Finished building: ../src/Aufgabe3Pb.c
 
Building target: c-training
Invoking: MacOS X C Linker
gcc  -o "c-training"  ./src/Aufgabe3Pb.o   
Finished building target: c-training
 
20:48:25 **** Incremental Build of configuration Debug for project c-training ****
make all 
make: Nothing to be done for `all'.
20:56:42 **** Incremental Build of configuration Debug for project c-training ****
make all 
Building file: ../src/Aufgabe 3.P.c.c
Invoking: GCC C Compiler
gcc -O0 -g3 -Wall -c -fmessage-length=0 -MMD -MP -MF"src/Aufgabe 3.P.c.d" -MT"src/Aufgabe 3.P.c.o" -o "src/Aufgabe 3.P.c.o" "../src/Aufgabe 3.P.c.c"
Finished building: ../src/Aufgabe 3.P.c.c
 
Building target: c-training
Invoking: MacOS X C Linker
gcc  -o "c-training"  ./src/Aufgabe\ 3.P.c.o   
Finished building target: c-training
 
20:56:43 **** Incremental Build of configuration Debug for project c-training ****
make all 
make: Nothing to be done for `all'.
21:13:17 **** Incremental Build of configuration Debug for project c-training ****
make all 
Building file: ../src/Aufgabe 3.P.c.c
Invoking: GCC C Compiler
gcc -O0 -g3 -Wall -c -fmessage-length=0 -MMD -MP -MF"src/Aufgabe 3.P.c.d" -MT"src/Aufgabe 3.P.c.o" -o "src/Aufgabe 3.P.c.o" "../src/Aufgabe 3.P.c.c"
../src/Aufgabe 3.P.c.c:14:18: error: expression is not assignable
        str_aus = str ^ KONSTANT:
                        ^~~~~~~~
../src/Aufgabe 3.P.c.c:4:19: note: expanded from macro 'KONSTANT'
#define KONSTANT 9--c0
                 ~^
../src/Aufgabe 3.P.c.c:14:18: error: expected ';' after expression
../src/Aufgabe 3.P.c.c:4:21: note: expanded from macro 'KONSTANT'
#define KONSTANT 9--c0
                    ^
2 errors generated.
make: *** [src/Aufgabe 3.P.c.o] Error 1
"make all" terminated with exit code 2. Build might be incomplete.
21:13:44 **** Incremental Build of configuration Debug for project c-training ****
make all 
Building file: ../src/Aufgabe 3.P.c.c
Invoking: GCC C Compiler
gcc -O0 -g3 -Wall -c -fmessage-length=0 -MMD -MP -MF"src/Aufgabe 3.P.c.d" -MT"src/Aufgabe 3.P.c.o" -o "src/Aufgabe 3.P.c.o" "../src/Aufgabe 3.P.c.c"
../src/Aufgabe 3.P.c.c:9:11: error: unexpected ';' before ']'
        char str[MAX_LEANGE];
                 ^
../src/Aufgabe 3.P.c.c:5:22: note: expanded from macro 'MAX_LEANGE'
#define MAX_LEANGE 30;
                     ^
../src/Aufgabe 3.P.c.c:10:15: error: unexpected ';' before ']'
        char str_aus[MAX_LEANGE];
                     ^
../src/Aufgabe 3.P.c.c:5:22: note: expanded from macro 'MAX_LEANGE'
#define MAX_LEANGE 30;
                     ^
../src/Aufgabe 3.P.c.c:14:18: error: expression is not assignable
        str_aus = str ^ KONSTANT:
                        ^~~~~~~~
../src/Aufgabe 3.P.c.c:4:19: note: expanded from macro 'KONSTANT'
#define KONSTANT 9--c0;
                 ~^
../src/Aufgabe 3.P.c.c:14:18: error: expected ';' after expression
../src/Aufgabe 3.P.c.c:4:21: note: expanded from macro 'KONSTANT'
#define KONSTANT 9--c0;
                    ^
../src/Aufgabe 3.P.c.c:14:18: error: use of undeclared identifier 'c0'
../src/Aufgabe 3.P.c.c:4:21: note: expanded from macro 'KONSTANT'
#define KONSTANT 9--c0;
                    ^
../src/Aufgabe 3.P.c.c:14:26: error: expected expression
        str_aus = str ^ KONSTANT:
                                ^
6 errors generated.
make: *** [src/Aufgabe 3.P.c.o] Error 1
"make all" terminated with exit code 2. Build might be incomplete.
21:13:48 **** Incremental Build of configuration Debug for project c-training ****
make all 
Building file: ../src/Aufgabe 3.P.c.c
Invoking: GCC C Compiler
gcc -O0 -g3 -Wall -c -fmessage-length=0 -MMD -MP -MF"src/Aufgabe 3.P.c.d" -MT"src/Aufgabe 3.P.c.o" -o "src/Aufgabe 3.P.c.o" "../src/Aufgabe 3.P.c.c"
../src/Aufgabe 3.P.c.c:9:11: error: unexpected ';' before ']'
        char str[MAX_LEANGE];
                 ^
../src/Aufgabe 3.P.c.c:5:22: note: expanded from macro 'MAX_LEANGE'
#define MAX_LEANGE 30;
                     ^
../src/Aufgabe 3.P.c.c:10:15: error: unexpected ';' before ']'
        char str_aus[MAX_LEANGE];
                     ^
../src/Aufgabe 3.P.c.c:5:22: note: expanded from macro 'MAX_LEANGE'
#define MAX_LEANGE 30;
                     ^
2 errors generated.
make: *** [src/Aufgabe 3.P.c.o] Error 1
"make all" terminated with exit code 2. Build might be incomplete.
21:13:59 **** Incremental Build of configuration Debug for project c-training ****
make all 
Building file: ../src/Aufgabe 3.P.c.c
Invoking: GCC C Compiler
gcc -O0 -g3 -Wall -c -fmessage-length=0 -MMD -MP -MF"src/Aufgabe 3.P.c.d" -MT"src/Aufgabe 3.P.c.o" -o "src/Aufgabe 3.P.c.o" "../src/Aufgabe 3.P.c.c"
../src/Aufgabe 3.P.c.c:10:7: warning: unused variable 'str_aus' [-Wunused-variable]
        char str_aus[MAX_LEANGE];
             ^
1 warning generated.
Finished building: ../src/Aufgabe 3.P.c.c
 
Building target: c-training
Invoking: MacOS X C Linker
gcc  -o "c-training"  ./src/Aufgabe\ 3.P.c.o   
Finished building target: c-training
 
21:14:48 **** Incremental Build of configuration Debug for project c-training ****
make all 
Building file: ../src/Aufgabe 3.P.c.c
Invoking: GCC C Compiler
gcc -O0 -g3 -Wall -c -fmessage-length=0 -MMD -MP -MF"src/Aufgabe 3.P.c.d" -MT"src/Aufgabe 3.P.c.o" -o "src/Aufgabe 3.P.c.o" "../src/Aufgabe 3.P.c.c"
../src/Aufgabe 3.P.c.c:14:16: error: invalid operands to binary expression ('char[30]' and 'int')
        str_aus = str ^ KONSTANT;
                  ~~~ ^ ~~~~~~~~
1 error generated.
make: *** [src/Aufgabe 3.P.c.o] Error 1
"make all" terminated with exit code 2. Build might be incomplete.
21:15:16 **** Incremental Build of configuration Debug for project c-training ****
make all 
Building file: ../src/Aufgabe 3.P.c.c
Invoking: GCC C Compiler
gcc -O0 -g3 -Wall -c -fmessage-length=0 -MMD -MP -MF"src/Aufgabe 3.P.c.d" -MT"src/Aufgabe 3.P.c.o" -o "src/Aufgabe 3.P.c.o" "../src/Aufgabe 3.P.c.c"
../src/Aufgabe 3.P.c.c:14:16: error: invalid operands to binary expression ('char[30]' and 'char[4]')
        str_aus = str ^ KONSTANT;
                  ~~~ ^ ~~~~~~~~
1 error generated.
make: *** [src/Aufgabe 3.P.c.o] Error 1
"make all" terminated with exit code 2. Build might be incomplete.
21:15:27 **** Incremental Build of configuration Debug for project c-training ****
make all 
Building file: ../src/Aufgabe 3.P.c.c
Invoking: GCC C Compiler
gcc -O0 -g3 -Wall -c -fmessage-length=0 -MMD -MP -MF"src/Aufgabe 3.P.c.d" -MT"src/Aufgabe 3.P.c.o" -o "src/Aufgabe 3.P.c.o" "../src/Aufgabe 3.P.c.c"
../src/Aufgabe 3.P.c.c:14:16: error: invalid operands to binary expression ('char[30]' and 'int')
        str_aus = str ^ KONSTANT;
                  ~~~ ^ ~~~~~~~~
1 error generated.
make: *** [src/Aufgabe 3.P.c.o] Error 1
"make all" terminated with exit code 2. Build might be incomplete.
21:17:39 **** Incremental Build of configuration Debug for project c-training ****
make all 
Building file: ../src/Aufgabe 3.P.c.c
Invoking: GCC C Compiler
gcc -O0 -g3 -Wall -c -fmessage-length=0 -MMD -MP -MF"src/Aufgabe 3.P.c.d" -MT"src/Aufgabe 3.P.c.o" -o "src/Aufgabe 3.P.c.o" "../src/Aufgabe 3.P.c.c"
../src/Aufgabe 3.P.c.c:14:21: error: call to undeclared function 'sizeOf'; ISO C99 and later do not support implicit function declarations [-Wimplicit-function-declaration]
        for(int i = 0; i < sizeOf(str): i++){
                           ^
../src/Aufgabe 3.P.c.c:14:32: error: expected ';' in 'for' statement specifier
        for(int i = 0; i < sizeOf(str): i++){
                                      ^
../src/Aufgabe 3.P.c.c:14:32: error: expected expression
../src/Aufgabe 3.P.c.c:14:32: error: expected ')'
../src/Aufgabe 3.P.c.c:14:5: note: to match this '('
        for(int i = 0; i < sizeOf(str): i++){
           ^
4 errors generated.
make: *** [src/Aufgabe 3.P.c.o] Error 1
"make all" terminated with exit code 2. Build might be incomplete.
21:18:34 **** Incremental Build of configuration Debug for project c-training ****
make all 
Building file: ../src/Aufgabe 3.P.c.c
Invoking: GCC C Compiler
gcc -O0 -g3 -Wall -c -fmessage-length=0 -MMD -MP -MF"src/Aufgabe 3.P.c.d" -MT"src/Aufgabe 3.P.c.o" -o "src/Aufgabe 3.P.c.o" "../src/Aufgabe 3.P.c.c"
../src/Aufgabe 3.P.c.c:14:32: error: expected ';' in 'for' statement specifier
        for(int i = 0; i < sizeof(str): i++){
                                      ^
../src/Aufgabe 3.P.c.c:14:32: error: expected expression
../src/Aufgabe 3.P.c.c:14:32: error: expected ')'
../src/Aufgabe 3.P.c.c:14:5: note: to match this '('
        for(int i = 0; i < sizeof(str): i++){
           ^
../src/Aufgabe 3.P.c.c:14:17: warning: variable 'i' used in loop condition not modified in loop body [-Wfor-loop-analysis]
        for(int i = 0; i < sizeof(str): i++){
                       ^
1 warning and 3 errors generated.
make: *** [src/Aufgabe 3.P.c.o] Error 1
"make all" terminated with exit code 2. Build might be incomplete.
21:18:53 **** Incremental Build of configuration Debug for project c-training ****
make all 
Building file: ../src/Aufgabe 3.P.c.c
Invoking: GCC C Compiler
gcc -O0 -g3 -Wall -c -fmessage-length=0 -MMD -MP -MF"src/Aufgabe 3.P.c.d" -MT"src/Aufgabe 3.P.c.o" -o "src/Aufgabe 3.P.c.o" "../src/Aufgabe 3.P.c.c"
Finished building: ../src/Aufgabe 3.P.c.c
 
Building target: c-training
Invoking: MacOS X C Linker
gcc  -o "c-training"  ./src/Aufgabe\ 3.P.c.o   
Finished building target: c-training
 
21:18:55 **** Incremental Build of configuration Debug for project c-training ****
make all 
make: Nothing to be done for `all'.
21:19:16 **** Incremental Build of configuration Debug for project c-training ****
make all 
Building file: ../src/Aufgabe 3.P.c.c
Invoking: GCC C Compiler
gcc -O0 -g3 -Wall -c -fmessage-length=0 -MMD -MP -MF"src/Aufgabe 3.P.c.d" -MT"src/Aufgabe 3.P.c.o" -o "src/Aufgabe 3.P.c.o" "../src/Aufgabe 3.P.c.c"
../src/Aufgabe 3.P.c.c:18:14: warning: data argument not used by format string [-Wformat-extra-args]
        printf("s", str_aus);
               ~~~  ^
1 warning generated.
Finished building: ../src/Aufgabe 3.P.c.c
 
Building target: c-training
Invoking: MacOS X C Linker
gcc  -o "c-training"  ./src/Aufgabe\ 3.P.c.o   
Finished building target: c-training
 
21:19:28 **** Incremental Build of configuration Debug for project c-training ****
make all 
Building file: ../src/Aufgabe 3.P.c.c
Invoking: GCC C Compiler
gcc -O0 -g3 -Wall -c -fmessage-length=0 -MMD -MP -MF"src/Aufgabe 3.P.c.d" -MT"src/Aufgabe 3.P.c.o" -o "src/Aufgabe 3.P.c.o" "../src/Aufgabe 3.P.c.c"
Finished building: ../src/Aufgabe 3.P.c.c
 
Building target: c-training
Invoking: MacOS X C Linker
gcc  -o "c-training"  ./src/Aufgabe\ 3.P.c.o   
Finished building target: c-training
 
21:19:29 **** Incremental Build of configuration Debug for project c-training ****
make all 
make: Nothing to be done for `all'.
21:19:45 **** Incremental Build of configuration Debug for project c-training ****
make all 
Building file: ../src/Aufgabe 3.P.c.c
Invoking: GCC C Compiler
gcc -O0 -g3 -Wall -c -fmessage-length=0 -MMD -MP -MF"src/Aufgabe 3.P.c.d" -MT"src/Aufgabe 3.P.c.o" -o "src/Aufgabe 3.P.c.o" "../src/Aufgabe 3.P.c.c"
../src/Aufgabe 3.P.c.c:18:15: warning: format specifies type 'char *' but the argument has type 'char' [-Wformat]
        printf("%s", str_aus[0]);
                ~~   ^~~~~~~~~~
                %c
1 warning generated.
Finished building: ../src/Aufgabe 3.P.c.c
 
Building target: c-training
Invoking: MacOS X C Linker
gcc  -o "c-training"  ./src/Aufgabe\ 3.P.c.o   
Finished building target: c-training
 
21:19:46 **** Incremental Build of configuration Debug for project c-training ****
make all 
make: Nothing to be done for `all'.
21:20:24 **** Incremental Build of configuration Debug for project c-training ****
make all 
Building file: ../src/Aufgabe 3.P.c.c
Invoking: GCC C Compiler
gcc -O0 -g3 -Wall -c -fmessage-length=0 -MMD -MP -MF"src/Aufgabe 3.P.c.d" -MT"src/Aufgabe 3.P.c.o" -o "src/Aufgabe 3.P.c.o" "../src/Aufgabe 3.P.c.c"
../src/Aufgabe 3.P.c.c:14:15: warning: format specifies type 'int' but the argument has type 'unsigned long' [-Wformat]
        printf("%d", sizeof(str[0]));
                ~~   ^~~~~~~~~~~~~~
                %lu
../src/Aufgabe 3.P.c.c:20:15: warning: format specifies type 'char *' but the argument has type 'char' [-Wformat]
        printf("%s", str_aus[0]);
                ~~   ^~~~~~~~~~
                %c
2 warnings generated.
Finished building: ../src/Aufgabe 3.P.c.c
 
Building target: c-training
Invoking: MacOS X C Linker
gcc  -o "c-training"  ./src/Aufgabe\ 3.P.c.o   
Finished building target: c-training
 
21:20:33 **** Incremental Build of configuration Debug for project c-training ****
make all 
Building file: ../src/Aufgabe 3.P.c.c
Invoking: GCC C Compiler
gcc -O0 -g3 -Wall -c -fmessage-length=0 -MMD -MP -MF"src/Aufgabe 3.P.c.d" -MT"src/Aufgabe 3.P.c.o" -o "src/Aufgabe 3.P.c.o" "../src/Aufgabe 3.P.c.c"
../src/Aufgabe 3.P.c.c:20:15: warning: format specifies type 'char *' but the argument has type 'char' [-Wformat]
        printf("%s", str_aus[0]);
                ~~   ^~~~~~~~~~
                %c
1 warning generated.
Finished building: ../src/Aufgabe 3.P.c.c
 
Building target: c-training
Invoking: MacOS X C Linker
gcc  -o "c-training"  ./src/Aufgabe\ 3.P.c.o   
Finished building target: c-training
 
21:20:34 **** Incremental Build of configuration Debug for project c-training ****
make all 
make: Nothing to be done for `all'.
21:22:12 **** Incremental Build of configuration Debug for project c-training ****
make all 
Building file: ../src/Aufgabe 3.P.c.c
Invoking: GCC C Compiler
gcc -O0 -g3 -Wall -c -fmessage-length=0 -MMD -MP -MF"src/Aufgabe 3.P.c.d" -MT"src/Aufgabe 3.P.c.o" -o "src/Aufgabe 3.P.c.o" "../src/Aufgabe 3.P.c.c"
../src/Aufgabe 3.P.c.c:22:15: warning: format specifies type 'char *' but the argument has type 'char' [-Wformat]
        printf("%s", str_aus[0]);
                ~~   ^~~~~~~~~~
                %c
1 warning generated.
Finished building: ../src/Aufgabe 3.P.c.c
 
Building target: c-training
Invoking: MacOS X C Linker
gcc  -o "c-training"  ./src/Aufgabe\ 3.P.c.o   
Finished building target: c-training
 
21:22:15 **** Incremental Build of configuration Debug for project c-training ****
make all 
make: Nothing to be done for `all'.
21:22:30 **** Incremental Build of configuration Debug for project c-training ****
make all 
Building file: ../src/Aufgabe 3.P.c.c
Invoking: GCC C Compiler
gcc -O0 -g3 -Wall -c -fmessage-length=0 -MMD -MP -MF"src/Aufgabe 3.P.c.d" -MT"src/Aufgabe 3.P.c.o" -o "src/Aufgabe 3.P.c.o" "../src/Aufgabe 3.P.c.c"
../src/Aufgabe 3.P.c.c:12:14: warning: format specifies type 'char *' but the argument has type 'char (*)[30]' [-Wformat]
        scanf("%s", &str);
               ~~   ^~~~
../src/Aufgabe 3.P.c.c:22:15: warning: format specifies type 'char *' but the argument has type 'char' [-Wformat]
        printf("%s", str_aus[0]);
                ~~   ^~~~~~~~~~
                %c
2 warnings generated.
Finished building: ../src/Aufgabe 3.P.c.c
 
Building target: c-training
Invoking: MacOS X C Linker
gcc  -o "c-training"  ./src/Aufgabe\ 3.P.c.o   
Finished building target: c-training
 
21:22:39 **** Incremental Build of configuration Debug for project c-training ****
make all 
Building file: ../src/Aufgabe 3.P.c.c
Invoking: GCC C Compiler
gcc -O0 -g3 -Wall -c -fmessage-length=0 -MMD -MP -MF"src/Aufgabe 3.P.c.d" -MT"src/Aufgabe 3.P.c.o" -o "src/Aufgabe 3.P.c.o" "../src/Aufgabe 3.P.c.c"
../src/Aufgabe 3.P.c.c:22:15: warning: format specifies type 'char *' but the argument has type 'char' [-Wformat]
        printf("%s", str_aus[0]);
                ~~   ^~~~~~~~~~
                %c
1 warning generated.
Finished building: ../src/Aufgabe 3.P.c.c
 
Building target: c-training
Invoking: MacOS X C Linker
gcc  -o "c-training"  ./src/Aufgabe\ 3.P.c.o   
Finished building target: c-training
 
21:22:39 **** Incremental Build of configuration Debug for project c-training ****
make all 
make: Nothing to be done for `all'.
21:22:40 **** Incremental Build of configuration Debug for project c-training ****
make all 
make: Nothing to be done for `all'.
21:22:42 **** Incremental Build of configuration Debug for project c-training ****
make all 
make: Nothing to be done for `all'.
21:22:44 **** Incremental Build of configuration Debug for project c-training ****
make all 
make: Nothing to be done for `all'.
21:23:57 **** Incremental Build of configuration Debug for project c-training ****
make all 
Building file: ../src/Aufgabe 3.P.c.c
Invoking: GCC C Compiler
gcc -O0 -g3 -Wall -c -fmessage-length=0 -MMD -MP -MF"src/Aufgabe 3.P.c.d" -MT"src/Aufgabe 3.P.c.o" -o "src/Aufgabe 3.P.c.o" "../src/Aufgabe 3.P.c.c"
../src/Aufgabe 3.P.c.c:22:15: warning: format specifies type 'char *' but the argument has type 'char' [-Wformat]
        printf("%s", str_aus[0]);
                ~~   ^~~~~~~~~~
                %c
../src/Aufgabe 3.P.c.c:12:16: warning: 'scanf' may overflow; destination buffer in argument 2 has size 30, but the corresponding specifier may require size 31 [-Wfortify-source]
        scanf("%30s", str);
                      ^
2 warnings generated.
Finished building: ../src/Aufgabe 3.P.c.c
 
Building target: c-training
Invoking: MacOS X C Linker
gcc  -o "c-training"  ./src/Aufgabe\ 3.P.c.o   
Finished building target: c-training
 
21:24:11 **** Incremental Build of configuration Debug for project c-training ****
make all 
Building file: ../src/Aufgabe 3.P.c.c
Invoking: GCC C Compiler
gcc -O0 -g3 -Wall -c -fmessage-length=0 -MMD -MP -MF"src/Aufgabe 3.P.c.d" -MT"src/Aufgabe 3.P.c.o" -o "src/Aufgabe 3.P.c.o" "../src/Aufgabe 3.P.c.c"
../src/Aufgabe 3.P.c.c:22:15: warning: format specifies type 'char *' but the argument has type 'char' [-Wformat]
        printf("%s", str_aus[0]);
                ~~   ^~~~~~~~~~
                %c
1 warning generated.
Finished building: ../src/Aufgabe 3.P.c.c
 
Building target: c-training
Invoking: MacOS X C Linker
gcc  -o "c-training"  ./src/Aufgabe\ 3.P.c.o   
Finished building target: c-training
 
21:24:27 **** Incremental Build of configuration Debug for project c-training ****
make all 
Building file: ../src/Aufgabe 3.P.c.c
Invoking: GCC C Compiler
gcc -O0 -g3 -Wall -c -fmessage-length=0 -MMD -MP -MF"src/Aufgabe 3.P.c.d" -MT"src/Aufgabe 3.P.c.o" -o "src/Aufgabe 3.P.c.o" "../src/Aufgabe 3.P.c.c"
Finished building: ../src/Aufgabe 3.P.c.c
 
Building target: c-training
Invoking: MacOS X C Linker
gcc  -o "c-training"  ./src/Aufgabe\ 3.P.c.o   
Finished building target: c-training
 
21:24:28 **** Incremental Build of configuration Debug for project c-training ****
make all 
make: Nothing to be done for `all'.
21:24:53 **** Incremental Build of configuration Debug for project c-training ****
make all 
Building file: ../src/Aufgabe 3.P.c.c
Invoking: GCC C Compiler
gcc -O0 -g3 -Wall -c -fmessage-length=0 -MMD -MP -MF"src/Aufgabe 3.P.c.d" -MT"src/Aufgabe 3.P.c.o" -o "src/Aufgabe 3.P.c.o" "../src/Aufgabe 3.P.c.c"
Finished building: ../src/Aufgabe 3.P.c.c
 
Building target: c-training
Invoking: MacOS X C Linker
gcc  -o "c-training"  ./src/Aufgabe\ 3.P.c.o   
Finished building target: c-training
 
21:24:53 **** Incremental Build of configuration Debug for project c-training ****
make all 
make: Nothing to be done for `all'.
21:25:05 **** Incremental Build of configuration Debug for project c-training ****
make all 
Building file: ../src/Aufgabe 3.P.c.c
Invoking: GCC C Compiler
gcc -O0 -g3 -Wall -c -fmessage-length=0 -MMD -MP -MF"src/Aufgabe 3.P.c.d" -MT"src/Aufgabe 3.P.c.o" -o "src/Aufgabe 3.P.c.o" "../src/Aufgabe 3.P.c.c"
Finished building: ../src/Aufgabe 3.P.c.c
 
Building target: c-training
Invoking: MacOS X C Linker
gcc  -o "c-training"  ./src/Aufgabe\ 3.P.c.o   
Finished building target: c-training
 
21:25:06 **** Incremental Build of configuration Debug for project c-training ****
make all 
make: Nothing to be done for `all'.
21:26:17 **** Incremental Build of configuration Debug for project c-training ****
make all 
Building file: ../src/Aufgabe 3.P.c.c
Invoking: GCC C Compiler
gcc -O0 -g3 -Wall -c -fmessage-length=0 -MMD -MP -MF"src/Aufgabe 3.P.c.d" -MT"src/Aufgabe 3.P.c.o" -o "src/Aufgabe 3.P.c.o" "../src/Aufgabe 3.P.c.c"
Finished building: ../src/Aufgabe 3.P.c.c
 
Building target: c-training
Invoking: MacOS X C Linker
gcc  -o "c-training"  ./src/Aufgabe\ 3.P.c.o   
Finished building target: c-training
 
21:26:17 **** Incremental Build of configuration Debug for project c-training ****
make all 
make: Nothing to be done for `all'.
21:27:14 **** Incremental Build of configuration Debug for project c-training ****
make all 
Building file: ../src/Aufgabe 3.P.c.c
Invoking: GCC C Compiler
gcc -O0 -g3 -Wall -c -fmessage-length=0 -MMD -MP -MF"src/Aufgabe 3.P.c.d" -MT"src/Aufgabe 3.P.c.o" -o "src/Aufgabe 3.P.c.o" "../src/Aufgabe 3.P.c.c"
Finished building: ../src/Aufgabe 3.P.c.c
 
Building target: c-training
Invoking: MacOS X C Linker
gcc  -o "c-training"  ./src/Aufgabe\ 3.P.c.o   
Finished building target: c-training
 
21:27:14 **** Incremental Build of configuration Debug for project c-training ****
make all 
make: Nothing to be done for `all'.
21:29:38 **** Incremental Build of configuration Debug for project c-training ****
make all 
Building file: ../src/Aufgabe 3.P.c.c
Invoking: GCC C Compiler
gcc -O0 -g3 -Wall -c -fmessage-length=0 -MMD -MP -MF"src/Aufgabe 3.P.c.d" -MT"src/Aufgabe 3.P.c.o" -o "src/Aufgabe 3.P.c.o" "../src/Aufgabe 3.P.c.c"
Finished building: ../src/Aufgabe 3.P.c.c
 
Building target: c-training
Invoking: MacOS X C Linker
gcc  -o "c-training"  ./src/Aufgabe\ 3.P.c.o   
Finished building target: c-training
 
21:29:40 **** Incremental Build of configuration Debug for project c-training ****
make all 
make: Nothing to be done for `all'.
21:30:18 **** Incremental Build of configuration Debug for project c-training ****
make all 
Building file: ../src/Aufgabe 3.P.c.c
Invoking: GCC C Compiler
gcc -O0 -g3 -Wall -c -fmessage-length=0 -MMD -MP -MF"src/Aufgabe 3.P.c.d" -MT"src/Aufgabe 3.P.c.o" -o "src/Aufgabe 3.P.c.o" "../src/Aufgabe 3.P.c.c"
Finished building: ../src/Aufgabe 3.P.c.c
 
Building target: c-training
Invoking: MacOS X C Linker
gcc  -o "c-training"  ./src/Aufgabe\ 3.P.c.o   
Finished building target: c-training
 
21:30:19 **** Incremental Build of configuration Debug for project c-training ****
make all 
make: Nothing to be done for `all'.
21:30:35 **** Incremental Build of configuration Debug for project c-training ****
make all 
Building file: ../src/Aufgabe 3.P.c.c
Invoking: GCC C Compiler
gcc -O0 -g3 -Wall -c -fmessage-length=0 -MMD -MP -MF"src/Aufgabe 3.P.c.d" -MT"src/Aufgabe 3.P.c.o" -o "src/Aufgabe 3.P.c.o" "../src/Aufgabe 3.P.c.c"
../src/Aufgabe 3.P.c.c:28:14: warning: data argument not used by format string [-Wformat-extra-args]
        printf("s", str_aus);
               ~~~  ^
1 warning generated.
Finished building: ../src/Aufgabe 3.P.c.c
 
Building target: c-training
Invoking: MacOS X C Linker
gcc  -o "c-training"  ./src/Aufgabe\ 3.P.c.o   
Finished building target: c-training
 
21:32:05 **** Incremental Build of configuration Debug for project c-training ****
make all 
Building file: ../src/Aufgabe 3.P.c.c
Invoking: GCC C Compiler
gcc -O0 -g3 -Wall -c -fmessage-length=0 -MMD -MP -MF"src/Aufgabe 3.P.c.d" -MT"src/Aufgabe 3.P.c.o" -o "src/Aufgabe 3.P.c.o" "../src/Aufgabe 3.P.c.c"
Finished building: ../src/Aufgabe 3.P.c.c
 
Building target: c-training
Invoking: MacOS X C Linker
gcc  -o "c-training"  ./src/Aufgabe\ 3.P.c.o   
Finished building target: c-training
 
21:32:06 **** Incremental Build of configuration Debug for project c-training ****
make all 
make: Nothing to be done for `all'.
21:32:29 **** Incremental Build of configuration Debug for project c-training ****
make all 
make: Nothing to be done for `all'.
21:32:30 **** Incremental Build of configuration Debug for project c-training ****
make all 
make: Nothing to be done for `all'.
21:33:49 **** Incremental Build of configuration Debug for project c-training ****
make all 
Building file: ../src/Aufgabe 3.P.c.c
Invoking: GCC C Compiler
gcc -O0 -g3 -Wall -c -fmessage-length=0 -MMD -MP -MF"src/Aufgabe 3.P.c.d" -MT"src/Aufgabe 3.P.c.o" -o "src/Aufgabe 3.P.c.o" "../src/Aufgabe 3.P.c.c"
Finished building: ../src/Aufgabe 3.P.c.c
 
Building target: c-training
Invoking: MacOS X C Linker
gcc  -o "c-training"  ./src/Aufgabe\ 3.P.c.o   
Finished building target: c-training
 
21:33:52 **** Incremental Build of configuration Debug for project c-training ****
make all 
make: Nothing to be done for `all'.
21:34:45 **** Incremental Build of configuration Debug for project c-training ****
make all 
Building file: ../src/Aufgabe 3.P.c.c
Invoking: GCC C Compiler
gcc -O0 -g3 -Wall -c -fmessage-length=0 -MMD -MP -MF"src/Aufgabe 3.P.c.d" -MT"src/Aufgabe 3.P.c.o" -o "src/Aufgabe 3.P.c.o" "../src/Aufgabe 3.P.c.c"
Finished building: ../src/Aufgabe 3.P.c.c
 
Building target: c-training
Invoking: MacOS X C Linker
gcc  -o "c-training"  ./src/Aufgabe\ 3.P.c.o   
Finished building target: c-training
 
21:34:45 **** Incremental Build of configuration Debug for project c-training ****
make all 
make: Nothing to be done for `all'.
21:35:05 **** Incremental Build of configuration Debug for project c-training ****
make all 
make: Nothing to be done for `all'.
21:35:05 **** Incremental Build of configuration Debug for project c-training ****
make all 
make: Nothing to be done for `all'.
21:35:27 **** Incremental Build of configuration Debug for project c-training ****
make all 
make: Nothing to be done for `all'.
21:35:36 **** Incremental Build of configuration Debug for project c-training ****
make all 
Building file: ../src/Aufgabe 3.P.c.c
Invoking: GCC C Compiler
gcc -O0 -g3 -Wall -c -fmessage-length=0 -MMD -MP -MF"src/Aufgabe 3.P.c.d" -MT"src/Aufgabe 3.P.c.o" -o "src/Aufgabe 3.P.c.o" "../src/Aufgabe 3.P.c.c"
../src/Aufgabe 3.P.c.c:25:23: error: invalid operands to binary expression ('char' and 'char[16]')
                str_aus[i] = str[i] ^ "aodfkjdsfogbn";
                             ~~~~~~ ^ ~~~~~~~~~~~~~~~~
1 error generated.
make: *** [src/Aufgabe 3.P.c.o] Error 1
"make all" terminated with exit code 2. Build might be incomplete.
21:35:38 **** Incremental Build of configuration Debug for project c-training ****
make all 
Building file: ../src/Aufgabe 3.P.c.c
Invoking: GCC C Compiler
gcc -O0 -g3 -Wall -c -fmessage-length=0 -MMD -MP -MF"src/Aufgabe 3.P.c.d" -MT"src/Aufgabe 3.P.c.o" -o "src/Aufgabe 3.P.c.o" "../src/Aufgabe 3.P.c.c"
../src/Aufgabe 3.P.c.c:25:23: error: invalid operands to binary expression ('char' and 'char[16]')
                str_aus[i] = str[i] ^ "aodfkjdsfogbn";
                             ~~~~~~ ^ ~~~~~~~~~~~~~~~~
1 error generated.
make: *** [src/Aufgabe 3.P.c.o] Error 1
"make all" terminated with exit code 2. Build might be incomplete.
21:35:51 **** Incremental Build of configuration Debug for project c-training ****
make all 
Building file: ../src/Aufgabe 3.P.c.c
Invoking: GCC C Compiler
gcc -O0 -g3 -Wall -c -fmessage-length=0 -MMD -MP -MF"src/Aufgabe 3.P.c.d" -MT"src/Aufgabe 3.P.c.o" -o "src/Aufgabe 3.P.c.o" "../src/Aufgabe 3.P.c.c"
Finished building: ../src/Aufgabe 3.P.c.c
 
Building target: c-training
Invoking: MacOS X C Linker
gcc  -o "c-training"  ./src/Aufgabe\ 3.P.c.o   
Finished building target: c-training
 
21:35:53 **** Incremental Build of configuration Debug for project c-training ****
make all 
make: Nothing to be done for `all'.
21:35:59 **** Incremental Build of configuration Debug for project c-training ****
make all 
make: Nothing to be done for `all'.
21:36:02 **** Incremental Build of configuration Debug for project c-training ****
make all 
make: Nothing to be done for `all'.
21:36:07 **** Incremental Build of configuration Debug for project c-training ****
make all 
make: Nothing to be done for `all'.
21:36:08 **** Incremental Build of configuration Debug for project c-training ****
make all 
make: Nothing to be done for `all'.
21:36:12 **** Incremental Build of configuration Debug for project c-training ****
make all 
make: Nothing to be done for `all'.
21:36:12 **** Incremental Build of configuration Debug for project c-training ****
make all 
make: Nothing to be done for `all'.
21:36:16 **** Incremental Build of configuration Debug for project c-training ****
make all 
make: Nothing to be done for `all'.
21:36:17 **** Incremental Build of configuration Debug for project c-training ****
make all 
make: Nothing to be done for `all'.
21:36:46 **** Incremental Build of configuration Debug for project c-training ****
make all 
make: Nothing to be done for `all'.
21:36:49 **** Incremental Build of configuration Debug for project c-training ****
make all 
Building file: ../src/Aufgabe 3.P.c.c
Invoking: GCC C Compiler
gcc -O0 -g3 -Wall -c -fmessage-length=0 -MMD -MP -MF"src/Aufgabe 3.P.c.d" -MT"src/Aufgabe 3.P.c.o" -o "src/Aufgabe 3.P.c.o" "../src/Aufgabe 3.P.c.c"
Finished building: ../src/Aufgabe 3.P.c.c
 
Building target: c-training
Invoking: MacOS X C Linker
gcc  -o "c-training"  ./src/Aufgabe\ 3.P.c.o   
Finished building target: c-training
 
21:38:36 **** Incremental Build of configuration Debug for project c-training ****
make all 
make: Nothing to be done for `all'.
21:38:36 **** Incremental Build of configuration Debug for project c-training ****
make all 
make: Nothing to be done for `all'.
21:38:39 **** Incremental Build of configuration Debug for project c-training ****
make all 
make: Nothing to be done for `all'.
21:39:01 **** Incremental Build of configuration Debug for project c-training ****
make all 
make: Nothing to be done for `all'.
21:39:32 **** Incremental Build of configuration Debug for project c-training ****
make all 
make: Nothing to be done for `all'.
21:39:33 **** Incremental Build of configuration Debug for project c-training ****
make all 
make: Nothing to be done for `all'.
21:39:36 **** Incremental Build of configuration Debug for project c-training ****
make all 
make: Nothing to be done for `all'.
21:39:39 **** Incremental Build of configuration Debug for project c-training ****
make all 
make: Nothing to be done for `all'.
21:39:41 **** Incremental Build of configuration Debug for project c-training ****
make all 
make: Nothing to be done for `all'.
21:39:42 **** Incremental Build of configuration Debug for project c-training ****
make all 
make: Nothing to be done for `all'.
21:40:37 **** Incremental Build of configuration Debug for project c-training ****
make all 
Building file: ../src/Aufgabe 3.P.c.c
Invoking: GCC C Compiler
gcc -O0 -g3 -Wall -c -fmessage-length=0 -MMD -MP -MF"src/Aufgabe 3.P.c.d" -MT"src/Aufgabe 3.P.c.o" -o "src/Aufgabe 3.P.c.o" "../src/Aufgabe 3.P.c.c"
Finished building: ../src/Aufgabe 3.P.c.c
 
Building target: c-training
Invoking: MacOS X C Linker
gcc  -o "c-training"  ./src/Aufgabe\ 3.P.c.o   
Finished building target: c-training
 
21:40:37 **** Incremental Build of configuration Debug for project c-training ****
make all 
make: Nothing to be done for `all'.
21:40:53 **** Incremental Build of configuration Debug for project c-training ****
make all 
Building file: ../src/Aufgabe 3.P.c.c
Invoking: GCC C Compiler
gcc -O0 -g3 -Wall -c -fmessage-length=0 -MMD -MP -MF"src/Aufgabe 3.P.c.d" -MT"src/Aufgabe 3.P.c.o" -o "src/Aufgabe 3.P.c.o" "../src/Aufgabe 3.P.c.c"
Finished building: ../src/Aufgabe 3.P.c.c
 
Building target: c-training
Invoking: MacOS X C Linker
gcc  -o "c-training"  ./src/Aufgabe\ 3.P.c.o   
Finished building target: c-training
 
21:40:54 **** Incremental Build of configuration Debug for project c-training ****
make all 
make: Nothing to be done for `all'.
21:41:12 **** Incremental Build of configuration Debug for project c-training ****
make all 
make: Nothing to be done for `all'.
21:41:12 **** Incremental Build of configuration Debug for project c-training ****
make all 
make: Nothing to be done for `all'.
21:42:06 **** Incremental Build of configuration Debug for project c-training ****
make all 
Building file: ../src/Aufgabe 3.P.c.c
Invoking: GCC C Compiler
gcc -O0 -g3 -Wall -c -fmessage-length=0 -MMD -MP -MF"src/Aufgabe 3.P.c.d" -MT"src/Aufgabe 3.P.c.o" -o "src/Aufgabe 3.P.c.o" "../src/Aufgabe 3.P.c.c"
Finished building: ../src/Aufgabe 3.P.c.c
 
Building target: c-training
Invoking: MacOS X C Linker
gcc  -o "c-training"  ./src/Aufgabe\ 3.P.c.o   
Finished building target: c-training
 
21:42:07 **** Incremental Build of configuration Debug for project c-training ****
make all 
make: Nothing to be done for `all'.
21:42:53 **** Incremental Build of configuration Debug for project c-training ****
make all 
Building file: ../src/Aufgabe 3.P.c.c
Invoking: GCC C Compiler
gcc -O0 -g3 -Wall -c -fmessage-length=0 -MMD -MP -MF"src/Aufgabe 3.P.c.d" -MT"src/Aufgabe 3.P.c.o" -o "src/Aufgabe 3.P.c.o" "../src/Aufgabe 3.P.c.c"
Finished building: ../src/Aufgabe 3.P.c.c
 
Building target: c-training
Invoking: MacOS X C Linker
gcc  -o "c-training"  ./src/Aufgabe\ 3.P.c.o   
Finished building target: c-training
 
21:42:53 **** Incremental Build of configuration Debug for project c-training ****
make all 
make: Nothing to be done for `all'.
21:43:01 **** Incremental Build of configuration Debug for project c-training ****
make all 
make: Nothing to be done for `all'.
21:43:01 **** Incremental Build of configuration Debug for project c-training ****
make all 
make: Nothing to be done for `all'.
21:43:06 **** Incremental Build of configuration Debug for project c-training ****
make all 
make: Nothing to be done for `all'.
21:43:06 **** Incremental Build of configuration Debug for project c-training ****
make all 
make: Nothing to be done for `all'.
21:43:10 **** Incremental Build of configuration Debug for project c-training ****
make all 
make: Nothing to be done for `all'.
21:43:10 **** Incremental Build of configuration Debug for project c-training ****
make all 
make: Nothing to be done for `all'.
21:43:17 **** Incremental Build of configuration Debug for project c-training ****
make all 
Building file: ../src/Aufgabe 3.P.c.c
Invoking: GCC C Compiler
gcc -O0 -g3 -Wall -c -fmessage-length=0 -MMD -MP -MF"src/Aufgabe 3.P.c.d" -MT"src/Aufgabe 3.P.c.o" -o "src/Aufgabe 3.P.c.o" "../src/Aufgabe 3.P.c.c"
Finished building: ../src/Aufgabe 3.P.c.c
 
Building target: c-training
Invoking: MacOS X C Linker
gcc  -o "c-training"  ./src/Aufgabe\ 3.P.c.o   
Finished building target: c-training
 
21:43:18 **** Incremental Build of configuration Debug for project c-training ****
make all 
make: Nothing to be done for `all'.
21:43:24 **** Incremental Build of configuration Debug for project c-training ****
make all 
make: Nothing to be done for `all'.
21:43:24 **** Incremental Build of configuration Debug for project c-training ****
make all 
make: Nothing to be done for `all'.
21:43:28 **** Incremental Build of configuration Debug for project c-training ****
make all 
make: Nothing to be done for `all'.
21:43:29 **** Incremental Build of configuration Debug for project c-training ****
make all 
make: Nothing to be done for `all'.
21:43:33 **** Incremental Build of configuration Debug for project c-training ****
make all 
make: Nothing to be done for `all'.
21:43:33 **** Incremental Build of configuration Debug for project c-training ****
make all 
make: Nothing to be done for `all'.
21:43:39 **** Incremental Build of configuration Debug for project c-training ****
make all 
make: Nothing to be done for `all'.
21:43:39 **** Incremental Build of configuration Debug for project c-training ****
make all 
make: Nothing to be done for `all'.
21:43:47 **** Incremental Build of configuration Debug for project c-training ****
make all 
make: Nothing to be done for `all'.
21:43:48 **** Incremental Build of configuration Debug for project c-training ****
make all 
make: Nothing to be done for `all'.
21:43:51 **** Incremental Build of configuration Debug for project c-training ****
make all 
make: Nothing to be done for `all'.
